SF:lib/providers.g.dart
DA:14,40
DA:15,0
DA:25,1
DA:26,1
DA:28,1
DA:31,1
DA:33,0
DA:35,0
DA:39,2
DA:40,2
DA:42,2
DA:47,1
DA:55,40
DA:56,0
DA:66,1
DA:67,1
DA:69,1
DA:72,1
DA:74,0
DA:76,0
DA:80,0
DA:81,0
DA:83,0
DA:88,1
DA:99,14
DA:102,14
DA:110,14
DA:111,14
DA:113,0
DA:115,0
DA:117,0
DA:120,14
DA:123,14
DA:125,2
DA:127,2
DA:128,2
DA:132,0
DA:133,0
DA:135,0
DA:139,14
DA:141,56
DA:144,14
DA:146,28
DA:150,14
DA:154,40
DA:155,0
DA:163,14
DA:164,14
DA:166,0
DA:176,40
DA:177,0
DA:187,2
DA:188,2
DA:190,2
DA:193,2
DA:195,2
DA:197,2
DA:201,0
DA:202,0
DA:204,0
DA:209,2
DA:217,2
DA:220,2
DA:228,2
DA:229,2
DA:231,0
DA:233,0
DA:235,0
DA:238,2
DA:241,2
DA:243,0
DA:245,0
DA:246,0
DA:250,0
DA:251,0
DA:253,0
DA:257,2
DA:259,8
DA:262,2
DA:264,4
DA:268,2
DA:273,40
DA:274,0
DA:282,2
DA:283,2
DA:285,0
DA:300,40
DA:301,0
DA:315,8
DA:316,8
DA:318,8
DA:322,8
DA:324,8
DA:326,8
DA:330,0
DA:331,0
DA:333,0
DA:338,8
DA:347,13
DA:350,13
DA:358,11
DA:359,11
DA:361,0
DA:363,0
DA:365,0
DA:368,11
DA:371,11
DA:373,9
DA:375,9
DA:376,9
DA:380,0
DA:381,0
DA:383,0
DA:387,11
DA:389,38
DA:392,13
DA:394,26
DA:398,11
DA:402,40
DA:403,0
DA:411,13
DA:412,13
DA:414,0
DA:424,40
DA:425,0
DA:435,22
DA:436,22
DA:438,22
DA:441,22
DA:443,22
DA:445,22
DA:449,0
DA:450,0
DA:452,0
DA:457,22
DA:465,0
DA:466,0
DA:474,0
DA:475,0
DA:477,0
DA:479,0
DA:481,0
DA:484,0
DA:487,0
DA:489,0
DA:491,0
DA:492,0
DA:496,0
DA:497,0
DA:499,0
DA:503,0
DA:505,0
DA:508,0
DA:510,0
DA:514,0
DA:518,40
DA:519,0
DA:527,0
DA:529,0
DA:539,0
DA:542,0
DA:550,0
DA:551,0
DA:553,0
DA:555,0
DA:557,0
DA:560,0
DA:563,0
DA:565,0
DA:567,0
DA:568,0
DA:572,0
DA:573,0
DA:575,0
DA:579,0
DA:581,0
DA:584,0
DA:586,0
DA:590,0
DA:594,40
DA:595,0
DA:603,0
DA:604,0
DA:606,0
DA:616,40
DA:617,0
DA:627,20
DA:628,20
DA:630,20
DA:633,20
DA:635,20
DA:637,20
DA:641,0
DA:642,0
DA:644,0
DA:649,20
DA:657,40
DA:658,0
DA:668,0
DA:669,0
DA:671,0
DA:674,0
DA:676,0
DA:678,0
DA:682,24
DA:683,24
DA:685,24
DA:690,0
DA:698,40
DA:699,0
DA:713,9
DA:714,9
DA:716,9
DA:719,9
DA:721,9
DA:723,9
DA:727,1
DA:728,1
DA:730,1
DA:735,9
DA:743,40
DA:744,0
DA:758,10
DA:759,10
DA:761,10
DA:764,10
DA:766,10
DA:768,10
DA:772,1
DA:773,1
DA:775,1
DA:780,10
LF:232
LH:123
end_of_record
SF:lib/providers.dart
DA:43,0
DA:45,0
DA:46,0
DA:50,0
DA:53,2
DA:58,2
DA:59,0
DA:60,2
DA:62,4
DA:64,4
DA:66,0
DA:68,2
DA:69,2
DA:77,2
DA:78,2
DA:80,0
DA:83,0
DA:84,0
DA:87,0
DA:89,0
DA:91,0
DA:93,0
DA:95,0
DA:104,0
DA:105,0
DA:106,0
DA:107,0
DA:108,0
DA:112,27
DA:113,36
DA:116,8
DA:118,40
DA:121,9
DA:123,9
DA:124,18
DA:126,18
DA:127,18
DA:130,22
DA:131,22
DA:133,0
DA:135,0
DA:136,0
DA:137,0
DA:140,0
DA:141,0
DA:142,0
DA:143,0
DA:147,0
DA:148,0
DA:151,54
DA:152,32
DA:155,72
DA:156,34
DA:159,0
DA:160,0
DA:163,48
DA:164,24
DA:165,24
DA:168,0
DA:169,0
DA:172,20
DA:173,20
DA:174,20
DA:177,20
DA:189,15
DA:190,15
DA:192,24
DA:194,36
DA:197,0
DA:198,0
DA:200,9
DA:202,9
DA:203,27
DA:205,18
DA:208,10
DA:210,10
DA:211,30
DA:213,20
DA:216,0
DA:217,0
DA:221,0
DA:223,0
DA:224,0
DA:225,0
DA:227,0
DA:228,0
DA:232,0
DA:233,0
DA:235,0
DA:236,0
DA:240,0
DA:241,0
DA:243,0
DA:244,0
DA:248,0
DA:249,0
DA:251,0
DA:252,0
DA:256,0
DA:257,0
DA:259,0
DA:260,0
DA:264,0
DA:265,0
DA:267,0
DA:268,0
DA:272,0
DA:273,0
DA:275,0
DA:276,0
DA:280,0
DA:281,0
DA:283,0
DA:284,0
DA:288,0
DA:289,0
DA:291,0
DA:292,0
LF:118
LH:43
end_of_record
SF:lib/repository/account_repository.g.dart
DA:14,40
DA:15,0
DA:25,23
DA:26,23
DA:28,23
DA:30,23
DA:33,0
DA:34,0
DA:36,0
DA:41,23
DA:45,23
DA:48,23
DA:49,23
DA:51,23
DA:58,23
LF:15
LH:11
end_of_record
SF:lib/repository/account_repository.dart
DA:25,1
DA:31,1
DA:37,0
DA:43,1
DA:50,0
DA:61,23
DA:67,0
DA:69,0
DA:70,0
DA:71,0
DA:74,0
DA:76,0
DA:77,0
DA:78,0
DA:79,0
DA:80,0
DA:82,0
DA:86,23
DA:88,23
DA:91,0
DA:92,0
DA:93,0
DA:98,0
DA:104,0
DA:105,0
DA:106,0
DA:107,0
DA:109,0
DA:110,0
DA:111,0
DA:112,0
DA:114,0
DA:119,0
DA:121,0
DA:124,0
DA:129,0
DA:130,0
DA:131,0
DA:132,0
DA:133,0
DA:135,0
DA:136,0
DA:137,0
DA:138,0
DA:140,0
DA:141,0
DA:142,0
DA:143,0
DA:144,0
DA:146,0
DA:149,0
DA:150,0
DA:151,0
DA:152,0
DA:153,0
DA:155,0
DA:156,0
DA:157,0
DA:158,0
DA:160,0
DA:161,0
DA:162,0
DA:164,0
DA:165,0
DA:168,0
DA:169,0
DA:171,0
DA:173,0
DA:174,0
DA:175,0
DA:176,0
DA:177,0
DA:178,0
DA:179,0
DA:181,0
DA:182,0
DA:184,0
DA:185,0
DA:188,0
DA:189,0
DA:190,0
DA:191,0
DA:192,0
DA:193,0
DA:195,0
DA:196,0
DA:198,0
DA:199,0
DA:204,0
DA:207,0
DA:211,0
DA:212,0
DA:213,0
DA:214,0
DA:215,0
DA:219,0
DA:220,0
DA:221,0
DA:224,0
DA:225,0
DA:226,0
DA:228,0
DA:229,0
DA:230,0
DA:233,0
DA:234,0
DA:235,0
DA:237,0
DA:238,0
DA:239,0
DA:242,0
DA:243,0
DA:244,0
DA:246,0
DA:247,0
DA:248,0
DA:251,0
DA:252,0
DA:253,0
DA:254,0
DA:255,0
DA:256,0
DA:259,1
DA:265,1
DA:267,1
DA:270,1
DA:271,1
DA:272,1
DA:273,1
DA:274,1
DA:278,3
DA:281,2
DA:282,0
DA:283,0
DA:284,0
DA:286,1
DA:288,4
DA:289,3
DA:290,1
DA:292,2
DA:294,2
DA:295,0
DA:298,2
DA:302,4
DA:303,1
DA:304,0
DA:305,1
DA:306,1
DA:307,2
DA:308,1
DA:310,0
DA:311,0
DA:312,0
DA:313,0
DA:314,0
DA:316,0
DA:317,0
DA:321,0
DA:322,0
DA:323,0
DA:324,0
DA:325,0
DA:329,1
DA:330,1
DA:331,1
DA:336,0
DA:341,0
DA:342,0
DA:343,0
DA:348,0
DA:349,0
DA:350,0
DA:351,0
DA:356,0
DA:357,0
DA:359,0
DA:362,0
DA:363,0
DA:364,0
DA:365,0
DA:366,0
DA:367,0
DA:369,0
DA:370,0
DA:376,0
DA:377,0
DA:378,0
DA:379,0
DA:380,0
DA:381,0
DA:385,0
DA:386,0
DA:391,1
DA:392,1
DA:393,0
DA:394,0
DA:396,0
DA:399,0
DA:400,0
DA:401,0
DA:402,0
DA:403,0
DA:408,0
DA:409,0
DA:414,0
DA:415,0
DA:416,0
DA:417,0
DA:418,0
DA:419,0
DA:420,0
DA:421,0
DA:423,0
DA:424,0
DA:430,0
DA:431,0
DA:432,0
DA:433,0
DA:434,0
DA:435,0
DA:439,0
DA:440,0
DA:445,0
DA:446,0
DA:447,0
DA:450,0
DA:451,0
DA:452,0
DA:454,0
DA:455,0
DA:456,0
DA:457,0
DA:460,0
DA:461,0
DA:462,0
DA:463,0
DA:464,0
DA:465,0
DA:467,0
DA:470,0
DA:471,0
DA:473,0
LF:242
LH:34
end_of_record
SF:lib/repository/account_settings_repository.dart
DA:13,0
DA:15,0
DA:16,0
DA:17,0
DA:22,0
DA:23,0
DA:24,0
DA:25,0
DA:28,0
DA:29,0
DA:35,0
DA:36,0
DA:43,0
DA:44,0
DA:45,0
DA:46,0
DA:47,0
DA:51,0
DA:55,0
DA:56,0
DA:57,0
DA:58,0
DA:59,0
DA:60,0
DA:63,0
DA:64,0
DA:65,0
DA:66,0
DA:67,0
DA:68,0
DA:69,0
DA:73,0
DA:74,0
DA:75,0
DA:77,0
DA:78,0
DA:81,16
DA:82,32
DA:83,0
DA:85,48
DA:88,16
DA:89,32
LF:42
LH:5
end_of_record
SF:lib/repository/emoji_repository.dart
DA:34,8
DA:48,9
DA:57,0
DA:59,0
DA:60,0
DA:62,0
DA:65,0
DA:68,0
DA:70,0
DA:71,0
DA:73,0
DA:74,0
DA:75,0
DA:76,0
DA:79,0
DA:80,0
DA:81,0
DA:82,0
DA:85,0
DA:88,0
DA:90,0
DA:91,0
DA:92,0
DA:93,0
DA:94,0
DA:95,0
DA:96,0
DA:97,0
DA:98,0
DA:99,0
DA:100,0
DA:107,0
DA:109,0
DA:111,0
DA:112,0
DA:113,0
DA:114,0
DA:115,0
DA:116,0
DA:117,0
DA:118,0
DA:119,0
DA:120,0
DA:121,0
DA:125,0
DA:126,0
DA:127,0
DA:128,0
DA:129,0
DA:130,0
DA:131,0
DA:133,0
DA:135,0
DA:136,0
DA:137,0
DA:138,0
DA:141,0
DA:142,0
DA:144,0
DA:145,0
DA:146,0
DA:147,0
DA:151,0
DA:156,0
DA:157,0
DA:160,0
DA:162,0
DA:163,0
DA:164,0
DA:167,0
DA:168,0
DA:169,0
DA:170,0
DA:173,0
DA:174,0
DA:175,0
DA:176,0
DA:177,0
DA:178,0
DA:179,0
DA:180,0
DA:181,0
DA:182,0
DA:183,0
DA:184,0
DA:185,0
DA:187,0
DA:188,0
DA:189,0
DA:192,0
DA:193,0
DA:194,0
DA:195,0
DA:198,0
DA:200,0
DA:201,0
DA:202,0
DA:203,0
DA:204,0
DA:207,0
DA:208,0
DA:209,0
DA:210,0
LF:103
LH:2
end_of_record
SF:lib/repository/general_settings_repository.dart
DA:9,34
DA:11,0
DA:12,0
DA:13,0
DA:14,0
DA:19,0
DA:20,0
DA:22,0
DA:26,0
DA:27,0
DA:28,0
DA:29,0
DA:30,0
LF:13
LH:1
end_of_record
SF:lib/repository/note_repository.dart
DA:34,9
DA:35,63
DA:38,9
DA:39,9
DA:40,0
DA:41,0
DA:43,0
DA:46,0
DA:49,0
DA:50,0
DA:51,0
DA:52,0
DA:53,0
DA:54,0
DA:55,0
DA:56,0
DA:60,0
DA:66,9
DA:67,0
DA:68,0
DA:70,0
DA:74,0
DA:75,0
DA:82,18
DA:84,16
DA:86,8
DA:91,40
DA:92,1
DA:95,8
DA:96,0
DA:97,0
DA:98,0
DA:99,0
DA:101,0
DA:102,0
DA:106,64
DA:107,4
DA:108,16
DA:112,24
DA:113,40
DA:114,32
DA:115,32
DA:116,14
DA:117,17
DA:119,8
DA:120,16
DA:121,6
DA:124,32
DA:130,64
DA:131,4
DA:132,16
DA:135,8
DA:136,8
DA:138,2
DA:141,0
DA:145,1
DA:146,1
DA:147,2
DA:148,1
DA:152,8
DA:153,16
DA:154,8
DA:156,16
DA:157,8
DA:161,0
DA:162,0
DA:163,0
DA:166,1
DA:167,2
DA:168,2
DA:169,1
LF:71
LH:43
end_of_record
SF:lib/repository/tab_settings_repository.dart
DA:14,0
DA:16,0
DA:18,0
DA:19,0
DA:20,0
DA:21,0
DA:25,0
DA:26,0
DA:27,0
DA:28,0
DA:31,0
DA:35,0
DA:36,0
DA:37,0
DA:38,0
DA:40,0
DA:42,0
DA:45,0
DA:46,0
DA:47,0
DA:48,0
DA:51,0
DA:52,0
DA:53,0
DA:54,0
DA:55,0
DA:57,0
DA:59,0
DA:60,0
DA:61,0
DA:63,0
DA:65,0
DA:66,0
DA:67,0
DA:69,0
LF:35
LH:0
end_of_record
SF:lib/model/account.dart
DA:10,25
DA:22,0
DA:23,0
DA:25,14
DA:27,14
DA:28,42
DA:29,42
DA:30,42
DA:33,24
DA:34,96
DA:36,17
DA:37,51
DA:40,0
DA:42,1
DA:47,1
DA:54,1
DA:57,1
DA:58,1
DA:61,1
DA:91,1
DA:92,1
DA:93,1
DA:94,1
LF:23
LH:20
end_of_record
SF:lib/model/account.g.dart
DA:9,0
DA:10,0
DA:11,0
DA:12,0
DA:13,0
DA:14,0
DA:16,0
DA:17,0
DA:18,0
DA:21,0
DA:22,0
DA:23,0
DA:24,0
DA:25,0
DA:26,0
DA:27,0
DA:28,0
LF:17
LH:0
end_of_record
SF:lib/model/account_settings.dart
DA:12,18
DA:31,0
DA:32,0
DA:34,0
DA:35,0
LF:5
LH:1
end_of_record
SF:lib/model/account_settings.g.dart
DA:9,0
DA:11,0
DA:12,0
DA:13,0
DA:15,0
DA:18,0
DA:19,0
DA:20,0
DA:23,0
DA:25,0
DA:28,0
DA:30,0
DA:32,0
DA:36,0
DA:38,0
DA:40,0
DA:42,0
DA:44,0
DA:46,0
DA:48,0
DA:50,0
DA:52,0
DA:53,0
DA:56,0
DA:58,0
DA:59,0
DA:60,0
DA:61,0
DA:62,0
DA:64,0
DA:65,0
DA:67,0
DA:68,0
DA:69,0
DA:70,0
DA:71,0
DA:72,0
DA:73,0
DA:74,0
LF:39
LH:0
end_of_record
SF:lib/model/acct.dart
DA:9,17
DA:11,0
DA:13,0
DA:15,0
LF:4
LH:1
end_of_record
SF:lib/model/acct.g.dart
DA:9,0
DA:10,0
DA:12,0
DA:13,0
DA:14,0
LF:5
LH:0
end_of_record
SF:lib/model/general_settings.dart
DA:13,0
DA:15,0
DA:16,0
DA:17,0
DA:28,0
DA:30,0
DA:31,0
DA:32,0
DA:33,0
DA:42,0
DA:44,0
DA:45,0
DA:54,0
DA:56,0
DA:57,0
DA:66,0
DA:68,0
DA:69,0
DA:142,0
DA:143,0
LF:20
LH:0
end_of_record
SF:lib/model/general_settings.g.dart
DA:9,0
DA:10,0
DA:11,0
DA:12,0
DA:14,0
DA:16,0
DA:20,0
DA:22,0
DA:24,0
DA:26,0
DA:27,0
DA:29,0
DA:31,0
DA:33,0
DA:35,0
DA:37,0
DA:38,0
DA:39,0
DA:40,0
DA:41,0
DA:43,0
DA:45,0
DA:48,0
DA:49,0
DA:50,0
DA:51,0
DA:52,0
DA:53,0
DA:54,0
DA:55,0
DA:56,0
DA:57,0
DA:58,0
DA:59,0
DA:60,0
DA:61,0
DA:62,0
DA:63,0
DA:64,0
DA:65,0
DA:66,0
DA:67,0
DA:68,0
LF:43
LH:0
end_of_record
SF:lib/model/misskey_emoji_data.dart
DA:8,89
DA:10,11
DA:19,10
DA:25,10
DA:26,10
DA:29,10
DA:31,6
DA:32,2
DA:36,3
DA:37,4
DA:38,2
DA:39,2
DA:44,3
DA:46,3
DA:48,6
DA:50,3
DA:51,6
DA:52,2
DA:57,9
DA:59,18
DA:60,1
DA:63,0
DA:65,0
DA:71,11
DA:72,9
DA:73,9
DA:76,11
DA:77,11
DA:80,11
DA:82,4
DA:84,6
DA:86,3
DA:89,2
DA:91,2
DA:92,3
DA:95,3
DA:99,3
DA:104,11
DA:105,9
DA:107,18
DA:108,10
DA:111,2
DA:113,8
DA:118,6
DA:119,6
DA:120,6
DA:122,12
DA:123,7
DA:125,2
DA:127,5
DA:131,0
DA:137,18
DA:143,9
DA:149,9
DA:158,91
DA:165,2
DA:166,6
LF:57
LH:54
end_of_record
SF:lib/model/tab_setting.dart
DA:10,0
DA:11,0
DA:13,0
DA:15,0
DA:20,1
DA:73,0
DA:74,0
LF:7
LH:1
end_of_record
SF:lib/model/tab_setting.g.dart
DA:9,0
DA:10,0
DA:11,0
DA:12,0
DA:13,0
DA:14,0
DA:15,0
DA:16,0
DA:17,0
DA:18,0
DA:19,0
DA:20,0
DA:21,0
DA:22,0
DA:23,0
DA:24,0
DA:25,0
DA:28,0
DA:29,0
DA:30,0
DA:31,0
DA:32,0
DA:33,0
DA:34,0
DA:35,0
DA:36,0
DA:37,0
DA:38,0
DA:39,0
DA:40,0
DA:41,0
DA:42,0
DA:43,0
DA:44,0
DA:45,0
LF:35
LH:0
end_of_record
SF:lib/repository/shared_preference_controller.dart
DA:13,9
DA:15,0
DA:16,0
DA:17,0
DA:19,0
DA:20,0
DA:21,0
DA:22,0
DA:27,0
DA:28,0
DA:32,0
DA:33,0
DA:34,0
DA:35,0
DA:39,0
DA:40,0
DA:41,0
DA:43,0
DA:44,0
DA:45,0
DA:50,0
DA:51,0
DA:55,0
DA:56,0
DA:57,0
DA:62,27
DA:63,18
DA:64,18
LF:28
LH:4
end_of_record
SF:lib/const.dart
DA:7,40
LF:1
LH:1
end_of_record
SF:lib/extensions/color_extension.dart
DA:4,0
DA:5,0
DA:7,0
DA:8,0
DA:10,0
DA:13,24
DA:14,72
DA:16,24
DA:17,24
DA:18,72
DA:21,24
DA:24,0
DA:25,0
DA:26,0
DA:28,0
DA:31,0
DA:32,0
DA:34,0
DA:35,0
DA:36,0
DA:39,0
LF:21
LH:6
end_of_record
SF:lib/extensions/date_time_extension.dart
DA:6,18
DA:7,27
DA:8,0
DA:9,6
DA:10,0
DA:12,1
DA:13,2
DA:14,4
DA:17,1
DA:18,2
DA:19,1
DA:21,4
DA:22,3
DA:25,0
DA:26,0
DA:27,0
DA:29,0
DA:30,0
DA:33,0
DA:34,0
DA:35,0
DA:36,0
DA:37,0
DA:38,0
DA:39,0
DA:40,0
DA:41,0
DA:42,0
DA:43,0
DA:44,0
DA:45,0
DA:46,0
DA:48,0
DA:52,9
DA:53,18
DA:54,18
DA:55,0
DA:56,9
DA:57,0
DA:58,9
DA:59,0
DA:60,9
DA:61,0
DA:62,9
DA:63,0
DA:64,9
DA:65,0
DA:67,36
DA:73,0
DA:74,0
DA:75,0
DA:76,0
DA:77,0
DA:78,0
DA:79,0
DA:81,0
LF:56
LH:20
end_of_record
SF:lib/l10n/app_localizations.dart
DA:65,24
DA:66,48
DA:70,22
DA:71,22
DA:3431,40
DA:3433,24
DA:3435,48
DA:3438,24
DA:3440,72
DA:3442,0
DA:3446,24
DA:3448,24
DA:3449,24
DA:3451,24
DA:3452,24
DA:3453,0
DA:3457,0
DA:3459,0
DA:3460,0
DA:3461,0
DA:3468,24
DA:3469,24
DA:3470,24
DA:3471,0
DA:3472,0
DA:3475,0
LF:26
LH:17
end_of_record
SF:lib/extensions/list_mfm_node_extension.dart
DA:7,8
DA:8,0
DA:9,0
DA:10,0
DA:13,0
DA:18,8
DA:19,0
DA:20,0
DA:22,16
DA:23,8
DA:25,0
DA:27,8
DA:28,0
DA:29,8
DA:30,0
DA:31,0
DA:35,8
LF:17
LH:7
end_of_record
SF:lib/extensions/note_extension.dart
DA:4,8
DA:5,8
DA:6,2
DA:7,2
DA:8,4
DA:9,2
LF:6
LH:6
end_of_record
SF:lib/extensions/note_visibility_extension.dart
DA:6,0
DA:8,0
DA:9,0
DA:10,0
DA:11,0
DA:15,1
DA:17,1
DA:18,1
DA:19,3
DA:20,0
LF:10
LH:4
end_of_record
SF:lib/extensions/origin_extension.dart
DA:6,1
DA:8,3
DA:9,3
DA:10,3
LF:4
LH:4
end_of_record
SF:lib/extensions/reaction_acceptance_extension.dart
DA:6,0
DA:8,0
DA:9,0
DA:10,0
DA:11,0
DA:12,0
DA:13,0
DA:14,0
LF:8
LH:0
end_of_record
SF:lib/extensions/string_extensions.dart
DA:4,1
DA:5,1
DA:7,4
DA:10,0
DA:11,0
DA:12,0
DA:13,0
DA:15,0
DA:16,0
DA:17,0
DA:18,0
DA:19,0
DA:20,0
DA:21,0
DA:23,0
DA:25,0
DA:26,0
DA:27,0
DA:28,0
DA:29,0
DA:30,0
DA:31,0
DA:33,0
DA:34,0
DA:36,0
DA:38,0
DA:39,0
DA:40,0
DA:44,0
LF:29
LH:3
end_of_record
SF:lib/extensions/text_editing_controller_extension.dart
DA:5,9
DA:6,18
DA:7,9
DA:10,18
DA:13,9
DA:14,9
DA:18,9
DA:19,9
DA:22,4
DA:24,16
DA:27,8
DA:31,9
DA:32,9
DA:36,9
DA:37,9
DA:40,2
DA:41,2
DA:48,9
DA:49,9
DA:53,9
DA:54,9
DA:57,2
DA:58,2
DA:65,9
DA:66,9
DA:68,4
DA:70,9
DA:72,1
DA:74,9
DA:76,1
DA:78,9
DA:81,2
DA:82,10
DA:83,10
DA:84,4
DA:85,4
DA:86,4
DA:88,4
DA:89,2
DA:90,2
DA:91,4
DA:92,4
LF:42
LH:42
end_of_record
SF:lib/model/input_completion_type.dart
DA:2,10
DA:8,4
DA:14,2
DA:20,1
LF:4
LH:4
end_of_record
SF:lib/extensions/user_extension.dart
DA:4,3
DA:5,11
DA:10,1
DA:11,1
DA:17,2
DA:18,1
DA:19,0
DA:20,0
DA:21,0
DA:25,1
DA:26,1
DA:32,1
DA:33,1
DA:34,0
DA:35,0
DA:36,0
LF:16
LH:10
end_of_record
SF:lib/extensions/users_lists_show_response_extension.dart
DA:4,0
DA:5,0
DA:6,0
DA:7,0
DA:8,0
DA:9,0
DA:10,0
LF:7
LH:0
end_of_record
SF:lib/extensions/users_sort_type_extension.dart
DA:6,0
DA:8,0
DA:9,0
DA:10,0
DA:11,0
DA:12,0
DA:13,0
DA:14,0
DA:15,0
LF:9
LH:0
end_of_record
SF:lib/hooks/use_async.dart
DA:11,13
DA:12,39
DA:14,13
DA:17,13
DA:18,13
DA:20,13
DA:21,13
DA:22,2
DA:23,4
DA:24,2
DA:27,2
DA:28,2
DA:29,4
DA:31,0
DA:32,0
DA:33,0
DA:34,0
DA:40,1
DA:41,1
DA:42,2
DA:44,1
DA:45,1
DA:46,1
DA:48,1
DA:49,1
DA:50,2
DA:51,3
LF:27
LH:23
end_of_record
SF:lib/log.dart
DA:3,0
LF:1
LH:0
end_of_record
SF:lib/view/common/dialog/dialog_state.dart
DA:38,22
DA:39,22
DA:41,2
DA:47,2
DA:48,8
DA:49,2
DA:50,4
DA:51,2
DA:60,2
DA:63,2
DA:66,10
DA:68,2
DA:69,4
DA:70,8
DA:71,12
DA:75,3
DA:76,3
DA:77,3
DA:79,0
DA:80,0
DA:82,0
DA:83,0
DA:90,0
DA:94,0
DA:95,0
DA:96,0
DA:97,0
DA:98,0
DA:99,0
DA:100,0
DA:101,0
DA:102,0
DA:103,0
DA:104,0
DA:105,0
DA:106,0
DA:107,0
DA:108,0
DA:109,0
DA:110,0
DA:111,0
DA:114,0
DA:117,0
DA:118,0
DA:121,0
LF:45
LH:18
end_of_record
SF:lib/view/common/dialog/dialog_state.g.dart
DA:14,40
DA:15,0
DA:25,22
DA:26,22
DA:28,22
DA:30,22
DA:33,0
DA:34,0
DA:36,0
DA:41,22
DA:46,22
DA:49,22
DA:50,22
DA:52,22
DA:59,22
LF:15
LH:11
end_of_record
SF:lib/l10n/app_localizations_ja.dart
DA:9,48
DA:11,0
DA:14,1
DA:17,4
DA:20,2
DA:23,1
DA:26,2
DA:29,2
DA:32,2
DA:35,3
DA:38,1
DA:41,0
DA:44,1
DA:47,3
DA:50,1
DA:53,1
DA:56,1
DA:59,13
DA:62,0
DA:65,0
DA:68,0
DA:71,0
DA:74,0
DA:77,3
DA:80,5
DA:83,3
DA:86,3
DA:89,3
DA:92,3
DA:95,3
DA:98,1
DA:101,2
DA:104,1
DA:107,2
DA:110,1
DA:113,1
DA:116,2
DA:119,1
DA:122,0
DA:125,2
DA:128,0
DA:131,0
DA:134,0
DA:137,0
DA:140,0
DA:143,0
DA:146,0
DA:149,0
DA:152,0
DA:155,0
DA:158,2
DA:161,0
DA:164,0
DA:167,0
DA:170,0
DA:173,0
DA:176,0
DA:179,0
DA:182,0
DA:185,0
DA:188,0
DA:191,0
DA:194,0
DA:197,0
DA:200,0
DA:203,0
DA:206,0
DA:209,0
DA:212,0
DA:215,0
DA:218,8
DA:221,2
DA:224,1
DA:227,0
DA:230,0
DA:233,0
DA:236,0
DA:239,0
DA:242,0
DA:245,0
DA:248,0
DA:251,0
DA:254,0
DA:257,0
DA:260,0
DA:264,0
DA:267,0
DA:271,0
DA:274,0
DA:277,0
DA:280,0
DA:283,0
DA:286,0
DA:289,1
DA:292,2
DA:293,1
DA:295,1
DA:298,1
DA:301,2
DA:302,1
DA:304,1
DA:307,1
DA:309,1
DA:312,0
DA:315,1
DA:318,1
DA:321,1
DA:324,1
DA:327,1
DA:330,2
DA:331,1
DA:333,2
DA:334,1
DA:336,1
DA:339,0
DA:342,0
DA:345,0
DA:348,0
DA:351,0
DA:354,0
DA:357,0
DA:360,1
DA:363,1
DA:365,1
DA:368,1
DA:372,1
DA:375,0
DA:378,0
DA:381,0
DA:384,0
DA:386,0
DA:389,1
DA:392,1
DA:395,1
DA:398,0
DA:401,0
DA:404,0
DA:405,0
DA:409,0
DA:412,0
DA:415,0
DA:418,1
DA:421,1
DA:424,0
DA:427,1
DA:430,1
DA:433,1
DA:436,0
DA:439,0
DA:442,1
DA:445,0
DA:448,1
DA:451,0
DA:454,0
DA:457,1
DA:460,1
DA:463,1
DA:466,1
DA:469,0
DA:473,1
DA:476,1
DA:479,1
DA:482,0
DA:484,0
DA:487,2
DA:490,4
DA:491,2
DA:493,2
DA:496,2
DA:499,4
DA:500,2
DA:502,2
DA:505,2
DA:508,0
DA:511,0
DA:514,0
DA:517,0
DA:519,0
DA:522,0
DA:525,0
DA:527,0
DA:530,0
DA:532,0
DA:535,0
DA:538,0
DA:541,0
DA:544,0
DA:547,1
DA:550,3
DA:553,0
DA:556,0
DA:559,0
DA:562,0
DA:564,0
DA:567,0
DA:570,0
DA:573,0
DA:576,0
DA:579,0
DA:582,0
DA:585,0
DA:588,1
DA:591,8
DA:594,0
DA:597,0
DA:600,0
DA:602,0
DA:605,0
DA:607,0
DA:610,0
DA:612,0
DA:615,0
DA:618,0
DA:621,0
DA:624,0
DA:627,0
DA:630,0
DA:635,0
DA:638,0
DA:640,0
DA:643,0
DA:645,0
DA:648,0
DA:650,0
DA:653,0
DA:655,0
DA:658,0
DA:661,0
DA:664,0
DA:667,0
DA:669,0
DA:672,0
DA:675,0
DA:678,0
DA:681,0
DA:684,0
DA:687,0
DA:690,0
DA:693,0
DA:696,0
DA:699,0
DA:702,0
DA:705,0
DA:708,0
DA:711,1
DA:714,1
DA:717,1
DA:720,1
DA:723,1
DA:726,1
DA:729,1
DA:732,1
DA:735,1
DA:739,1
DA:742,1
DA:745,1
DA:748,2
DA:749,1
DA:751,1
DA:754,1
DA:757,0
DA:760,1
DA:763,2
DA:764,1
DA:766,1
DA:769,3
DA:772,1
DA:775,2
DA:776,1
DA:778,1
DA:781,0
DA:784,0
DA:786,0
DA:787,0
DA:789,0
DA:791,0
DA:794,0
DA:796,0
DA:797,0
DA:799,0
DA:801,0
DA:804,0
DA:807,0
DA:810,0
DA:813,0
DA:816,0
DA:819,0
DA:821,0
DA:824,0
DA:827,0
DA:830,0
DA:833,0
DA:836,0
DA:837,0
DA:839,0
DA:842,0
DA:845,0
DA:848,0
DA:851,0
DA:854,0
DA:857,0
DA:860,0
DA:863,0
DA:866,0
DA:869,0
DA:872,0
DA:875,0
DA:878,0
DA:881,0
DA:884,0
DA:887,1
DA:890,0
DA:893,0
DA:896,0
DA:897,0
DA:899,0
DA:902,0
DA:905,0
DA:908,0
DA:911,0
DA:914,0
DA:917,0
DA:920,0
DA:923,0
DA:926,0
DA:929,0
DA:932,0
DA:935,0
DA:938,0
DA:941,0
DA:944,0
DA:947,0
DA:950,0
DA:952,0
DA:953,0
DA:955,0
DA:957,0
DA:960,0
DA:962,0
DA:963,0
DA:965,0
DA:967,0
DA:970,0
DA:972,0
DA:973,0
DA:975,0
DA:977,0
DA:980,0
DA:982,0
DA:983,0
DA:985,0
DA:987,0
DA:990,9
DA:992,9
DA:993,9
DA:995,9
DA:997,9
DA:1000,0
DA:1002,0
DA:1003,0
DA:1005,0
DA:1007,0
DA:1010,0
DA:1012,0
DA:1013,0
DA:1015,0
DA:1017,0
DA:1020,0
DA:1022,0
DA:1023,0
DA:1025,0
DA:1027,0
DA:1030,0
DA:1032,0
DA:1033,0
DA:1035,0
DA:1037,0
DA:1040,0
DA:1042,0
DA:1043,0
DA:1045,0
DA:1047,0
DA:1050,0
DA:1052,0
DA:1053,0
DA:1055,0
DA:1057,0
DA:1059,0
DA:1060,0
DA:1062,0
DA:1065,0
DA:1067,0
DA:1068,0
DA:1070,0
DA:1072,0
DA:1074,0
DA:1075,0
DA:1077,0
DA:1080,0
DA:1082,0
DA:1083,0
DA:1085,0
DA:1087,0
DA:1089,0
DA:1090,0
DA:1092,0
DA:1095,0
DA:1097,0
DA:1098,0
DA:1100,0
DA:1102,0
DA:1104,0
DA:1105,0
DA:1107,0
DA:1110,0
DA:1113,0
DA:1116,0
DA:1119,0
DA:1122,0
DA:1125,0
DA:1128,0
DA:1131,0
DA:1134,0
DA:1137,0
DA:1140,0
DA:1143,0
DA:1146,0
DA:1148,0
DA:1151,0
DA:1153,0
DA:1156,0
DA:1158,0
DA:1161,0
DA:1163,0
DA:1166,0
DA:1168,0
DA:1171,0
DA:1174,0
DA:1177,0
DA:1180,0
DA:1183,0
DA:1186,0
DA:1189,0
DA:1192,0
DA:1195,0
DA:1198,1
DA:1201,1
DA:1204,1
DA:1207,1
DA:1210,1
DA:1213,1
DA:1216,1
DA:1219,1
DA:1222,1
DA:1225,1
DA:1228,1
DA:1231,1
DA:1235,1
DA:1237,1
DA:1240,1
DA:1244,1
DA:1247,1
DA:1251,1
DA:1255,0
DA:1258,0
DA:1261,0
DA:1264,0
DA:1266,0
DA:1269,0
DA:1272,0
DA:1275,0
DA:1278,0
DA:1281,0
DA:1284,0
DA:1287,0
DA:1290,0
DA:1293,0
DA:1296,0
DA:1299,0
DA:1302,0
DA:1305,0
DA:1308,0
DA:1311,0
DA:1314,0
DA:1317,0
DA:1320,0
DA:1323,0
DA:1326,0
DA:1329,0
DA:1332,0
DA:1335,0
DA:1338,0
DA:1340,0
DA:1343,0
DA:1346,0
DA:1349,0
DA:1352,0
DA:1354,0
DA:1357,0
DA:1360,0
DA:1363,0
DA:1366,0
DA:1370,0
DA:1373,0
DA:1376,0
DA:1379,0
DA:1382,0
DA:1385,0
DA:1388,0
DA:1391,0
DA:1394,0
DA:1397,0
DA:1400,0
DA:1403,0
DA:1406,0
DA:1409,0
DA:1412,0
DA:1416,0
DA:1419,0
DA:1423,0
DA:1426,0
DA:1429,0
DA:1432,0
DA:1436,0
DA:1439,0
DA:1442,0
DA:1445,0
DA:1448,0
DA:1451,0
DA:1454,0
DA:1457,0
DA:1460,0
DA:1463,0
DA:1466,0
DA:1469,0
DA:1472,0
DA:1475,0
DA:1478,0
DA:1481,0
DA:1484,0
DA:1487,0
DA:1491,0
DA:1494,0
DA:1497,0
DA:1500,0
DA:1503,0
DA:1506,0
DA:1509,0
DA:1512,0
DA:1515,0
DA:1518,0
DA:1521,0
DA:1524,0
DA:1527,0
DA:1530,0
DA:1533,1
DA:1536,1
DA:1539,0
DA:1541,0
DA:1544,0
DA:1546,0
DA:1549,1
DA:1552,1
DA:1555,0
DA:1558,0
DA:1561,0
DA:1565,0
DA:1568,0
DA:1571,0
DA:1574,0
DA:1577,0
DA:1580,0
DA:1583,0
DA:1586,0
DA:1590,0
DA:1593,0
DA:1597,0
DA:1600,0
DA:1604,0
DA:1608,0
DA:1612,0
DA:1615,0
DA:1618,0
DA:1622,0
DA:1626,0
DA:1630,0
DA:1633,0
DA:1636,0
DA:1639,0
DA:1642,0
DA:1645,0
DA:1648,0
DA:1651,0
DA:1654,0
DA:1656,0
DA:1659,0
DA:1662,0
DA:1665,0
DA:1668,0
DA:1671,0
DA:1675,0
DA:1678,0
DA:1681,0
DA:1684,0
DA:1688,0
DA:1691,0
DA:1694,1
DA:1697,1
DA:1700,0
DA:1703,0
DA:1706,0
DA:1709,0
DA:1712,0
DA:1715,0
DA:1718,0
DA:1721,0
DA:1724,0
DA:1727,0
DA:1730,0
DA:1733,0
DA:1736,0
DA:1739,0
DA:1742,0
DA:1745,0
DA:1748,0
DA:1751,0
DA:1754,1
DA:1757,0
DA:1760,1
DA:1763,1
DA:1766,1
DA:1769,1
DA:1772,1
DA:1775,0
DA:1778,1
DA:1781,1
DA:1784,2
DA:1787,1
DA:1790,1
DA:1793,1
DA:1796,1
DA:1799,1
DA:1802,0
DA:1805,0
DA:1808,0
DA:1811,1
DA:1814,1
DA:1817,1
DA:1820,1
DA:1823,1
DA:1826,1
DA:1829,1
DA:1832,1
DA:1835,1
DA:1838,0
DA:1841,0
DA:1844,0
DA:1847,0
DA:1850,0
DA:1853,0
DA:1854,0
DA:1856,0
DA:1857,0
DA:1859,0
DA:1862,0
DA:1865,0
DA:1868,0
DA:1871,0
DA:1874,1
DA:1877,1
DA:1880,0
DA:1883,0
DA:1886,0
DA:1889,0
DA:1892,0
DA:1895,0
DA:1898,0
DA:1901,0
DA:1903,0
DA:1906,0
DA:1909,0
DA:1912,0
DA:1915,0
DA:1918,0
DA:1921,0
DA:1924,0
DA:1926,0
DA:1929,0
DA:1932,0
DA:1935,2
DA:1938,0
DA:1941,0
DA:1944,0
DA:1947,0
DA:1950,0
DA:1953,1
DA:1956,1
DA:1959,1
DA:1962,1
DA:1965,1
DA:1968,1
DA:1971,1
DA:1974,1
DA:1980,0
DA:1982,0
DA:1985,0
DA:1988,0
DA:1991,0
DA:1994,0
DA:1997,0
DA:2000,0
DA:2003,0
DA:2006,0
DA:2010,0
DA:2014,0
DA:2017,0
DA:2020,0
DA:2023,0
DA:2026,0
DA:2029,0
DA:2032,0
DA:2035,0
DA:2036,0
DA:2038,0
DA:2041,0
DA:2044,0
DA:2047,0
DA:2050,0
DA:2053,0
DA:2056,0
DA:2059,0
DA:2061,0
DA:2064,0
DA:2067,0
DA:2070,0
DA:2073,0
DA:2075,0
DA:2078,0
DA:2081,0
DA:2084,0
DA:2087,0
DA:2090,0
DA:2093,0
DA:2096,0
DA:2100,0
DA:2103,0
DA:2106,0
DA:2108,0
DA:2111,0
DA:2114,0
DA:2117,0
DA:2120,0
DA:2123,0
DA:2126,0
DA:2129,0
DA:2132,0
DA:2134,0
DA:2137,0
DA:2139,0
DA:2142,0
DA:2144,0
DA:2147,0
DA:2150,0
DA:2153,0
DA:2156,0
DA:2159,0
DA:2162,0
DA:2167,0
DA:2170,0
DA:2172,0
DA:2175,0
DA:2177,0
DA:2180,0
DA:2182,0
DA:2185,0
DA:2187,0
DA:2190,0
DA:2193,0
DA:2196,0
DA:2199,0
DA:2202,0
DA:2205,0
DA:2208,0
DA:2211,0
DA:2214,0
DA:2217,0
DA:2220,0
DA:2223,0
DA:2226,0
DA:2229,0
DA:2231,0
DA:2234,0
DA:2237,0
DA:2240,0
DA:2243,0
DA:2246,0
DA:2249,0
DA:2252,0
DA:2255,0
DA:2258,0
DA:2261,0
DA:2264,0
DA:2267,0
DA:2271,0
DA:2273,0
DA:2276,0
DA:2279,0
DA:2282,0
DA:2285,0
DA:2288,0
DA:2290,0
DA:2293,0
DA:2295,0
DA:2298,0
DA:2301,0
DA:2304,0
DA:2307,0
DA:2310,0
DA:2312,0
DA:2315,0
DA:2318,0
DA:2320,0
DA:2323,0
DA:2326,0
DA:2329,0
DA:2332,0
DA:2335,0
DA:2338,0
DA:2341,0
DA:2344,0
DA:2347,0
DA:2350,0
DA:2353,0
LF:833
LH:180
end_of_record
SF:lib/l10n/app_localizations_zh.dart
DA:9,0
DA:11,0
DA:14,0
DA:17,0
DA:20,0
DA:23,0
DA:26,0
DA:29,0
DA:32,0
DA:35,0
DA:38,0
DA:41,0
DA:44,0
DA:47,0
DA:50,0
DA:53,0
DA:56,0
DA:59,0
DA:62,0
DA:65,0
DA:68,0
DA:71,0
DA:74,0
DA:77,0
DA:80,0
DA:83,0
DA:86,0
DA:89,0
DA:92,0
DA:95,0
DA:98,0
DA:101,0
DA:104,0
DA:107,0
DA:110,0
DA:113,0
DA:116,0
DA:119,0
DA:122,0
DA:125,0
DA:128,0
DA:131,0
DA:134,0
DA:137,0
DA:140,0
DA:143,0
DA:146,0
DA:149,0
DA:152,0
DA:155,0
DA:158,0
DA:161,0
DA:164,0
DA:167,0
DA:170,0
DA:173,0
DA:176,0
DA:179,0
DA:182,0
DA:185,0
DA:188,0
DA:191,0
DA:194,0
DA:197,0
DA:200,0
DA:203,0
DA:206,0
DA:209,0
DA:212,0
DA:215,0
DA:218,0
DA:221,0
DA:224,0
DA:227,0
DA:230,0
DA:233,0
DA:236,0
DA:239,0
DA:242,0
DA:245,0
DA:248,0
DA:251,0
DA:254,0
DA:257,0
DA:260,0
DA:264,0
DA:267,0
DA:271,0
DA:274,0
DA:277,0
DA:280,0
DA:283,0
DA:286,0
DA:289,0
DA:292,0
DA:293,0
DA:295,0
DA:298,0
DA:301,0
DA:302,0
DA:304,0
DA:307,0
DA:309,0
DA:312,0
DA:315,0
DA:318,0
DA:321,0
DA:324,0
DA:327,0
DA:330,0
DA:331,0
DA:333,0
DA:334,0
DA:336,0
DA:339,0
DA:342,0
DA:345,0
DA:348,0
DA:351,0
DA:354,0
DA:357,0
DA:360,0
DA:363,0
DA:365,0
DA:368,0
DA:371,0
DA:374,0
DA:377,0
DA:380,0
DA:383,0
DA:385,0
DA:388,0
DA:391,0
DA:394,0
DA:397,0
DA:400,0
DA:403,0
DA:404,0
DA:408,0
DA:411,0
DA:414,0
DA:417,0
DA:420,0
DA:423,0
DA:426,0
DA:429,0
DA:432,0
DA:435,0
DA:438,0
DA:441,0
DA:444,0
DA:447,0
DA:450,0
DA:453,0
DA:456,0
DA:459,0
DA:462,0
DA:465,0
DA:468,0
DA:471,0
DA:474,0
DA:477,0
DA:480,0
DA:482,0
DA:485,0
DA:488,0
DA:489,0
DA:491,0
DA:494,0
DA:497,0
DA:498,0
DA:500,0
DA:503,0
DA:506,0
DA:509,0
DA:512,0
DA:515,0
DA:517,0
DA:520,0
DA:523,0
DA:525,0
DA:528,0
DA:530,0
DA:533,0
DA:536,0
DA:539,0
DA:542,0
DA:545,0
DA:548,0
DA:551,0
DA:554,0
DA:557,0
DA:560,0
DA:562,0
DA:565,0
DA:568,0
DA:571,0
DA:574,0
DA:577,0
DA:580,0
DA:583,0
DA:586,0
DA:589,0
DA:592,0
DA:595,0
DA:598,0
DA:600,0
DA:603,0
DA:605,0
DA:608,0
DA:610,0
DA:613,0
DA:616,0
DA:619,0
DA:622,0
DA:625,0
DA:628,0
DA:633,0
DA:636,0
DA:638,0
DA:641,0
DA:643,0
DA:646,0
DA:648,0
DA:651,0
DA:653,0
DA:656,0
DA:659,0
DA:662,0
DA:665,0
DA:667,0
DA:670,0
DA:673,0
DA:676,0
DA:679,0
DA:682,0
DA:685,0
DA:688,0
DA:691,0
DA:694,0
DA:697,0
DA:700,0
DA:703,0
DA:706,0
DA:709,0
DA:712,0
DA:715,0
DA:718,0
DA:721,0
DA:724,0
DA:727,0
DA:730,0
DA:733,0
DA:736,0
DA:739,0
DA:742,0
DA:745,0
DA:746,0
DA:748,0
DA:751,0
DA:754,0
DA:757,0
DA:760,0
DA:761,0
DA:763,0
DA:766,0
DA:769,0
DA:772,0
DA:773,0
DA:775,0
DA:778,0
DA:781,0
DA:783,0
DA:784,0
DA:786,0
DA:788,0
DA:791,0
DA:793,0
DA:794,0
DA:796,0
DA:798,0
DA:801,0
DA:804,0
DA:807,0
DA:810,0
DA:813,0
DA:816,0
DA:818,0
DA:821,0
DA:824,0
DA:827,0
DA:830,0
DA:833,0
DA:834,0
DA:836,0
DA:839,0
DA:842,0
DA:845,0
DA:848,0
DA:851,0
DA:854,0
DA:857,0
DA:860,0
DA:863,0
DA:866,0
DA:869,0
DA:872,0
DA:875,0
DA:878,0
DA:881,0
DA:884,0
DA:887,0
DA:890,0
DA:893,0
DA:894,0
DA:896,0
DA:899,0
DA:902,0
DA:905,0
DA:908,0
DA:911,0
DA:914,0
DA:917,0
DA:920,0
DA:923,0
DA:926,0
DA:929,0
DA:932,0
DA:935,0
DA:938,0
DA:941,0
DA:944,0
DA:947,0
DA:949,0
DA:950,0
DA:952,0
DA:954,0
DA:957,0
DA:959,0
DA:960,0
DA:962,0
DA:964,0
DA:967,0
DA:969,0
DA:970,0
DA:972,0
DA:974,0
DA:977,0
DA:979,0
DA:980,0
DA:982,0
DA:984,0
DA:987,0
DA:989,0
DA:990,0
DA:992,0
DA:994,0
DA:997,0
DA:999,0
DA:1000,0
DA:1002,0
DA:1004,0
DA:1007,0
DA:1009,0
DA:1010,0
DA:1012,0
DA:1014,0
DA:1017,0
DA:1019,0
DA:1020,0
DA:1022,0
DA:1024,0
DA:1027,0
DA:1029,0
DA:1030,0
DA:1032,0
DA:1034,0
DA:1037,0
DA:1039,0
DA:1040,0
DA:1042,0
DA:1044,0
DA:1047,0
DA:1049,0
DA:1050,0
DA:1052,0
DA:1054,0
DA:1056,0
DA:1057,0
DA:1059,0
DA:1062,0
DA:1064,0
DA:1065,0
DA:1067,0
DA:1069,0
DA:1071,0
DA:1072,0
DA:1074,0
DA:1077,0
DA:1079,0
DA:1080,0
DA:1082,0
DA:1084,0
DA:1086,0
DA:1087,0
DA:1089,0
DA:1092,0
DA:1094,0
DA:1095,0
DA:1097,0
DA:1099,0
DA:1101,0
DA:1102,0
DA:1104,0
DA:1107,0
DA:1110,0
DA:1113,0
DA:1116,0
DA:1119,0
DA:1122,0
DA:1125,0
DA:1128,0
DA:1131,0
DA:1134,0
DA:1137,0
DA:1140,0
DA:1143,0
DA:1145,0
DA:1148,0
DA:1150,0
DA:1153,0
DA:1155,0
DA:1158,0
DA:1160,0
DA:1163,0
DA:1165,0
DA:1168,0
DA:1171,0
DA:1174,0
DA:1177,0
DA:1180,0
DA:1183,0
DA:1186,0
DA:1189,0
DA:1192,0
DA:1195,0
DA:1198,0
DA:1201,0
DA:1204,0
DA:1207,0
DA:1210,0
DA:1213,0
DA:1216,0
DA:1219,0
DA:1222,0
DA:1225,0
DA:1228,0
DA:1231,0
DA:1233,0
DA:1236,0
DA:1239,0
DA:1242,0
DA:1246,0
DA:1250,0
DA:1253,0
DA:1256,0
DA:1259,0
DA:1261,0
DA:1264,0
DA:1267,0
DA:1270,0
DA:1273,0
DA:1276,0
DA:1279,0
DA:1282,0
DA:1285,0
DA:1288,0
DA:1291,0
DA:1294,0
DA:1297,0
DA:1300,0
DA:1303,0
DA:1306,0
DA:1309,0
DA:1312,0
DA:1315,0
DA:1318,0
DA:1321,0
DA:1324,0
DA:1327,0
DA:1330,0
DA:1333,0
DA:1335,0
DA:1338,0
DA:1341,0
DA:1344,0
DA:1347,0
DA:1349,0
DA:1352,0
DA:1355,0
DA:1358,0
DA:1361,0
DA:1365,0
DA:1368,0
DA:1371,0
DA:1374,0
DA:1377,0
DA:1380,0
DA:1383,0
DA:1386,0
DA:1389,0
DA:1392,0
DA:1395,0
DA:1398,0
DA:1401,0
DA:1404,0
DA:1407,0
DA:1411,0
DA:1414,0
DA:1418,0
DA:1421,0
DA:1424,0
DA:1427,0
DA:1431,0
DA:1434,0
DA:1437,0
DA:1440,0
DA:1443,0
DA:1446,0
DA:1449,0
DA:1452,0
DA:1455,0
DA:1458,0
DA:1461,0
DA:1464,0
DA:1467,0
DA:1470,0
DA:1473,0
DA:1476,0
DA:1479,0
DA:1482,0
DA:1485,0
DA:1488,0
DA:1491,0
DA:1494,0
DA:1497,0
DA:1500,0
DA:1503,0
DA:1506,0
DA:1509,0
DA:1512,0
DA:1515,0
DA:1518,0
DA:1521,0
DA:1524,0
DA:1527,0
DA:1530,0
DA:1533,0
DA:1535,0
DA:1538,0
DA:1540,0
DA:1543,0
DA:1546,0
DA:1549,0
DA:1552,0
DA:1555,0
DA:1559,0
DA:1562,0
DA:1565,0
DA:1568,0
DA:1571,0
DA:1574,0
DA:1577,0
DA:1580,0
DA:1584,0
DA:1587,0
DA:1591,0
DA:1594,0
DA:1597,0
DA:1601,0
DA:1605,0
DA:1608,0
DA:1611,0
DA:1615,0
DA:1619,0
DA:1623,0
DA:1626,0
DA:1629,0
DA:1632,0
DA:1635,0
DA:1638,0
DA:1641,0
DA:1644,0
DA:1647,0
DA:1649,0
DA:1652,0
DA:1655,0
DA:1658,0
DA:1661,0
DA:1664,0
DA:1667,0
DA:1670,0
DA:1673,0
DA:1676,0
DA:1680,0
DA:1683,0
DA:1686,0
DA:1689,0
DA:1692,0
DA:1695,0
DA:1698,0
DA:1701,0
DA:1704,0
DA:1707,0
DA:1710,0
DA:1713,0
DA:1716,0
DA:1719,0
DA:1722,0
DA:1725,0
DA:1728,0
DA:1731,0
DA:1734,0
DA:1737,0
DA:1740,0
DA:1743,0
DA:1746,0
DA:1749,0
DA:1752,0
DA:1755,0
DA:1758,0
DA:1761,0
DA:1764,0
DA:1767,0
DA:1770,0
DA:1773,0
DA:1776,0
DA:1779,0
DA:1782,0
DA:1785,0
DA:1788,0
DA:1791,0
DA:1794,0
DA:1797,0
DA:1800,0
DA:1803,0
DA:1806,0
DA:1809,0
DA:1812,0
DA:1815,0
DA:1818,0
DA:1821,0
DA:1824,0
DA:1827,0
DA:1830,0
DA:1833,0
DA:1836,0
DA:1839,0
DA:1842,0
DA:1845,0
DA:1846,0
DA:1848,0
DA:1849,0
DA:1851,0
DA:1854,0
DA:1857,0
DA:1860,0
DA:1863,0
DA:1866,0
DA:1869,0
DA:1872,0
DA:1875,0
DA:1878,0
DA:1881,0
DA:1884,0
DA:1887,0
DA:1890,0
DA:1893,0
DA:1895,0
DA:1898,0
DA:1901,0
DA:1904,0
DA:1907,0
DA:1910,0
DA:1913,0
DA:1916,0
DA:1918,0
DA:1921,0
DA:1924,0
DA:1927,0
DA:1930,0
DA:1933,0
DA:1936,0
DA:1939,0
DA:1942,0
DA:1945,0
DA:1948,0
DA:1951,0
DA:1954,0
DA:1957,0
DA:1960,0
DA:1963,0
DA:1966,0
DA:1972,0
DA:1974,0
DA:1977,0
DA:1980,0
DA:1983,0
DA:1986,0
DA:1989,0
DA:1992,0
DA:1995,0
DA:1998,0
DA:2001,0
DA:2004,0
DA:2007,0
DA:2010,0
DA:2013,0
DA:2016,0
DA:2019,0
DA:2022,0
DA:2025,0
DA:2028,0
DA:2031,0
DA:2034,0
DA:2037,0
DA:2040,0
DA:2043,0
DA:2046,0
DA:2049,0
DA:2052,0
DA:2055,0
DA:2058,0
DA:2061,0
DA:2064,0
DA:2067,0
DA:2070,0
DA:2073,0
DA:2076,0
DA:2079,0
DA:2082,0
DA:2085,0
DA:2088,0
DA:2091,0
DA:2094,0
DA:2097,0
DA:2100,0
DA:2103,0
DA:2106,0
DA:2109,0
DA:2112,0
DA:2115,0
DA:2118,0
DA:2121,0
DA:2124,0
DA:2127,0
DA:2130,0
DA:2133,0
DA:2136,0
DA:2139,0
DA:2142,0
DA:2145,0
DA:2148,0
DA:2151,0
DA:2154,0
DA:2157,0
DA:2160,0
DA:2163,0
DA:2166,0
DA:2169,0
DA:2172,0
DA:2175,0
DA:2178,0
DA:2181,0
DA:2184,0
DA:2187,0
DA:2190,0
DA:2193,0
DA:2196,0
DA:2199,0
DA:2202,0
DA:2205,0
DA:2208,0
DA:2211,0
DA:2214,0
DA:2217,0
DA:2220,0
DA:2224,0
DA:2227,0
DA:2231,0
DA:2234,0
DA:2237,0
DA:2240,0
DA:2243,0
DA:2246,0
DA:2249,0
DA:2252,0
DA:2253,0
DA:2255,0
DA:2258,0
DA:2261,0
DA:2262,0
DA:2264,0
DA:2267,0
DA:2269,0
DA:2272,0
DA:2275,0
DA:2278,0
DA:2281,0
DA:2284,0
DA:2287,0
DA:2288,0
DA:2290,0
DA:2291,0
DA:2293,0
DA:2296,0
DA:2299,0
DA:2302,0
DA:2305,0
DA:2308,0
DA:2311,0
DA:2314,0
DA:2317,0
DA:2320,0
DA:2322,0
DA:2325,0
DA:2328,0
DA:2331,0
DA:2334,0
DA:2337,0
DA:2340,0
DA:2342,0
DA:2345,0
DA:2348,0
DA:2351,0
DA:2354,0
DA:2357,0
DA:2360,0
DA:2361,0
DA:2365,0
DA:2368,0
DA:2371,0
DA:2374,0
DA:2377,0
DA:2380,0
DA:2383,0
DA:2386,0
DA:2389,0
DA:2392,0
DA:2395,0
DA:2398,0
DA:2401,0
DA:2404,0
DA:2407,0
DA:2410,0
DA:2413,0
DA:2416,0
DA:2419,0
DA:2422,0
DA:2425,0
DA:2428,0
DA:2431,0
DA:2434,0
DA:2436,0
DA:2439,0
DA:2442,0
DA:2443,0
DA:2445,0
DA:2448,0
DA:2451,0
DA:2452,0
DA:2454,0
DA:2457,0
DA:2460,0
DA:2463,0
DA:2466,0
DA:2469,0
DA:2471,0
DA:2474,0
DA:2477,0
DA:2479,0
DA:2482,0
DA:2484,0
DA:2487,0
DA:2490,0
DA:2493,0
DA:2496,0
DA:2499,0
DA:2502,0
DA:2505,0
DA:2508,0
DA:2511,0
DA:2514,0
DA:2516,0
DA:2519,0
DA:2522,0
DA:2525,0
DA:2528,0
DA:2531,0
DA:2534,0
DA:2537,0
DA:2540,0
DA:2543,0
DA:2546,0
DA:2549,0
DA:2552,0
DA:2554,0
DA:2557,0
DA:2559,0
DA:2562,0
DA:2564,0
DA:2567,0
DA:2570,0
DA:2573,0
DA:2576,0
DA:2579,0
DA:2582,0
DA:2587,0
DA:2590,0
DA:2592,0
DA:2595,0
DA:2597,0
DA:2600,0
DA:2602,0
DA:2605,0
DA:2607,0
DA:2610,0
DA:2613,0
DA:2616,0
DA:2619,0
DA:2622,0
DA:2625,0
DA:2628,0
DA:2631,0
DA:2634,0
DA:2637,0
DA:2640,0
DA:2643,0
DA:2646,0
DA:2649,0
DA:2652,0
DA:2655,0
DA:2658,0
DA:2661,0
DA:2664,0
DA:2667,0
DA:2670,0
DA:2673,0
DA:2676,0
DA:2679,0
DA:2682,0
DA:2685,0
DA:2686,0
DA:2688,0
DA:2691,0
DA:2694,0
DA:2697,0
DA:2700,0
DA:2701,0
DA:2703,0
DA:2706,0
DA:2709,0
DA:2712,0
DA:2713,0
DA:2715,0
DA:2718,0
DA:2721,0
DA:2723,0
DA:2724,0
DA:2726,0
DA:2728,0
DA:2731,0
DA:2733,0
DA:2734,0
DA:2736,0
DA:2738,0
DA:2741,0
DA:2744,0
DA:2747,0
DA:2750,0
DA:2753,0
DA:2756,0
DA:2758,0
DA:2761,0
DA:2764,0
DA:2767,0
DA:2770,0
DA:2773,0
DA:2774,0
DA:2776,0
DA:2779,0
DA:2782,0
DA:2785,0
DA:2788,0
DA:2791,0
DA:2794,0
DA:2797,0
DA:2800,0
DA:2803,0
DA:2806,0
DA:2809,0
DA:2812,0
DA:2815,0
DA:2818,0
DA:2821,0
DA:2824,0
DA:2827,0
DA:2830,0
DA:2833,0
DA:2834,0
DA:2836,0
DA:2839,0
DA:2842,0
DA:2845,0
DA:2848,0
DA:2851,0
DA:2854,0
DA:2857,0
DA:2860,0
DA:2863,0
DA:2866,0
DA:2869,0
DA:2872,0
DA:2875,0
DA:2878,0
DA:2881,0
DA:2884,0
DA:2887,0
DA:2889,0
DA:2890,0
DA:2892,0
DA:2894,0
DA:2897,0
DA:2899,0
DA:2900,0
DA:2902,0
DA:2904,0
DA:2907,0
DA:2909,0
DA:2910,0
DA:2912,0
DA:2914,0
DA:2917,0
DA:2919,0
DA:2920,0
DA:2922,0
DA:2924,0
DA:2927,0
DA:2929,0
DA:2930,0
DA:2932,0
DA:2934,0
DA:2937,0
DA:2939,0
DA:2940,0
DA:2942,0
DA:2944,0
DA:2947,0
DA:2949,0
DA:2950,0
DA:2952,0
DA:2954,0
DA:2957,0
DA:2959,0
DA:2960,0
DA:2962,0
DA:2964,0
DA:2967,0
DA:2969,0
DA:2970,0
DA:2972,0
DA:2974,0
DA:2977,0
DA:2979,0
DA:2980,0
DA:2982,0
DA:2984,0
DA:2987,0
DA:2989,0
DA:2990,0
DA:2992,0
DA:2994,0
DA:2996,0
DA:2997,0
DA:2999,0
DA:3002,0
DA:3004,0
DA:3005,0
DA:3007,0
DA:3009,0
DA:3011,0
DA:3012,0
DA:3014,0
DA:3017,0
DA:3019,0
DA:3020,0
DA:3022,0
DA:3024,0
DA:3026,0
DA:3027,0
DA:3029,0
DA:3032,0
DA:3034,0
DA:3035,0
DA:3037,0
DA:3039,0
DA:3041,0
DA:3042,0
DA:3044,0
DA:3047,0
DA:3050,0
DA:3053,0
DA:3056,0
DA:3059,0
DA:3062,0
DA:3065,0
DA:3068,0
DA:3071,0
DA:3074,0
DA:3077,0
DA:3080,0
DA:3083,0
DA:3085,0
DA:3088,0
DA:3090,0
DA:3093,0
DA:3095,0
DA:3098,0
DA:3100,0
DA:3103,0
DA:3105,0
DA:3108,0
DA:3111,0
DA:3114,0
DA:3117,0
DA:3120,0
DA:3123,0
DA:3126,0
DA:3129,0
DA:3132,0
DA:3135,0
DA:3138,0
DA:3141,0
DA:3144,0
DA:3147,0
DA:3150,0
DA:3153,0
DA:3156,0
DA:3159,0
DA:3162,0
DA:3165,0
DA:3168,0
DA:3171,0
DA:3173,0
DA:3176,0
DA:3179,0
DA:3182,0
DA:3186,0
DA:3190,0
DA:3193,0
DA:3196,0
DA:3199,0
DA:3201,0
DA:3204,0
DA:3207,0
DA:3210,0
DA:3213,0
DA:3216,0
DA:3219,0
DA:3222,0
DA:3225,0
DA:3228,0
DA:3231,0
DA:3234,0
DA:3237,0
DA:3240,0
DA:3243,0
DA:3246,0
DA:3249,0
DA:3252,0
DA:3255,0
DA:3258,0
DA:3261,0
DA:3264,0
DA:3267,0
DA:3270,0
DA:3273,0
DA:3275,0
DA:3278,0
DA:3281,0
DA:3284,0
DA:3287,0
DA:3289,0
DA:3292,0
DA:3295,0
DA:3298,0
DA:3301,0
DA:3305,0
DA:3308,0
DA:3311,0
DA:3314,0
DA:3317,0
DA:3320,0
DA:3323,0
DA:3326,0
DA:3329,0
DA:3332,0
DA:3335,0
DA:3338,0
DA:3341,0
DA:3345,0
DA:3348,0
DA:3351,0
DA:3354,0
DA:3357,0
DA:3360,0
DA:3363,0
DA:3366,0
DA:3369,0
DA:3372,0
DA:3375,0
DA:3378,0
DA:3381,0
DA:3384,0
DA:3387,0
DA:3390,0
DA:3393,0
DA:3396,0
DA:3399,0
DA:3402,0
DA:3405,0
DA:3408,0
DA:3411,0
DA:3414,0
DA:3417,0
DA:3420,0
DA:3423,0
DA:3426,0
DA:3429,0
DA:3432,0
DA:3435,0
DA:3438,0
DA:3441,0
DA:3444,0
DA:3447,0
DA:3450,0
DA:3453,0
DA:3456,0
DA:3459,0
DA:3462,0
DA:3466,0
DA:3469,0
DA:3472,0
DA:3475,0
DA:3478,0
DA:3481,0
DA:3484,0
DA:3487,0
DA:3491,0
DA:3494,0
DA:3498,0
DA:3501,0
DA:3504,0
DA:3508,0
DA:3511,0
DA:3514,0
DA:3517,0
DA:3520,0
DA:3523,0
DA:3526,0
DA:3529,0
DA:3532,0
DA:3534,0
DA:3537,0
DA:3540,0
DA:3543,0
DA:3546,0
DA:3549,0
DA:3552,0
DA:3555,0
DA:3558,0
DA:3561,0
DA:3565,0
DA:3568,0
DA:3571,0
DA:3574,0
DA:3577,0
DA:3580,0
DA:3583,0
DA:3586,0
DA:3589,0
DA:3592,0
DA:3595,0
DA:3598,0
DA:3601,0
DA:3604,0
DA:3607,0
DA:3610,0
DA:3613,0
DA:3616,0
DA:3619,0
DA:3622,0
DA:3625,0
DA:3628,0
DA:3631,0
DA:3634,0
DA:3637,0
DA:3640,0
DA:3643,0
DA:3646,0
DA:3649,0
DA:3652,0
DA:3655,0
DA:3658,0
DA:3661,0
DA:3664,0
DA:3667,0
DA:3670,0
DA:3673,0
DA:3676,0
DA:3679,0
DA:3682,0
DA:3685,0
DA:3688,0
DA:3691,0
DA:3694,0
DA:3697,0
DA:3700,0
DA:3703,0
DA:3706,0
DA:3709,0
DA:3712,0
DA:3715,0
DA:3718,0
DA:3721,0
DA:3724,0
DA:3727,0
DA:3728,0
DA:3730,0
DA:3731,0
DA:3733,0
DA:3736,0
DA:3739,0
DA:3742,0
DA:3745,0
DA:3748,0
DA:3751,0
DA:3754,0
DA:3757,0
DA:3760,0
DA:3763,0
DA:3766,0
DA:3769,0
DA:3772,0
DA:3775,0
DA:3778,0
DA:3781,0
DA:3784,0
DA:3787,0
DA:3789,0
DA:3792,0
DA:3795,0
DA:3798,0
DA:3801,0
DA:3804,0
DA:3807,0
DA:3810,0
DA:3813,0
DA:3816,0
DA:3819,0
LF:1370
LH:0
end_of_record
SF:lib/licenses.dart
DA:3,0
LF:1
LH:0
end_of_record
SF:lib/model/antenna_settings.dart
DA:21,120
DA:23,0
DA:24,0
DA:25,0
DA:26,0
DA:27,0
DA:28,0
DA:29,0
DA:30,0
DA:31,0
DA:32,0
DA:33,0
DA:34,0
DA:35,0
LF:14
LH:1
end_of_record
SF:lib/model/clip_settings.dart
DA:13,80
DA:15,0
DA:16,0
DA:17,0
DA:18,0
DA:19,0
LF:6
LH:1
end_of_record
SF:lib/model/color_theme.dart
DA:34,0
DA:35,0
DA:37,0
DA:38,0
DA:39,0
DA:40,0
DA:44,0
DA:45,0
DA:46,0
DA:47,0
DA:48,0
DA:49,0
DA:50,0
DA:51,0
DA:52,0
DA:53,0
DA:56,0
DA:57,0
DA:58,0
DA:59,0
DA:60,0
DA:65,0
DA:67,0
DA:69,0
DA:70,0
DA:71,0
DA:72,0
DA:73,0
DA:76,0
DA:77,0
DA:78,0
DA:79,0
DA:80,0
DA:83,0
DA:88,0
DA:91,0
DA:93,0
DA:94,0
DA:95,0
DA:97,0
DA:98,0
DA:99,0
DA:100,0
DA:101,0
DA:102,0
DA:103,0
DA:104,0
DA:105,0
DA:106,0
DA:107,0
DA:108,0
DA:109,0
DA:110,0
DA:111,0
DA:112,0
LF:55
LH:0
end_of_record
SF:lib/model/misskey_theme.dart
DA:17,0
DA:18,0
LF:2
LH:0
end_of_record
SF:lib/model/misskey_theme.g.dart
DA:9,0
DA:10,0
DA:11,0
DA:12,0
DA:13,0
DA:14,0
DA:15,0
DA:16,0
DA:19,0
DA:20,0
DA:21,0
DA:22,0
DA:23,0
DA:24,0
DA:25,0
DA:26,0
LF:16
LH:0
end_of_record
SF:lib/model/converters/icon_converter.dart
DA:5,120
DA:7,0
DA:9,0
DA:11,0
DA:12,0
DA:13,0
DA:15,0
DA:19,0
DA:20,0
LF:9
LH:1
end_of_record
SF:lib/model/tab_icon.dart
DA:10,0
DA:11,0
LF:2
LH:0
end_of_record
SF:lib/model/tab_icon.g.dart
DA:9,0
DA:10,0
DA:11,0
DA:14,0
DA:15,0
DA:16,0
LF:6
LH:0
end_of_record
SF:lib/model/desktop_settings.dart
DA:12,0
DA:13,0
DA:25,0
DA:26,0
LF:4
LH:0
end_of_record
SF:lib/model/desktop_settings.g.dart
DA:9,0
DA:10,0
DA:11,0
DA:13,0
DA:14,0
DA:18,0
DA:19,0
DA:21,0
DA:23,0
DA:24,0
DA:25,0
DA:26,0
DA:27,0
DA:30,0
DA:32,0
DA:33,0
DA:34,0
DA:35,0
DA:36,0
LF:19
LH:0
end_of_record
SF:lib/model/exported_setting.dart
DA:17,0
DA:18,0
LF:2
LH:0
end_of_record
SF:lib/model/exported_setting.g.dart
DA:9,0
DA:10,0
DA:11,0
DA:12,0
DA:15,0
DA:16,0
DA:17,0
DA:20,0
DA:21,0
DA:22,0
DA:26,0
DA:28,0
DA:29,0
DA:30,0
DA:31,0
LF:15
LH:0
end_of_record
SF:lib/model/federation_data.g.dart
DA:14,0
DA:17,0
DA:28,0
DA:29,0
DA:31,0
DA:33,0
DA:35,0
DA:38,0
DA:40,0
DA:42,0
DA:44,0
DA:47,0
DA:49,0
DA:53,0
DA:64,40
DA:65,0
DA:79,0
DA:80,0
DA:82,0
DA:88,0
DA:91,0
DA:94,0
DA:95,0
DA:97,0
DA:104,0
LF:25
LH:1
end_of_record
SF:lib/model/federation_data.dart
DA:43,0
DA:45,0
DA:47,0
DA:52,0
DA:54,0
DA:57,0
DA:58,0
DA:59,0
DA:60,0
DA:62,0
DA:64,0
DA:65,0
DA:66,0
DA:67,0
DA:68,0
DA:69,0
DA:70,0
DA:71,0
DA:72,0
DA:73,0
DA:74,0
DA:75,0
DA:76,0
DA:77,0
DA:78,0
DA:80,0
DA:81,0
DA:82,0
DA:91,0
DA:92,0
DA:93,0
DA:94,0
DA:96,0
DA:97,0
DA:101,0
DA:102,0
DA:103,0
DA:104,0
DA:106,0
DA:113,0
DA:114,0
DA:120,0
DA:122,0
DA:123,0
DA:124,0
DA:127,0
DA:132,0
DA:135,0
DA:139,0
DA:140,0
DA:141,0
DA:142,0
DA:143,0
DA:146,0
DA:150,0
DA:154,0
DA:155,0
DA:156,0
DA:157,0
DA:158,0
DA:159,0
DA:160,0
DA:161,0
DA:162,0
DA:163,0
DA:164,0
DA:165,0
DA:166,0
DA:167,0
DA:168,0
DA:172,0
DA:173,0
DA:174,0
LF:73
LH:0
end_of_record
SF:lib/model/image_file.dart
DA:8,2
DA:17,2
DA:29,1
DA:41,1
DA:53,0
LF:5
LH:4
end_of_record
SF:lib/model/note_search_condition.dart
DA:14,1
DA:16,0
DA:17,0
LF:3
LH:1
end_of_record
SF:lib/model/server_preset.dart
DA:17,2
DA:18,2
DA:33,1
DA:34,1
DA:37,1
DA:38,1
DA:39,2
DA:41,1
DA:42,1
DA:47,1
DA:50,0
DA:52,2
DA:53,2
DA:55,4
DA:56,2
DA:57,6
DA:58,2
DA:62,2
DA:63,2
DA:65,0
LF:20
LH:18
end_of_record
SF:lib/model/server_preset.g.dart
DA:9,2
DA:10,2
DA:11,2
DA:13,4
DA:15,2
DA:16,4
DA:17,2
DA:21,0
DA:22,0
DA:23,0
DA:24,0
DA:25,0
DA:26,0
DA:29,1
DA:30,1
DA:31,1
DA:32,1
DA:33,1
DA:34,1
DA:35,1
DA:37,2
DA:40,0
DA:41,0
DA:42,0
DA:43,0
DA:44,0
DA:45,0
DA:46,0
LF:28
LH:15
end_of_record
SF:lib/model/summaly_result.dart
DA:20,0
DA:21,0
DA:33,0
LF:3
LH:0
end_of_record
SF:lib/model/summaly_result.g.dart
DA:9,0
DA:10,0
DA:11,0
DA:12,0
DA:13,0
DA:14,0
DA:15,0
DA:16,0
DA:17,0
DA:18,0
DA:21,0
DA:22,0
DA:23,0
DA:24,0
DA:25,0
DA:26,0
DA:27,0
DA:28,0
DA:29,0
DA:30,0
DA:33,0
DA:34,0
DA:35,0
DA:36,0
DA:37,0
DA:40,0
DA:41,0
DA:42,0
DA:43,0
DA:44,0
LF:30
LH:0
end_of_record
SF:lib/model/tab_type.dart
DA:15,0
DA:17,0
DA:18,0
DA:19,0
DA:20,0
DA:21,0
DA:22,0
DA:23,0
DA:24,0
DA:25,0
LF:10
LH:0
end_of_record
SF:lib/model/unicode_emoji.dart
DA:15,0
DA:16,0
LF:2
LH:0
end_of_record
SF:lib/model/unicode_emoji.g.dart
DA:9,0
DA:10,0
DA:11,0
DA:12,0
DA:13,0
DA:14,0
DA:15,0
DA:16,0
DA:19,0
DA:20,0
DA:21,0
DA:22,0
DA:23,0
DA:24,0
LF:14
LH:0
end_of_record
SF:lib/model/users_list_settings.dart
DA:12,80
DA:14,0
DA:15,0
DA:16,0
DA:17,0
LF:5
LH:1
end_of_record
SF:lib/repository/antenna_timeline_repository.dart
DA:7,0
DA:16,0
DA:18,0
DA:19,0
DA:20,0
DA:27,0
DA:28,0
DA:30,0
DA:31,0
LF:9
LH:0
end_of_record
SF:lib/repository/channel_time_line_repository.dart
DA:7,0
DA:16,0
DA:18,0
DA:19,0
DA:20,0
DA:27,0
DA:28,0
DA:30,0
DA:31,0
LF:9
LH:0
end_of_record
SF:lib/repository/custom_timeline_repository.dart
DA:8,1
DA:17,1
DA:18,2
DA:19,0
DA:20,3
DA:21,1
DA:22,3
DA:23,3
DA:26,1
DA:28,1
DA:30,0
DA:32,0
DA:34,0
DA:35,0
DA:38,0
DA:39,0
LF:16
LH:9
end_of_record
SF:lib/repository/desktop_settings_repository.dart
DA:11,0
DA:13,0
DA:14,0
DA:15,0
DA:17,0
DA:18,0
DA:21,0
DA:22,0
DA:26,0
DA:27,0
DA:28,0
DA:30,0
DA:31,0
DA:34,0
DA:35,0
DA:36,0
LF:16
LH:0
end_of_record
SF:lib/repository/favorite_repository.dart
DA:9,0
DA:12,0
DA:14,0
DA:15,0
DA:16,0
DA:17,0
DA:21,0
DA:22,0
DA:23,0
DA:25,0
LF:10
LH:0
end_of_record
SF:lib/repository/global_time_line_repository.dart
DA:7,0
DA:16,0
DA:18,0
DA:19,0
DA:23,0
DA:24,0
DA:26,0
DA:27,0
LF:8
LH:0
end_of_record
SF:lib/repository/home_time_line_repository.dart
DA:7,0
DA:16,0
DA:18,0
DA:19,0
DA:22,0
DA:23,0
DA:28,0
DA:29,0
DA:31,0
DA:32,0
DA:33,0
DA:34,0
LF:12
LH:0
end_of_record
SF:lib/repository/hybrid_timeline_repository.dart
DA:7,0
DA:16,0
DA:18,0
DA:19,0
DA:21,0
DA:22,0
DA:23,0
DA:28,0
DA:29,0
DA:31,0
DA:32,0
LF:11
LH:0
end_of_record
SF:lib/repository/import_export_repository.dart
DA:24,0
DA:26,0
DA:30,0
DA:31,0
DA:32,0
DA:33,0
DA:34,0
DA:35,0
DA:36,0
DA:37,0
DA:38,0
DA:39,0
DA:40,0
DA:41,0
DA:47,0
DA:50,0
DA:51,0
DA:52,0
DA:55,0
DA:60,0
DA:62,0
DA:64,0
DA:65,0
DA:66,0
DA:68,0
DA:73,0
DA:75,0
DA:76,0
DA:77,0
DA:79,0
DA:81,0
DA:84,0
DA:85,0
DA:87,0
DA:88,0
DA:93,0
DA:94,0
DA:95,0
DA:98,0
DA:100,0
DA:101,0
DA:102,0
DA:109,0
DA:111,0
DA:113,0
DA:114,0
DA:116,0
DA:117,0
DA:119,0
DA:123,0
DA:124,0
DA:125,0
DA:128,0
DA:133,0
DA:135,0
DA:137,0
DA:138,0
DA:139,0
DA:141,0
DA:142,0
DA:143,0
DA:145,0
DA:147,0
DA:148,0
DA:149,0
DA:150,0
DA:151,0
DA:152,0
DA:156,0
DA:158,0
DA:159,0
DA:160,0
DA:161,0
DA:162,0
DA:163,0
DA:164,0
DA:165,0
DA:166,0
DA:167,0
DA:168,0
DA:169,0
DA:170,0
DA:171,0
DA:172,0
DA:173,0
DA:177,0
DA:178,0
DA:179,0
DA:180,0
DA:181,0
DA:182,0
DA:183,0
DA:184,0
DA:186,0
DA:189,0
DA:192,0
DA:193,0
LF:97
LH:0
end_of_record
SF:lib/repository/local_time_line_repository.dart
DA:7,0
DA:16,0
DA:18,0
DA:19,0
DA:21,0
DA:22,0
DA:23,0
DA:28,0
DA:29,0
DA:31,0
DA:32,0
DA:33,0
DA:34,0
DA:35,0
LF:14
LH:0
end_of_record
SF:lib/repository/role_timeline_repository.dart
DA:7,0
DA:16,0
DA:18,0
DA:19,0
DA:20,0
DA:27,0
DA:28,0
DA:30,0
DA:31,0
LF:9
LH:0
end_of_record
SF:lib/repository/time_line_repository.dart
DA:16,1
DA:22,1
DA:23,2
DA:24,0
DA:25,0
DA:26,0
DA:29,2
DA:32,4
DA:34,0
DA:35,0
DA:36,0
DA:42,1
DA:44,1
DA:45,1
DA:46,2
DA:49,1
DA:51,3
DA:52,1
DA:53,2
DA:56,0
DA:58,0
DA:59,0
DA:60,0
DA:63,0
DA:65,0
DA:66,0
DA:67,0
DA:70,0
DA:72,0
DA:73,0
DA:74,0
DA:84,0
DA:100,1
DA:106,2
DA:107,0
DA:108,0
DA:109,0
DA:110,0
DA:112,0
DA:114,0
DA:115,0
DA:117,0
DA:120,0
DA:122,0
DA:123,0
DA:124,0
DA:125,0
DA:126,0
DA:127,0
DA:129,0
DA:133,0
DA:135,0
DA:136,0
DA:137,0
DA:138,0
DA:139,0
DA:140,0
DA:142,0
DA:147,0
DA:151,2
DA:152,1
DA:153,1
DA:154,1
DA:156,2
DA:157,1
DA:158,1
DA:159,1
DA:162,0
DA:164,0
DA:166,0
DA:168,0
DA:169,0
DA:172,0
DA:174,0
DA:175,0
DA:176,0
DA:179,0
DA:180,0
DA:185,0
DA:190,0
DA:191,0
DA:192,0
DA:194,0
DA:195,0
DA:196,0
DA:200,0
DA:204,0
DA:205,0
DA:206,0
DA:208,0
DA:209,0
DA:211,0
DA:215,0
DA:216,0
DA:217,0
DA:221,0
DA:223,0
DA:224,0
DA:225,0
DA:226,0
DA:227,0
DA:231,0
DA:233,0
LF:103
LH:23
end_of_record
SF:lib/repository/user_list_time_line_repository.dart
DA:7,0
DA:16,0
DA:18,0
DA:19,0
DA:20,0
DA:22,0
DA:23,0
DA:28,0
DA:30,0
DA:32,0
DA:34,0
LF:11
LH:0
end_of_record
SF:lib/router/app_router.dart
DA:99,22
DA:100,22
DA:101,44
DA:102,44
DA:103,44
DA:104,44
DA:105,44
DA:106,44
DA:107,44
DA:108,44
DA:109,44
DA:110,44
DA:111,44
DA:112,44
DA:113,44
DA:114,44
DA:115,44
DA:116,44
DA:117,44
DA:118,44
DA:119,44
DA:120,44
DA:121,44
DA:122,44
DA:123,44
DA:124,44
DA:125,44
DA:126,44
DA:127,44
DA:128,44
DA:129,44
DA:130,44
DA:131,44
DA:132,44
DA:133,44
DA:134,44
DA:135,44
DA:136,44
DA:137,44
DA:138,44
DA:139,44
DA:140,44
DA:141,44
DA:142,44
DA:143,44
DA:144,44
DA:145,44
DA:146,44
DA:148,44
DA:150,44
DA:153,44
DA:154,44
DA:155,44
DA:156,44
DA:157,44
DA:158,44
DA:159,44
DA:160,44
DA:161,44
DA:162,44
DA:163,44
DA:164,44
DA:165,44
DA:166,44
DA:167,44
DA:168,44
DA:169,44
DA:170,44
DA:171,44
DA:172,44
DA:173,44
DA:174,44
DA:175,44
DA:178,44
DA:179,44
DA:180,44
DA:181,44
DA:182,44
DA:183,44
DA:184,44
DA:190,22
DA:191,22
DA:195,8
DA:197,4
DA:205,22
DA:206,22
DA:209,1
DA:210,1
DA:211,1
LF:89
LH:89
end_of_record
SF:lib/util/file_system_io.dart
DA:13,40
DA:15,20
DA:16,20
DA:17,0
DA:18,20
DA:20,0
DA:23,0
DA:24,0
DA:28,0
DA:30,0
DA:31,0
DA:32,0
DA:34,0
LF:13
LH:4
end_of_record
SF:lib/util/server_utils.dart
DA:13,2
DA:14,2
DA:16,2
DA:17,4
DA:19,0
DA:28,2
DA:29,6
DA:30,4
DA:31,2
DA:32,4
DA:33,2
DA:34,2
DA:37,2
DA:38,3
DA:39,2
DA:41,2
DA:45,2
DA:46,2
DA:48,4
DA:49,1
DA:50,4
DA:51,4
LF:22
LH:21
end_of_record
SF:lib/repository/socket_timeline_repository.g.dart
DA:22,0
DA:25,0
DA:33,0
DA:34,0
DA:36,0
DA:38,0
DA:40,0
DA:43,0
DA:47,0
DA:49,0
DA:51,0
DA:52,0
DA:55,0
DA:57,0
DA:60,0
DA:62,0
DA:66,0
DA:70,40
DA:71,0
DA:79,0
DA:80,0
DA:82,0
LF:22
LH:1
end_of_record
SF:lib/repository/socket_timeline_repository.dart
DA:18,0
DA:20,0
DA:45,1
DA:55,0
DA:56,0
DA:57,0
DA:58,0
DA:59,0
DA:60,0
DA:61,0
DA:65,0
DA:66,0
DA:67,0
DA:68,0
DA:69,0
DA:73,0
DA:74,0
DA:75,0
DA:76,0
DA:79,0
DA:81,0
DA:83,0
DA:84,0
DA:87,0
DA:90,0
DA:92,0
DA:93,0
DA:94,0
DA:95,0
DA:97,0
DA:98,0
DA:99,0
DA:102,0
DA:103,0
DA:104,0
DA:107,0
DA:108,0
DA:111,0
DA:112,0
DA:113,0
DA:114,0
DA:116,0
DA:117,0
DA:118,0
DA:121,0
DA:122,0
DA:126,0
DA:132,0
DA:134,0
DA:136,0
DA:137,0
DA:139,0
DA:141,0
DA:142,0
DA:146,0
DA:148,0
DA:149,0
DA:152,0
DA:153,0
DA:154,0
DA:155,0
DA:157,0
DA:162,0
DA:163,0
DA:164,0
DA:165,0
DA:166,0
DA:167,0
DA:168,0
DA:169,0
DA:170,0
DA:171,0
DA:172,0
DA:174,0
DA:175,0
DA:176,0
DA:180,1
DA:182,4
DA:183,0
DA:185,1
DA:186,3
DA:188,2
DA:189,1
DA:190,1
DA:193,0
DA:195,0
DA:196,0
DA:197,0
DA:199,0
DA:201,0
DA:203,0
DA:205,0
DA:208,0
DA:210,0
DA:211,0
DA:212,0
DA:213,0
DA:215,0
DA:216,0
DA:217,0
DA:218,0
DA:219,0
DA:222,0
DA:223,0
DA:224,0
DA:225,0
DA:228,0
DA:231,0
DA:234,0
DA:235,0
DA:236,0
DA:237,0
DA:238,0
DA:240,0
DA:241,0
DA:245,0
DA:247,0
DA:248,0
DA:249,0
DA:250,0
DA:251,0
DA:252,0
DA:254,0
DA:255,0
DA:260,0
DA:262,0
DA:263,0
DA:264,0
DA:267,0
DA:268,0
DA:269,0
DA:270,0
DA:271,0
DA:273,0
DA:274,0
DA:275,0
DA:276,0
DA:277,0
DA:278,0
DA:281,0
DA:283,0
DA:285,0
DA:286,0
DA:287,0
DA:288,0
DA:289,0
DA:290,0
DA:291,0
DA:292,0
DA:293,0
DA:294,0
DA:295,0
DA:296,0
DA:297,0
DA:298,0
DA:299,0
DA:300,0
DA:301,0
DA:302,0
DA:303,0
DA:304,0
DA:305,0
DA:306,0
DA:307,0
DA:308,0
DA:309,0
DA:310,0
DA:311,0
DA:312,0
DA:313,0
DA:314,0
DA:315,0
DA:316,0
DA:317,0
DA:318,0
DA:319,0
DA:320,0
DA:321,0
DA:322,0
DA:323,0
DA:324,0
DA:325,0
DA:326,0
DA:328,0
DA:329,0
DA:331,0
DA:332,0
DA:334,0
DA:335,0
DA:337,0
DA:338,0
DA:340,0
DA:342,0
DA:343,0
DA:344,0
DA:345,0
DA:347,0
DA:348,0
DA:349,0
DA:350,0
DA:352,0
DA:353,0
DA:358,0
DA:360,0
DA:362,0
DA:363,0
DA:364,0
DA:365,0
DA:366,0
DA:367,0
DA:368,0
DA:369,0
DA:370,0
DA:371,0
DA:372,0
DA:373,0
DA:374,0
DA:375,0
DA:376,0
DA:377,0
DA:378,0
DA:379,0
DA:380,0
DA:381,0
DA:382,0
DA:383,0
DA:384,0
DA:385,0
DA:386,0
DA:387,0
DA:388,0
DA:389,0
DA:390,0
DA:391,0
DA:392,0
DA:393,0
DA:394,0
DA:395,0
DA:396,0
DA:397,0
DA:399,0
DA:400,0
DA:402,0
DA:403,0
DA:405,0
DA:406,0
DA:408,0
DA:409,0
DA:411,0
DA:413,0
DA:415,0
DA:416,0
DA:418,0
DA:419,0
DA:420,0
DA:421,0
DA:422,0
DA:423,0
DA:425,0
DA:426,0
DA:429,0
DA:430,0
DA:431,0
DA:434,0
DA:435,0
DA:437,0
DA:438,0
DA:439,0
DA:442,0
DA:443,0
DA:445,0
DA:446,0
DA:447,0
DA:448,0
DA:450,0
DA:451,0
DA:454,0
DA:456,0
DA:459,0
DA:460,0
DA:463,0
DA:466,0
DA:467,0
DA:468,0
DA:470,0
DA:471,0
DA:473,0
DA:474,0
DA:476,0
DA:477,0
DA:478,0
DA:479,0
DA:480,0
DA:483,0
DA:485,0
DA:486,0
DA:487,0
DA:488,0
DA:489,0
DA:490,0
LF:300
LH:8
end_of_record
SF:lib/util/emoji_search.dart
DA:3,0
DA:4,0
DA:6,0
DA:7,0
DA:10,0
DA:12,0
DA:14,0
DA:15,0
DA:16,0
DA:18,0
DA:24,0
DA:32,0
DA:33,0
DA:34,0
DA:35,0
DA:36,0
DA:38,0
DA:39,0
DA:40,0
DA:42,0
LF:20
LH:0
end_of_record
SF:lib/view/dialogs/simple_confirm_dialog.dart
DA:13,0
DA:20,0
DA:22,0
DA:31,0
DA:38,0
DA:40,0
DA:42,0
DA:43,0
DA:44,0
DA:45,0
DA:46,0
DA:47,0
DA:48,0
DA:49,0
DA:50,0
DA:52,0
DA:53,0
DA:54,0
DA:61,0
DA:62,0
DA:63,0
DA:64,0
DA:65,0
DA:66,0
DA:68,0
DA:69,0
DA:70,0
LF:27
LH:0
end_of_record
SF:lib/view/dialogs/simple_message_dialog.dart
DA:7,0
DA:8,0
DA:10,0
DA:13,0
DA:15,0
DA:17,0
DA:18,0
DA:19,0
DA:20,0
DA:21,0
DA:22,0
DA:24,0
LF:12
LH:0
end_of_record
SF:lib/view/settings_page/import_export_page/folder_select_dialog.dart
DA:12,0
DA:23,0
DA:30,0
DA:32,0
DA:38,0
DA:40,0
DA:41,0
DA:42,0
DA:43,0
DA:44,0
DA:45,0
DA:46,0
DA:47,0
DA:48,0
DA:49,0
DA:50,0
DA:55,0
DA:60,0
DA:61,0
DA:62,0
DA:63,0
DA:64,0
DA:65,0
DA:66,0
DA:71,0
DA:72,0
DA:73,0
DA:74,0
DA:75,0
DA:78,0
DA:80,0
DA:81,0
DA:82,0
DA:83,0
DA:84,0
DA:85,0
DA:88,0
DA:90,0
DA:91,0
DA:92,0
DA:94,0
DA:95,0
DA:96,0
DA:97,0
DA:103,0
DA:104,0
DA:107,0
DA:108,0
DA:109,0
DA:110,0
DA:111,0
DA:112,0
DA:113,0
DA:114,0
DA:115,0
DA:116,0
DA:117,0
DA:123,0
DA:124,0
DA:125,0
DA:126,0
DA:128,0
DA:136,0
DA:137,0
DA:138,0
DA:139,0
DA:141,0
LF:67
LH:0
end_of_record
SF:lib/view/share_extension_page/share_extension_page.dart
DA:23,0
DA:24,0
DA:31,0
DA:32,0
DA:37,40
DA:39,0
DA:41,0
DA:44,36
DA:50,0
DA:52,0
DA:53,0
DA:54,0
DA:56,0
DA:57,0
DA:58,0
DA:60,0
DA:61,0
DA:65,0
DA:66,0
DA:67,0
DA:68,0
DA:69,0
DA:70,0
DA:74,0
DA:75,0
DA:76,0
DA:77,0
DA:78,0
DA:79,0
DA:85,0
DA:86,0
DA:92,0
DA:94,0
DA:95,0
DA:96,0
LF:35
LH:2
end_of_record
SF:lib/view/share_extension_page/share_extension_page.g.dart
DA:9,0
DA:10,0
DA:11,0
DA:12,0
DA:13,0
DA:14,0
DA:17,0
DA:18,0
DA:19,0
DA:20,0
DA:23,0
DA:24,0
DA:25,0
DA:28,0
DA:29,0
LF:15
LH:0
end_of_record
SF:lib/view/abuse_dialog/abuse_dialog.dart
DA:21,1
DA:28,1
DA:30,2
DA:32,1
DA:34,2
DA:36,2
DA:38,1
DA:39,1
DA:40,1
DA:41,1
DA:42,2
DA:43,1
DA:47,2
DA:48,1
DA:49,3
DA:51,2
DA:54,1
DA:55,1
DA:56,4
DA:58,1
DA:59,1
DA:61,1
DA:62,3
DA:63,1
DA:69,1
DA:70,2
DA:71,3
DA:76,1
DA:77,1
DA:78,1
DA:79,1
DA:80,3
DA:81,3
LF:33
LH:33
end_of_record
SF:lib/view/announcements_page/announcements_page.dart
DA:12,0
DA:14,0
DA:16,0
DA:18,0
DA:20,0
DA:21,0
DA:22,0
DA:24,0
LF:8
LH:0
end_of_record
SF:lib/view/antenna_page/antenna_notes_page.dart
DA:19,1
DA:25,1
DA:27,2
DA:29,1
DA:32,1
DA:33,1
DA:34,3
DA:35,0
DA:39,1
DA:41,1
DA:42,1
DA:43,2
DA:44,1
DA:45,1
DA:47,0
DA:48,0
DA:49,0
DA:50,0
DA:51,0
DA:52,0
DA:55,0
DA:58,0
DA:59,0
DA:64,1
DA:66,2
LF:25
LH:15
end_of_record
SF:lib/view/antenna_page/antenna_page.dart
DA:16,1
DA:18,1
DA:20,2
DA:22,1
DA:24,1
DA:25,1
DA:26,3
DA:27,1
DA:28,1
DA:30,0
DA:31,0
DA:32,0
DA:33,0
DA:34,0
DA:37,0
DA:40,0
DA:41,0
LF:17
LH:9
end_of_record
SF:lib/view/antenna_page/antenna_settings_dialog.dart
DA:18,0
DA:19,0
DA:23,0
DA:25,0
DA:28,0
DA:30,0
DA:34,0
DA:36,0
DA:40,0
DA:42,0
DA:46,0
DA:48,0
DA:52,0
DA:54,0
DA:55,0
DA:60,0
DA:62,0
DA:64,0
DA:65,0
DA:66,0
DA:67,0
DA:72,0
DA:74,0
DA:78,0
DA:80,0
DA:84,0
DA:86,0
DA:90,0
DA:92,0
DA:97,0
DA:98,0
DA:99,0
DA:105,0
DA:116,0
DA:118,0
DA:119,0
DA:121,0
DA:122,0
DA:123,0
DA:125,0
DA:126,0
DA:127,0
DA:133,0
DA:135,0
DA:139,0
DA:143,0
DA:145,0
DA:146,0
DA:147,0
DA:148,0
DA:149,0
DA:150,0
DA:151,0
DA:155,0
DA:156,0
DA:157,0
DA:160,0
DA:161,0
DA:162,0
DA:164,0
DA:165,0
DA:168,0
DA:169,0
DA:170,0
DA:175,0
DA:176,0
DA:179,0
DA:181,0
DA:183,0
DA:184,0
DA:186,0
DA:187,0
DA:188,0
DA:189,0
DA:190,0
DA:191,0
DA:195,0
DA:196,0
DA:197,0
DA:199,0
DA:200,0
DA:203,0
DA:204,0
DA:205,0
DA:206,0
DA:207,0
DA:209,0
DA:212,0
DA:213,0
DA:215,0
DA:219,0
DA:220,0
DA:222,0
DA:224,0
DA:225,0
DA:227,0
DA:228,0
DA:229,0
DA:233,0
DA:234,0
DA:235,0
DA:239,0
DA:240,0
DA:242,0
DA:243,0
DA:244,0
DA:245,0
DA:249,0
DA:250,0
DA:251,0
DA:252,0
DA:254,0
DA:256,0
DA:259,0
DA:260,0
DA:261,0
DA:262,0
DA:263,0
DA:266,0
DA:267,0
DA:268,0
DA:275,0
DA:276,0
DA:278,0
DA:279,0
DA:280,0
DA:281,0
DA:282,0
DA:285,0
DA:286,0
DA:287,0
DA:292,0
DA:293,0
DA:295,0
DA:296,0
DA:297,0
DA:298,0
DA:300,0
DA:301,0
DA:303,0
DA:304,0
DA:305,0
DA:307,0
DA:308,0
DA:310,0
DA:311,0
DA:312,0
DA:314,0
DA:315,0
DA:317,0
DA:318,0
DA:319,0
DA:320,0
DA:322,0
DA:323,0
DA:327,0
DA:328,0
DA:329,0
DA:330,0
DA:331,0
DA:332,0
DA:333,0
DA:334,0
DA:335,0
DA:337,0
LF:165
LH:0
end_of_record
SF:lib/view/antenna_page/antenna_settings_dialog.g.dart
DA:16,40
DA:17,0
DA:27,0
DA:28,0
DA:30,0
DA:33,0
DA:35,0
DA:37,0
DA:41,0
DA:42,0
DA:44,0
DA:49,0
DA:56,40
DA:57,0
DA:71,0
DA:72,0
DA:74,0
DA:76,0
DA:79,0
DA:80,0
DA:82,0
DA:87,0
DA:92,0
DA:95,0
DA:96,0
DA:98,0
DA:105,0
DA:120,40
DA:121,0
DA:138,0
DA:139,0
DA:141,0
DA:145,0
DA:147,0
DA:149,0
DA:153,0
LF:36
LH:3
end_of_record
SF:lib/view/channel_description_dialog.dart
DA:14,0
DA:16,0
DA:20,0
DA:26,0
DA:28,0
DA:30,0
DA:32,0
DA:33,0
DA:34,0
DA:35,0
DA:36,0
DA:37,0
DA:43,0
DA:44,0
DA:45,0
DA:46,0
DA:47,0
DA:48,0
DA:57,0
DA:58,0
DA:59,0
DA:60,0
DA:61,0
LF:23
LH:0
end_of_record
SF:lib/view/channels_page/channel_detail_page.dart
DA:18,1
DA:24,1
DA:26,2
DA:28,1
DA:30,1
DA:32,1
DA:33,1
DA:34,3
DA:35,1
DA:36,1
DA:37,4
DA:38,4
DA:39,4
DA:40,4
DA:46,1
DA:47,1
DA:48,1
DA:49,1
DA:51,2
DA:54,1
DA:56,2
DA:58,1
DA:60,2
DA:62,1
DA:64,2
DA:68,2
DA:69,2
DA:79,1
DA:81,1
DA:83,3
DA:85,2
DA:86,2
DA:88,1
DA:90,0
DA:91,0
DA:92,0
DA:93,0
DA:95,0
DA:96,0
DA:97,0
LF:40
LH:33
end_of_record
SF:lib/view/channels_page/channels_page.dart
DA:16,1
DA:17,1
DA:19,2
DA:21,1
DA:23,1
DA:26,1
DA:27,1
DA:28,3
DA:29,1
DA:30,1
DA:31,3
DA:32,3
DA:33,3
DA:34,3
DA:35,3
DA:41,1
DA:42,1
LF:17
LH:17
end_of_record
SF:lib/view/clip_list_page/clip_detail_page.dart
DA:19,1
DA:24,1
DA:26,2
DA:28,1
DA:30,1
DA:31,1
DA:32,3
DA:35,1
DA:38,0
DA:39,0
DA:40,0
DA:41,0
DA:46,0
DA:47,0
DA:50,1
DA:51,1
DA:52,1
DA:53,1
DA:55,0
DA:57,0
DA:61,1
DA:63,2
LF:22
LH:14
end_of_record
SF:lib/view/clip_list_page/clip_list_page.dart
DA:18,1
DA:20,1
DA:22,2
DA:24,1
DA:26,1
DA:28,1
DA:29,1
DA:30,3
DA:31,1
DA:32,1
DA:34,0
DA:35,0
DA:36,0
DA:38,0
DA:40,0
DA:46,1
DA:49,1
DA:50,0
DA:52,3
DA:53,1
DA:54,1
DA:55,1
DA:56,1
DA:58,2
DA:70,1
DA:72,1
DA:74,1
DA:75,0
DA:77,1
DA:79,1
LF:30
LH:23
end_of_record
SF:lib/view/clip_list_page/clip_settings_dialog.g.dart
DA:20,40
DA:21,0
DA:31,0
DA:32,0
DA:34,0
DA:38,0
DA:40,0
DA:42,0
DA:46,0
DA:47,0
DA:49,0
DA:54,0
DA:62,40
DA:63,0
DA:73,0
DA:74,0
DA:76,0
DA:79,0
DA:81,0
DA:83,0
DA:87,0
DA:88,0
DA:90,0
DA:95,0
DA:102,40
DA:103,0
DA:113,0
DA:114,0
DA:116,0
DA:118,0
DA:121,0
DA:122,0
DA:124,0
DA:129,0
DA:134,0
DA:137,0
DA:138,0
DA:140,0
DA:147,0
LF:39
LH:3
end_of_record
SF:lib/view/clip_list_page/clip_settings_dialog.dart
DA:10,0
DA:11,0
DA:13,0
DA:15,0
DA:20,0
DA:22,0
DA:25,0
DA:27,0
DA:31,0
DA:33,0
DA:34,0
DA:39,0
DA:41,0
DA:48,0
DA:57,0
DA:59,0
DA:60,0
DA:62,0
DA:63,0
DA:64,0
DA:73,40
DA:75,0
DA:77,0
DA:78,0
DA:79,0
DA:81,0
DA:83,0
DA:85,0
DA:86,0
DA:87,0
DA:89,0
DA:90,0
DA:93,0
DA:94,0
DA:95,0
DA:100,0
DA:101,0
DA:104,0
DA:105,0
DA:108,0
DA:109,0
DA:113,0
DA:114,0
DA:116,0
DA:117,0
DA:118,0
DA:120,0
DA:121,0
DA:123,0
DA:124,0
DA:125,0
DA:126,0
DA:127,0
DA:128,0
DA:129,0
DA:130,0
DA:132,0
LF:57
LH:1
end_of_record
SF:lib/view/clip_modal_sheet/clip_modal_sheet.dart
DA:22,0
DA:24,0
DA:25,0
DA:26,0
DA:27,0
DA:28,0
DA:31,0
DA:32,0
DA:35,0
DA:36,0
DA:37,0
DA:47,0
DA:50,0
DA:51,0
DA:52,0
DA:54,0
DA:55,0
DA:56,0
DA:60,0
DA:61,0
DA:63,0
DA:64,0
DA:65,0
DA:66,0
DA:67,0
DA:68,0
DA:69,0
DA:71,0
DA:73,0
DA:74,0
DA:75,0
DA:76,0
DA:77,0
DA:78,0
DA:79,0
DA:82,0
DA:83,0
DA:93,0
DA:94,0
DA:95,0
DA:96,0
DA:97,0
DA:98,0
DA:99,0
DA:100,0
DA:101,0
DA:111,0
DA:117,0
DA:119,0
DA:121,0
DA:123,0
DA:124,0
DA:126,0
DA:127,0
DA:128,0
DA:131,0
DA:135,0
DA:136,0
DA:137,0
DA:138,0
DA:139,0
DA:140,0
DA:143,0
DA:144,0
DA:146,0
DA:148,0
DA:151,0
DA:152,0
DA:155,0
DA:157,0
DA:158,0
DA:163,0
DA:166,0
DA:167,0
LF:74
LH:0
end_of_record
SF:lib/view/clip_modal_sheet/clip_modal_sheet.g.dart
DA:14,0
DA:17,0
DA:29,0
DA:30,0
DA:32,0
DA:34,0
DA:36,0
DA:39,0
DA:41,0
DA:43,0
DA:45,0
DA:48,0
DA:50,0
DA:54,0
DA:66,40
DA:67,0
DA:78,0
DA:79,0
DA:81,0
DA:87,0
DA:90,0
DA:93,0
DA:94,0
DA:96,0
DA:103,0
DA:113,0
DA:116,0
DA:131,0
DA:132,0
DA:134,0
DA:136,0
DA:138,0
DA:141,0
DA:143,0
DA:145,0
DA:147,0
DA:148,0
DA:151,0
DA:153,0
DA:157,0
DA:169,40
DA:170,0
DA:187,0
DA:188,0
DA:190,0
DA:197,0
DA:200,0
DA:203,0
DA:205,0
DA:207,0
DA:214,0
LF:51
LH:2
end_of_record
SF:lib/view/common/account_select_dialog.dart
DA:14,0
DA:30,0
DA:32,0
DA:34,0
DA:35,0
DA:38,0
DA:39,0
DA:42,0
DA:43,0
DA:46,0
DA:47,0
DA:48,0
DA:49,0
DA:50,0
DA:51,0
DA:52,0
DA:53,0
DA:54,0
DA:55,0
DA:58,0
DA:60,0
DA:61,0
DA:64,0
DA:65,0
DA:67,0
DA:69,0
DA:70,0
DA:71,0
DA:72,0
DA:73,0
DA:75,0
DA:76,0
DA:77,0
DA:79,0
DA:80,0
LF:35
LH:0
end_of_record
SF:lib/view/common/color_picker_dialog.dart
DA:9,80
DA:11,0
DA:13,0
DA:14,0
DA:15,0
DA:16,0
DA:17,0
DA:18,0
DA:20,0
DA:21,0
DA:22,0
DA:23,0
LF:12
LH:1
end_of_record
SF:lib/view/common/misskey_notes/reaction_user_dialog.dart
DA:18,1
DA:25,1
DA:27,2
DA:29,1
DA:32,1
DA:33,1
DA:35,1
DA:41,1
DA:42,1
DA:46,1
DA:47,2
DA:48,1
DA:49,2
DA:50,3
DA:54,1
DA:55,4
DA:56,4
DA:57,1
DA:59,1
DA:60,1
DA:62,1
DA:63,1
DA:64,1
DA:65,3
DA:66,1
DA:68,1
DA:71,1
DA:72,1
DA:73,1
DA:74,1
DA:75,1
DA:76,1
DA:79,1
DA:82,1
DA:84,3
LF:35
LH:35
end_of_record
SF:lib/view/common/misskey_notes/renote_modal_sheet.g.dart
DA:14,0
DA:17,0
DA:25,0
DA:26,0
DA:28,0
DA:30,0
DA:32,0
DA:35,0
DA:37,0
DA:40,0
DA:41,0
DA:43,0
DA:47,0
DA:49,0
DA:52,0
DA:54,0
DA:58,0
DA:69,40
DA:70,0
DA:78,0
DA:79,0
DA:81,0
DA:87,0
DA:88,0
DA:91,0
DA:94,0
DA:95,0
DA:97,0
DA:104,0
DA:117,0
DA:120,0
DA:128,0
DA:129,0
DA:131,0
DA:133,0
DA:135,0
DA:138,0
DA:140,0
DA:143,0
DA:144,0
DA:146,0
DA:152,0
DA:154,0
DA:157,0
DA:159,0
DA:163,0
DA:175,40
DA:176,0
DA:184,0
DA:185,0
DA:187,0
DA:194,0
DA:197,0
DA:200,0
DA:202,0
DA:208,0
DA:218,0
DA:231,0
DA:234,0
DA:244,0
DA:245,0
DA:247,0
DA:249,0
DA:251,0
DA:254,0
DA:256,0
DA:259,0
DA:260,0
DA:262,0
DA:266,0
DA:268,0
DA:269,0
DA:272,0
DA:274,0
DA:278,0
DA:290,40
DA:291,0
DA:301,0
DA:302,0
DA:307,0
DA:314,0
DA:315,0
DA:318,0
DA:321,0
DA:323,0
DA:326,0
DA:336,0
LF:87
LH:3
end_of_record
SF:lib/view/common/misskey_notes/renote_modal_sheet.dart
DA:25,0
DA:29,0
DA:30,0
DA:31,0
DA:32,0
DA:33,0
DA:34,0
DA:35,0
DA:36,0
DA:37,0
DA:38,0
DA:40,0
DA:48,0
DA:49,0
DA:50,0
DA:51,0
DA:52,0
DA:53,0
DA:54,0
DA:55,0
DA:56,0
DA:57,0
DA:58,0
DA:67,0
DA:68,0
DA:69,0
DA:70,0
DA:71,0
DA:72,0
DA:73,0
DA:74,0
DA:75,0
DA:76,0
DA:88,0
DA:92,0
DA:93,0
DA:94,0
DA:95,0
DA:96,0
DA:97,0
DA:98,0
DA:99,0
DA:100,0
DA:107,0
DA:110,0
DA:111,0
DA:112,0
DA:113,0
DA:114,0
DA:115,0
DA:117,0
DA:118,0
DA:124,0
DA:125,0
DA:127,0
DA:128,0
DA:131,0
DA:133,0
DA:134,0
DA:135,0
DA:136,0
DA:137,0
DA:138,0
DA:140,0
DA:143,0
DA:144,0
DA:154,0
DA:160,0
DA:162,0
DA:164,0
DA:166,0
DA:167,0
DA:170,0
DA:171,0
DA:172,0
DA:173,0
DA:174,0
DA:175,0
DA:180,0
DA:181,0
DA:182,0
DA:183,0
DA:184,0
DA:185,0
DA:186,0
DA:187,0
DA:191,0
DA:195,0
DA:196,0
DA:197,0
DA:198,0
DA:202,0
DA:203,0
DA:204,0
DA:207,0
DA:208,0
DA:211,0
DA:212,0
DA:213,0
DA:215,0
DA:216,0
DA:217,0
DA:218,0
DA:219,0
DA:221,0
DA:225,0
DA:226,0
DA:227,0
DA:228,0
DA:229,0
DA:230,0
DA:233,0
DA:234,0
DA:235,0
DA:236,0
DA:237,0
DA:238,0
DA:239,0
DA:241,0
DA:242,0
DA:243,0
DA:245,0
DA:246,0
DA:247,0
DA:248,0
DA:250,0
DA:254,0
DA:255,0
DA:256,0
DA:257,0
DA:258,0
DA:275,0
DA:277,0
DA:280,0
DA:281,0
DA:283,0
DA:284,0
DA:302,0
DA:304,0
DA:305,0
DA:310,0
DA:311,0
DA:312,0
DA:313,0
DA:315,0
DA:317,0
DA:319,0
DA:320,0
DA:321,0
DA:322,0
DA:324,0
DA:325,0
DA:326,0
DA:328,0
DA:330,0
DA:333,0
DA:334,0
DA:335,0
DA:338,0
DA:339,0
DA:340,0
DA:347,0
DA:348,0
DA:349,0
DA:350,0
DA:351,0
DA:355,0
DA:357,0
DA:358,0
DA:359,0
DA:360,0
DA:363,0
DA:382,0
DA:383,0
DA:384,0
DA:385,0
DA:388,0
DA:389,0
DA:390,0
DA:391,0
DA:393,0
DA:395,0
DA:396,0
DA:397,0
DA:398,0
DA:399,0
DA:400,0
DA:421,0
DA:422,0
DA:423,0
DA:424,0
LF:191
LH:0
end_of_record
SF:lib/view/common/misskey_notes/renote_user_dialog.dart
DA:17,1
DA:19,2
DA:21,1
DA:27,1
DA:29,1
DA:30,3
DA:31,1
DA:32,4
DA:33,4
DA:34,1
DA:36,1
DA:37,1
DA:39,1
DA:40,1
DA:41,3
DA:43,1
DA:44,4
DA:45,1
DA:47,1
DA:49,1
DA:50,1
DA:51,1
DA:52,3
DA:55,1
DA:56,4
DA:57,1
DA:59,1
DA:60,2
LF:28
LH:28
end_of_record
SF:lib/view/explore_page/explore_page.dart
DA:19,3
DA:21,3
DA:23,6
DA:25,3
DA:27,3
DA:29,3
DA:30,3
DA:31,9
DA:32,3
DA:34,3
DA:35,9
DA:36,9
DA:37,9
DA:38,9
DA:39,9
DA:40,9
DA:41,9
LF:17
LH:17
end_of_record
SF:lib/view/explore_page/explore_role_users_page.dart
DA:17,0
DA:23,0
DA:25,0
DA:27,0
DA:29,0
DA:31,0
DA:32,0
DA:33,0
DA:34,0
DA:35,0
DA:36,0
DA:37,0
DA:41,0
DA:42,0
DA:43,0
DA:44,0
DA:46,0
DA:47,0
DA:48,0
DA:49,0
DA:51,0
DA:53,0
DA:54,0
DA:55,0
DA:56,0
DA:58,0
DA:60,0
DA:61,0
DA:63,0
DA:64,0
DA:66,0
DA:67,0
DA:68,0
DA:69,0
DA:70,0
DA:72,0
DA:74,0
DA:75,0
DA:76,0
DA:77,0
DA:79,0
DA:80,0
DA:82,0
LF:43
LH:0
end_of_record
SF:lib/view/favorited_note_page/favorited_note_page.dart
DA:15,0
DA:17,0
DA:19,0
DA:21,0
DA:23,0
DA:24,0
DA:25,0
DA:27,0
DA:28,0
DA:30,0
DA:31,0
DA:32,0
DA:34,0
DA:35,0
DA:36,0
DA:38,0
DA:40,0
DA:41,0
DA:42,0
DA:44,0
DA:45,0
DA:46,0
DA:48,0
LF:23
LH:0
end_of_record
SF:lib/view/federation_page/federation_page.dart
DA:23,0
DA:29,0
DA:31,0
DA:33,0
DA:35,0
DA:38,0
DA:39,0
DA:42,0
DA:43,0
DA:44,0
DA:46,0
DA:47,0
DA:48,0
DA:49,0
DA:50,0
DA:52,0
DA:54,0
DA:57,0
DA:59,0
DA:61,0
DA:62,0
DA:63,0
DA:64,0
DA:65,0
DA:66,0
DA:68,0
DA:69,0
DA:70,0
DA:71,0
DA:73,0
DA:74,0
DA:75,0
DA:76,0
DA:77,0
DA:79,0
DA:81,0
DA:82,0
DA:87,0
DA:88,0
DA:89,0
DA:90,0
DA:91,0
DA:93,0
DA:94,0
DA:95,0
DA:96,0
DA:98,0
DA:101,0
DA:102,0
DA:103,0
DA:104,0
DA:106,0
DA:107,0
DA:108,0
DA:112,0
DA:113,0
DA:114,0
DA:115,0
DA:117,0
DA:120,0
DA:121,0
DA:122,0
DA:123,0
DA:125,0
LF:64
LH:0
end_of_record
SF:lib/view/games_page/misskey_games_page.dart
DA:17,0
DA:19,0
DA:21,0
DA:23,0
DA:25,0
DA:26,0
DA:27,0
DA:28,0
DA:29,0
DA:30,0
DA:31,0
DA:32,0
DA:36,0
DA:37,0
DA:38,0
DA:39,0
DA:43,0
DA:44,0
DA:46,0
DA:47,0
DA:57,0
DA:59,0
DA:63,40
DA:65,0
DA:67,0
DA:70,0
DA:71,0
DA:72,0
DA:73,0
DA:74,0
DA:76,0
DA:77,0
DA:78,0
DA:81,0
LF:34
LH:1
end_of_record
SF:lib/view/games_page/misskey_games_page.g.dart
DA:20,40
DA:21,0
DA:38,0
DA:39,0
DA:41,0
DA:44,0
DA:46,0
DA:48,0
DA:52,0
LF:9
LH:1
end_of_record
SF:lib/view/hashtag_page/hashtag_page.dart
DA:16,0
DA:22,0
DA:24,0
DA:26,0
DA:28,0
DA:29,0
DA:30,0
DA:32,0
DA:33,0
DA:35,0
DA:36,0
DA:37,0
DA:38,0
DA:39,0
DA:41,0
DA:43,0
DA:44,0
DA:45,0
DA:46,0
DA:48,0
DA:49,0
DA:51,0
DA:54,0
DA:55,0
DA:56,0
DA:57,0
DA:58,0
DA:59,0
LF:28
LH:0
end_of_record
SF:lib/view/login_page/login_page.dart
DA:9,40
DA:11,0
DA:13,0
DA:15,0
DA:16,0
DA:17,0
DA:18,0
DA:20,0
DA:21,0
DA:22,0
LF:10
LH:1
end_of_record
SF:lib/view/login_page/misskey_server_list_dialog.dart
DA:8,120
DA:10,0
DA:12,0
DA:13,0
DA:14,0
DA:16,0
DA:18,0
LF:7
LH:1
end_of_record
SF:lib/view/misskey_page_page/misskey_page_page.dart
DA:32,0
DA:37,0
DA:39,0
DA:41,0
DA:43,0
DA:44,0
DA:45,0
DA:47,0
DA:49,0
DA:51,0
DA:52,0
DA:56,0
DA:57,0
DA:58,0
DA:59,0
DA:61,0
DA:62,0
DA:63,0
DA:64,0
DA:66,0
DA:68,0
DA:71,0
DA:72,0
DA:73,0
DA:74,0
DA:76,0
DA:77,0
DA:78,0
DA:80,0
DA:84,0
DA:85,0
DA:86,0
DA:89,0
DA:90,0
DA:91,0
DA:92,0
DA:94,0
DA:97,0
DA:98,0
DA:99,0
DA:100,0
DA:110,0
DA:111,0
DA:112,0
DA:113,0
DA:116,0
DA:117,0
DA:118,0
DA:119,0
DA:120,0
DA:121,0
DA:123,0
DA:124,0
DA:125,0
DA:126,0
DA:127,0
DA:128,0
DA:130,0
DA:131,0
DA:132,0
DA:134,0
DA:135,0
DA:136,0
DA:138,0
DA:142,0
DA:143,0
DA:144,0
DA:147,0
DA:148,0
DA:149,0
DA:150,0
DA:152,0
DA:155,0
DA:156,0
DA:157,0
DA:158,0
DA:167,0
DA:169,0
DA:173,0
DA:174,0
DA:175,0
DA:189,0
DA:192,0
DA:193,0
DA:194,0
DA:195,0
DA:202,0
DA:204,0
DA:206,0
DA:207,0
DA:208,0
DA:209,0
DA:210,0
DA:211,0
DA:212,0
DA:213,0
DA:214,0
DA:215,0
DA:220,0
DA:221,0
DA:223,0
DA:225,0
DA:226,0
DA:227,0
DA:228,0
DA:229,0
DA:231,0
DA:232,0
DA:234,0
DA:243,0
DA:244,0
DA:246,0
DA:252,0
DA:253,0
DA:256,0
DA:257,0
DA:259,0
DA:263,0
DA:264,0
DA:265,0
DA:266,0
DA:268,0
DA:269,0
DA:275,0
DA:277,0
DA:278,0
DA:279,0
DA:280,0
DA:282,0
DA:297,0
DA:304,0
DA:306,0
DA:307,0
DA:308,0
DA:310,0
DA:311,0
DA:313,0
DA:314,0
DA:318,0
DA:321,0
DA:322,0
DA:324,0
DA:326,0
DA:328,0
DA:331,0
DA:334,0
DA:335,0
DA:337,0
DA:339,0
DA:341,0
LF:150
LH:0
end_of_record
SF:lib/view/misskey_page_page/misskey_page_page.g.dart
DA:15,0
DA:18,0
DA:31,0
DA:32,0
DA:34,0
DA:36,0
DA:38,0
DA:41,0
DA:44,0
DA:46,0
DA:48,0
DA:49,0
DA:52,0
DA:54,0
DA:57,0
DA:59,0
DA:63,0
DA:67,40
DA:68,0
DA:83,0
DA:84,0
DA:86,0
LF:22
LH:1
end_of_record
SF:lib/view/note_create_page/drive_file_select_dialog.dart
DA:20,0
DA:26,0
DA:28,0
DA:30,0
DA:32,0
DA:33,0
DA:35,0
DA:36,0
DA:37,0
DA:38,0
DA:40,0
DA:43,0
DA:44,0
DA:45,0
DA:46,0
DA:47,0
DA:48,0
DA:49,0
DA:50,0
DA:51,0
DA:54,0
DA:55,0
DA:56,0
DA:58,0
DA:64,0
DA:65,0
DA:66,0
DA:67,0
DA:68,0
DA:69,0
DA:70,0
DA:75,0
DA:76,0
DA:77,0
DA:78,0
DA:79,0
DA:82,0
DA:84,0
DA:85,0
DA:86,0
DA:87,0
DA:88,0
DA:89,0
DA:92,0
DA:94,0
DA:95,0
DA:96,0
DA:98,0
DA:99,0
DA:103,0
DA:107,0
DA:108,0
DA:109,0
DA:110,0
DA:111,0
DA:114,0
DA:116,0
DA:117,0
DA:118,0
DA:119,0
DA:120,0
DA:121,0
DA:124,0
DA:126,0
DA:127,0
DA:128,0
DA:129,0
DA:131,0
DA:133,0
DA:134,0
DA:135,0
DA:137,0
DA:138,0
DA:140,0
DA:141,0
DA:142,0
DA:144,0
DA:147,0
DA:150,0
DA:152,0
DA:153,0
DA:154,0
DA:156,0
DA:157,0
DA:160,0
DA:162,0
DA:163,0
DA:166,0
DA:168,0
DA:169,0
DA:170,0
DA:172,0
DA:177,0
LF:93
LH:0
end_of_record
SF:lib/view/note_create_page/drive_modal_sheet.dart
DA:9,40
DA:11,0
DA:13,0
DA:14,0
DA:15,0
DA:16,0
DA:18,0
DA:19,0
DA:21,0
DA:22,0
DA:24,0
LF:11
LH:1
end_of_record
SF:lib/view/note_create_page/note_create_page.dart
DA:32,16
DA:33,16
DA:34,8
DA:38,24
DA:39,16
DA:42,16
DA:43,16
DA:44,8
DA:49,24
DA:50,16
DA:67,8
DA:84,8
DA:86,16
DA:88,8
DA:90,16
DA:91,16
DA:92,16
DA:94,16
DA:95,24
DA:96,8
DA:97,8
DA:98,8
DA:99,8
DA:100,8
DA:101,8
DA:102,8
DA:103,8
DA:107,16
DA:108,32
DA:110,16
DA:111,16
DA:113,16
DA:117,34
DA:121,8
DA:122,3
DA:125,8
DA:126,24
DA:127,1
DA:129,1
DA:130,1
DA:131,1
DA:132,1
DA:133,1
DA:134,0
DA:136,2
DA:139,0
DA:140,0
DA:141,0
DA:147,24
DA:148,16
DA:149,2
DA:150,16
DA:154,8
DA:155,8
DA:156,24
DA:157,8
DA:158,8
DA:159,2
DA:165,8
DA:166,8
DA:167,8
DA:168,8
DA:169,8
DA:171,8
DA:175,8
DA:176,16
DA:177,8
DA:179,0
DA:180,8
DA:181,8
DA:182,8
DA:183,8
DA:184,8
DA:185,0
DA:186,0
DA:187,0
DA:188,0
DA:189,0
DA:195,8
DA:205,8
DA:206,8
DA:207,24
DA:208,8
DA:209,0
DA:212,16
DA:213,8
DA:214,1
DA:216,2
DA:217,1
DA:222,8
DA:223,16
DA:224,8
DA:225,0
DA:228,8
DA:229,1
DA:231,1
DA:232,1
DA:234,1
DA:235,1
DA:241,1
DA:243,2
DA:244,3
DA:245,1
DA:247,2
DA:248,2
DA:252,3
DA:258,8
DA:259,16
DA:260,8
DA:261,0
DA:262,0
DA:263,8
DA:264,16
DA:265,8
DA:266,0
DA:267,0
LF:116
LH:100
end_of_record
SF:lib/view/note_detail_page/note_detail_page.dart
DA:16,0
DA:19,0
DA:20,0
DA:21,0
DA:23,0
DA:28,0
DA:31,0
DA:32,0
DA:33,0
DA:34,0
DA:36,0
DA:37,0
DA:39,0
DA:40,0
DA:49,0
DA:55,0
DA:57,0
DA:59,0
DA:61,0
DA:62,0
DA:64,0
DA:65,0
DA:66,0
DA:69,0
DA:72,0
DA:76,0
DA:77,0
DA:79,0
DA:81,0
DA:85,0
DA:89,0
DA:92,0
DA:93,0
DA:94,0
DA:95,0
DA:102,0
DA:110,0
DA:112,0
DA:113,0
DA:114,0
DA:120,0
DA:122,0
DA:126,0
DA:128,0
DA:129,0
DA:130,0
DA:131,0
DA:132,0
DA:134,0
DA:136,0
DA:137,0
DA:138,0
DA:139,0
DA:140,0
DA:141,0
DA:144,0
DA:145,0
DA:147,0
DA:148,0
LF:59
LH:0
end_of_record
SF:lib/view/note_detail_page/note_detail_page.g.dart
DA:15,0
DA:18,0
DA:31,0
DA:32,0
DA:34,0
DA:36,0
DA:38,0
DA:41,0
DA:44,0
DA:46,0
DA:48,0
DA:49,0
DA:52,0
DA:54,0
DA:57,0
DA:59,0
DA:63,0
DA:67,40
DA:68,0
DA:83,0
DA:84,0
DA:86,0
DA:101,0
DA:104,0
DA:117,0
DA:118,0
DA:120,0
DA:122,0
DA:124,0
DA:127,0
DA:130,0
DA:132,0
DA:134,0
DA:135,0
DA:138,0
DA:140,0
DA:143,0
DA:145,0
DA:149,0
DA:153,40
DA:154,0
DA:169,0
DA:170,0
DA:172,0
LF:44
LH:2
end_of_record
SF:lib/view/note_modal_sheet/note_modal_sheet.dart
DA:43,1
DA:45,1
DA:46,2
DA:47,2
DA:48,2
DA:49,2
DA:62,1
DA:64,3
DA:65,2
DA:66,2
DA:67,1
DA:69,0
DA:73,1
DA:74,4
DA:75,1
DA:76,2
DA:77,1
DA:78,2
DA:79,1
DA:80,1
DA:81,4
DA:86,0
DA:87,0
DA:88,0
DA:89,0
DA:90,0
DA:91,0
DA:92,0
DA:93,0
DA:94,0
DA:95,0
DA:100,1
DA:101,4
DA:103,4
DA:104,4
DA:105,4
DA:106,1
DA:108,1
DA:109,1
DA:110,1
DA:111,1
DA:112,4
DA:114,1
DA:115,1
DA:116,1
DA:117,1
DA:118,4
DA:125,0
DA:130,0
DA:131,0
DA:132,0
DA:133,0
DA:136,0
DA:137,0
DA:138,0
DA:139,0
DA:140,0
DA:141,0
DA:145,0
DA:146,0
DA:147,0
DA:148,0
DA:149,0
DA:153,1
DA:154,2
DA:155,4
DA:156,4
DA:157,4
DA:158,1
DA:159,1
DA:160,1
DA:161,1
DA:162,4
DA:163,5
DA:169,1
DA:170,1
DA:171,2
DA:172,1
DA:173,3
DA:174,2
DA:175,2
DA:176,2
DA:179,1
DA:180,4
DA:181,4
DA:182,4
DA:183,1
DA:184,1
DA:185,1
DA:186,1
DA:187,4
DA:188,5
DA:194,0
DA:195,0
DA:196,0
DA:197,0
DA:198,0
DA:199,0
DA:200,0
DA:201,0
DA:204,0
DA:205,0
DA:206,0
DA:207,0
DA:208,0
DA:209,0
DA:210,0
DA:211,0
DA:212,0
DA:213,0
DA:214,0
DA:228,1
DA:236,1
DA:238,2
DA:240,1
DA:242,1
DA:243,1
DA:244,1
DA:246,2
DA:248,4
DA:253,0
DA:254,0
DA:255,0
DA:256,0
DA:258,0
DA:262,0
DA:263,0
DA:266,1
DA:267,3
DA:270,2
DA:271,2
DA:281,1
DA:282,1
DA:283,1
DA:285,3
DA:286,0
DA:287,0
DA:290,1
DA:292,3
DA:293,0
DA:294,0
DA:295,0
DA:296,0
DA:297,0
DA:298,0
DA:299,0
DA:304,1
DA:305,0
DA:306,0
DA:307,0
DA:309,0
DA:310,0
DA:311,0
DA:316,2
DA:319,1
DA:321,3
DA:322,0
DA:323,0
DA:324,0
DA:326,0
DA:329,0
DA:330,0
DA:331,0
DA:332,0
DA:333,0
DA:339,1
DA:341,3
DA:343,0
DA:344,0
DA:346,1
DA:348,3
DA:349,0
DA:350,0
DA:351,0
DA:355,0
DA:356,0
DA:359,3
DA:360,0
DA:362,0
DA:363,0
DA:364,0
DA:366,0
DA:367,0
DA:368,0
DA:372,2
DA:374,0
DA:375,0
DA:377,1
DA:379,3
DA:380,0
DA:381,0
DA:382,0
DA:384,2
DA:385,1
DA:387,3
DA:388,0
DA:389,0
DA:390,0
DA:391,0
DA:392,0
DA:395,0
DA:398,0
DA:399,0
DA:402,0
DA:408,2
DA:409,1
DA:411,1
DA:414,1
DA:415,3
DA:417,1
DA:418,3
DA:419,1
DA:420,2
DA:422,1
DA:423,1
DA:424,2
DA:425,2
DA:429,2
DA:430,1
DA:432,3
DA:433,0
DA:434,0
DA:435,0
DA:436,0
DA:437,0
DA:438,0
DA:443,1
DA:445,3
DA:446,0
DA:447,0
DA:448,0
DA:449,0
DA:453,2
DA:454,3
DA:455,7
DA:456,2
DA:457,2
DA:458,2
DA:459,2
DA:460,4
DA:461,5
DA:462,0
DA:464,0
DA:465,0
DA:466,0
DA:467,0
DA:468,0
DA:469,0
DA:470,0
DA:476,1
DA:478,3
DA:479,1
DA:480,3
DA:481,1
DA:482,2
DA:485,1
DA:487,3
DA:488,0
DA:490,0
DA:491,0
DA:492,0
DA:493,0
DA:494,0
DA:495,0
DA:496,0
DA:498,0
DA:504,2
DA:505,3
DA:506,7
DA:507,2
DA:508,2
DA:509,2
DA:510,3
DA:511,3
DA:512,1
DA:514,3
DA:515,1
DA:516,3
DA:517,1
DA:518,2
DA:522,5
DA:523,3
DA:524,7
DA:525,1
DA:527,3
DA:528,1
DA:530,1
DA:531,1
DA:532,2
DA:533,2
DA:535,6
LF:291
LH:159
end_of_record
SF:lib/view/note_modal_sheet/note_modal_sheet.g.dart
DA:14,1
DA:17,1
DA:31,1
DA:32,1
DA:34,0
DA:36,0
DA:38,0
DA:41,1
DA:43,1
DA:46,0
DA:47,0
DA:49,0
DA:53,1
DA:55,1
DA:56,3
DA:59,1
DA:61,2
DA:65,1
DA:77,40
DA:78,0
DA:96,1
DA:97,1
DA:99,0
DA:104,3
DA:105,2
DA:108,1
DA:111,2
DA:112,1
DA:114,1
DA:121,1
LF:30
LH:22
end_of_record
SF:lib/view/notes_after_renote_page/notes_after_renote_page.dart
DA:17,0
DA:23,0
DA:25,0
DA:27,0
DA:29,0
DA:35,0
DA:37,0
DA:39,0
DA:40,0
DA:41,0
DA:43,0
DA:45,0
DA:46,0
DA:49,0
DA:50,0
DA:51,0
DA:55,0
DA:56,0
DA:58,0
DA:60,0
DA:61,0
DA:62,0
DA:66,0
DA:67,0
DA:76,0
DA:80,0
DA:81,0
DA:83,0
DA:84,0
DA:86,0
DA:87,0
DA:88,0
DA:89,0
DA:91,0
DA:92,0
DA:93,0
DA:94,0
DA:96,0
DA:102,0
DA:103,0
DA:104,0
DA:106,0
DA:110,0
DA:111,0
DA:112,0
DA:113,0
DA:114,0
LF:47
LH:0
end_of_record
SF:lib/view/notification_page/notification_page.g.dart
DA:22,40
DA:23,0
DA:40,0
DA:41,0
DA:43,0
DA:47,0
DA:49,0
DA:51,0
DA:55,0
LF:9
LH:1
end_of_record
SF:lib/view/notification_page/notification_page.dart
DA:29,0
DA:31,0
DA:33,0
DA:34,0
DA:36,0
DA:37,0
DA:39,0
DA:40,0
DA:41,0
DA:42,0
DA:43,0
DA:44,0
DA:45,0
DA:46,0
DA:50,0
DA:52,0
DA:53,0
DA:54,0
DA:55,0
DA:56,0
DA:57,0
DA:61,0
DA:62,0
DA:65,0
DA:66,0
DA:67,0
DA:69,0
DA:70,0
DA:71,0
DA:72,0
DA:75,0
DA:76,0
DA:77,0
DA:79,0
DA:81,0
DA:83,0
DA:87,0
DA:88,0
DA:90,0
DA:91,0
DA:92,0
DA:93,0
DA:94,0
DA:96,0
DA:98,0
DA:99,0
DA:100,0
DA:101,0
DA:102,0
DA:104,0
DA:105,0
DA:108,0
DA:109,0
DA:111,0
DA:112,0
DA:113,0
DA:118,0
DA:119,0
DA:121,0
DA:123,0
DA:124,0
DA:125,0
DA:126,0
DA:127,0
DA:131,0
DA:132,0
DA:134,0
DA:135,0
DA:146,0
DA:147,0
DA:149,0
DA:152,0
DA:153,0
DA:154,0
DA:155,0
DA:156,0
DA:162,0
DA:164,0
DA:166,0
DA:167,0
DA:168,0
DA:171,0
DA:172,0
DA:173,0
DA:174,0
DA:176,0
DA:180,0
DA:181,0
DA:183,0
DA:184,0
DA:186,0
DA:187,0
DA:189,0
DA:190,0
DA:191,0
DA:193,0
DA:194,0
DA:196,0
DA:197,0
DA:198,0
DA:201,0
DA:202,0
DA:203,0
DA:204,0
DA:205,0
DA:210,0
DA:211,0
DA:213,0
DA:214,0
DA:215,0
DA:217,0
DA:218,0
DA:220,0
DA:223,0
DA:227,0
DA:228,0
DA:230,0
DA:231,0
DA:232,0
DA:233,0
DA:235,0
DA:238,0
DA:242,0
DA:243,0
DA:244,0
DA:248,0
DA:250,0
DA:251,0
DA:253,0
DA:254,0
DA:255,0
DA:256,0
DA:260,0
DA:263,0
DA:264,0
DA:265,0
DA:266,0
DA:268,0
DA:269,0
DA:276,0
DA:278,0
DA:279,0
DA:280,0
DA:281,0
DA:285,0
DA:287,0
DA:288,0
DA:290,0
DA:291,0
DA:292,0
DA:294,0
DA:296,0
DA:298,0
DA:300,0
DA:301,0
DA:302,0
DA:304,0
DA:305,0
DA:307,0
DA:308,0
DA:312,0
DA:317,0
DA:319,0
DA:332,0
DA:333,0
DA:335,0
DA:336,0
DA:337,0
DA:338,0
DA:342,0
DA:343,0
DA:344,0
DA:346,0
DA:353,0
DA:356,0
DA:357,0
DA:358,0
DA:359,0
DA:360,0
DA:361,0
DA:363,0
DA:365,0
DA:368,0
DA:371,0
DA:373,0
DA:374,0
DA:375,0
DA:376,0
DA:377,0
DA:378,0
DA:381,0
DA:382,0
DA:384,0
DA:387,0
DA:388,0
DA:391,0
DA:393,0
DA:397,0
DA:400,0
DA:401,0
DA:404,0
DA:406,0
DA:413,0
DA:416,0
DA:418,0
DA:419,0
DA:421,0
DA:422,0
DA:428,0
DA:429,0
DA:436,0
DA:437,0
DA:438,0
DA:439,0
DA:443,0
DA:444,0
DA:446,0
DA:447,0
DA:448,0
DA:450,0
DA:451,0
DA:452,0
DA:453,0
DA:455,0
DA:459,0
DA:460,0
DA:466,0
DA:467,0
DA:468,0
DA:470,0
DA:472,0
DA:474,0
DA:476,0
DA:477,0
DA:478,0
DA:481,0
DA:485,0
DA:486,0
DA:493,0
DA:494,0
DA:495,0
DA:496,0
DA:498,0
DA:499,0
DA:508,0
DA:513,0
DA:514,0
DA:517,0
DA:518,0
DA:521,0
DA:522,0
DA:526,0
DA:527,0
LF:253
LH:0
end_of_record
SF:lib/view/photo_edit_page/license_confirm_dialog.g.dart
DA:20,0
DA:23,0
DA:35,0
DA:36,0
DA:38,0
DA:40,0
DA:42,0
DA:45,0
DA:49,0
DA:51,0
DA:53,0
DA:54,0
DA:57,0
DA:59,0
DA:62,0
DA:64,0
DA:68,0
DA:72,40
DA:73,0
DA:84,0
DA:85,0
DA:87,0
LF:22
LH:1
end_of_record
SF:lib/view/photo_edit_page/license_confirm_dialog.dart
DA:15,0
DA:18,0
DA:19,0
DA:27,0
DA:33,0
DA:35,0
DA:37,0
DA:39,0
DA:41,0
DA:44,0
DA:45,0
DA:47,0
DA:48,0
DA:49,0
DA:50,0
DA:51,0
DA:52,0
DA:53,0
DA:55,0
DA:61,0
DA:62,0
DA:63,0
DA:64,0
DA:66,0
DA:67,0
DA:68,0
LF:26
LH:0
end_of_record
SF:lib/view/photo_edit_page/photo_edit_page.dart
DA:22,0
DA:29,0
DA:30,0
DA:32,0
DA:34,0
DA:38,0
DA:39,0
DA:43,0
DA:45,0
DA:46,0
DA:49,0
DA:51,0
DA:53,0
DA:54,0
DA:55,0
DA:56,0
DA:57,0
DA:60,0
DA:61,0
DA:62,0
DA:63,0
DA:64,0
DA:65,0
DA:67,0
DA:68,0
DA:69,0
DA:72,0
DA:74,0
DA:75,0
DA:76,0
DA:77,0
DA:78,0
DA:85,0
DA:89,0
DA:90,0
DA:91,0
DA:92,0
DA:93,0
DA:94,0
DA:95,0
DA:98,0
DA:99,0
DA:100,0
DA:101,0
DA:103,0
LF:45
LH:0
end_of_record
SF:lib/view/profile_edit_page/profile_edit_page.dart
DA:18,1
DA:20,1
DA:22,2
DA:24,1
DA:26,1
DA:27,2
DA:28,1
DA:30,2
DA:31,1
DA:32,3
DA:36,3
DA:41,1
DA:43,2
DA:44,3
DA:47,3
DA:48,3
DA:49,3
DA:62,1
DA:70,1
DA:72,1
DA:73,1
DA:74,3
DA:75,1
DA:76,1
DA:77,4
DA:82,1
DA:83,1
DA:85,1
DA:86,1
DA:87,1
DA:88,3
DA:89,2
DA:90,3
DA:92,1
DA:93,1
DA:94,1
DA:95,0
DA:96,0
DA:100,0
DA:101,0
DA:102,0
DA:103,0
DA:104,0
DA:105,0
DA:110,3
DA:113,1
DA:114,0
DA:116,0
DA:117,0
DA:118,0
DA:122,0
DA:123,0
DA:126,3
DA:130,1
DA:131,3
DA:133,2
DA:134,3
DA:136,1
DA:137,3
DA:138,2
DA:139,3
DA:141,1
DA:142,1
DA:143,1
DA:144,1
DA:145,6
DA:148,1
DA:150,1
DA:151,1
DA:152,1
DA:154,2
DA:155,1
DA:156,3
DA:159,2
DA:165,1
DA:168,3
DA:169,1
DA:170,3
DA:171,1
DA:172,1
DA:173,1
DA:174,1
DA:176,1
DA:177,1
DA:179,1
DA:180,1
DA:181,1
DA:182,1
DA:184,0
DA:185,0
DA:186,1
DA:187,2
DA:192,1
DA:193,1
DA:195,0
DA:196,0
DA:197,1
DA:198,2
DA:202,1
DA:204,3
DA:212,1
DA:214,1
DA:215,2
DA:216,3
DA:219,1
DA:220,1
DA:221,2
DA:224,2
DA:225,1
DA:226,2
LF:110
LH:92
end_of_record
SF:lib/view/reaction_picker_dialog/reaction_picker_dialog.dart
DA:13,1
DA:19,1
DA:21,2
DA:23,1
DA:25,1
DA:27,1
DA:28,4
DA:29,4
DA:30,1
DA:31,1
DA:32,2
LF:11
LH:11
end_of_record
SF:lib/view/search_page/search_page.dart
DA:15,0
DA:16,0
DA:17,0
DA:18,0
DA:21,0
DA:28,1
DA:34,1
DA:36,2
DA:38,1
DA:40,3
DA:41,1
DA:42,1
DA:43,2
DA:44,3
DA:45,3
DA:46,2
DA:50,1
DA:51,1
DA:52,3
DA:53,1
DA:55,1
DA:56,3
DA:57,3
DA:61,1
DA:63,1
DA:64,1
DA:65,1
DA:66,1
DA:68,1
DA:70,1
DA:71,1
DA:73,0
DA:74,0
DA:75,0
DA:76,0
LF:35
LH:26
end_of_record
SF:lib/view/server_detail_dialog.dart
DA:22,0
DA:25,0
DA:26,0
DA:27,0
DA:30,0
DA:33,0
DA:34,0
DA:35,0
DA:38,0
DA:40,0
DA:41,0
DA:43,0
DA:51,0
DA:53,0
DA:55,0
DA:57,0
DA:58,0
DA:61,0
DA:63,0
DA:64,0
DA:65,0
DA:67,0
DA:68,0
DA:70,0
DA:71,0
DA:72,0
DA:73,0
DA:75,0
DA:76,0
DA:80,0
DA:81,0
DA:82,0
DA:85,0
DA:86,0
DA:87,0
DA:88,0
DA:89,0
DA:92,0
DA:95,0
DA:96,0
DA:97,0
DA:98,0
DA:99,0
DA:101,0
DA:103,0
DA:104,0
DA:106,0
DA:107,0
DA:108,0
DA:109,0
DA:110,0
DA:111,0
DA:115,0
DA:116,0
DA:117,0
DA:118,0
DA:119,0
DA:120,0
DA:121,0
DA:122,0
DA:123,0
DA:124,0
DA:125,0
DA:133,0
DA:134,0
DA:135,0
DA:136,0
DA:137,0
DA:140,0
DA:141,0
DA:143,0
DA:144,0
DA:145,0
DA:146,0
DA:147,0
DA:148,0
DA:150,0
DA:151,0
DA:152,0
DA:157,0
DA:158,0
DA:159,0
DA:160,0
DA:161,0
DA:164,0
DA:165,0
DA:167,0
DA:168,0
DA:169,0
DA:170,0
DA:172,0
DA:173,0
DA:174,0
DA:176,0
DA:178,0
DA:180,0
DA:185,0
DA:186,0
DA:187,0
DA:188,0
DA:189,0
DA:190,0
DA:191,0
DA:193,0
DA:199,0
DA:200,0
DA:203,0
DA:204,0
DA:206,0
DA:207,0
DA:208,0
DA:209,0
DA:210,0
DA:211,0
DA:213,0
DA:215,0
DA:217,0
DA:219,0
DA:224,0
DA:225,0
DA:226,0
DA:227,0
DA:228,0
DA:229,0
DA:230,0
DA:231,0
DA:234,0
DA:241,0
DA:242,0
DA:243,0
DA:244,0
DA:245,0
DA:248,0
DA:249,0
DA:251,0
DA:252,0
DA:253,0
DA:254,0
DA:255,0
DA:256,0
DA:258,0
DA:260,0
DA:261,0
DA:262,0
DA:264,0
DA:266,0
DA:267,0
DA:268,0
DA:278,0
DA:281,0
DA:282,0
DA:283,0
DA:284,0
DA:285,0
DA:286,0
DA:287,0
DA:290,0
DA:291,0
DA:292,0
DA:293,0
DA:294,0
DA:295,0
DA:299,0
DA:300,0
DA:301,0
DA:302,0
DA:307,0
DA:308,0
DA:309,0
DA:310,0
DA:313,0
DA:314,0
DA:315,0
DA:316,0
DA:317,0
DA:318,0
DA:322,0
DA:323,0
DA:324,0
DA:325,0
DA:331,0
DA:332,0
DA:333,0
DA:334,0
DA:335,0
DA:336,0
DA:337,0
DA:340,0
DA:341,0
DA:342,0
DA:343,0
DA:344,0
DA:345,0
DA:349,0
DA:350,0
DA:351,0
DA:352,0
DA:357,0
DA:358,0
DA:359,0
DA:360,0
DA:363,0
DA:364,0
DA:365,0
DA:366,0
DA:367,0
DA:368,0
DA:372,0
DA:373,0
DA:374,0
DA:375,0
DA:392,0
DA:394,0
DA:396,0
DA:398,0
DA:399,0
DA:405,0
DA:411,0
DA:412,0
DA:413,0
DA:415,0
DA:417,0
DA:419,0
DA:421,0
LF:224
LH:0
end_of_record
SF:lib/view/server_detail_dialog.g.dart
DA:15,40
DA:16,0
DA:33,0
DA:34,0
DA:36,0
DA:39,0
DA:41,0
DA:43,0
DA:47,0
DA:55,40
DA:56,0
DA:73,0
DA:74,0
DA:76,0
DA:79,0
DA:81,0
DA:83,0
DA:87,0
DA:95,40
DA:96,0
DA:113,0
DA:114,0
DA:116,0
DA:119,0
DA:121,0
DA:123,0
DA:127,0
LF:27
LH:3
end_of_record
SF:lib/view/settings_page/account_settings_page/account_list.dart
DA:15,40
DA:17,0
DA:19,0
DA:20,0
DA:21,0
DA:22,0
DA:23,0
DA:24,0
DA:25,0
DA:26,0
DA:31,0
DA:33,0
DA:34,0
DA:35,0
DA:37,0
DA:38,0
DA:39,0
DA:40,0
DA:41,0
DA:42,0
DA:44,0
DA:47,0
DA:48,0
DA:50,0
DA:54,0
DA:57,0
DA:59,0
DA:61,0
DA:62,0
DA:64,0
DA:66,0
DA:77,0
DA:81,0
DA:83,0
DA:84,0
DA:85,0
DA:86,0
DA:87,0
DA:89,0
DA:90,0
[...]
LF:12
LH:1
end_of_record
SF:lib/view/photo_edit_page/color_filter_image_preview.dart
DA:6,40
DA:8,0
DA:11,0
DA:12,0
DA:13,0
DA:16,0
DA:17,0
DA:18,0
DA:20,0
DA:21,0
DA:26,0
DA:27,0
DA:30,0
DA:33,0
DA:36,0
DA:37,0
DA:38,0
DA:40,0
DA:41,0
DA:42,0
DA:43,0
DA:44,0
DA:45,0
DA:46,0
DA:48,0
DA:50,0
DA:52,0
DA:53,0
DA:54,0
DA:55,0
LF:30
LH:1
end_of_record
SF:lib/view/photo_edit_page/photo_edit_bottom_bar.dart
DA:6,40
DA:8,0
DA:10,0
DA:12,0
DA:13,0
DA:15,0
DA:16,0
DA:19,0
DA:20,0
DA:23,0
DA:24,0
DA:25,0
DA:26,0
DA:28,0
DA:29,0
DA:33,0
DA:34,0
DA:37,0
DA:38,0
DA:40,0
DA:43,0
DA:44,0
DA:48,0
DA:49,0
LF:24
LH:1
end_of_record
SF:lib/view/profile_edit_page/edit_profile_state_notifier.g.dart
DA:14,40
DA:15,0
DA:37,1
DA:38,1
DA:40,1
DA:42,1
DA:45,1
DA:51,1
DA:54,1
DA:56,1
DA:58,1
DA:65,1
LF:12
LH:11
end_of_record
SF:lib/view/profile_edit_page/edit_profile_state_notifier.dart
DA:29,1
DA:31,4
DA:32,2
DA:33,2
DA:35,1
DA:36,1
DA:37,1
DA:38,1
DA:39,1
DA:40,1
DA:42,1
DA:43,2
DA:44,1
DA:47,1
DA:51,1
DA:52,1
DA:53,2
DA:54,4
DA:60,1
DA:61,1
DA:62,2
DA:63,4
DA:69,0
DA:70,0
DA:71,0
DA:72,0
DA:78,1
DA:79,1
DA:80,2
DA:81,4
DA:87,0
DA:88,0
DA:89,0
DA:90,0
DA:96,0
DA:97,0
DA:98,0
DA:99,0
DA:100,0
DA:102,0
DA:103,0
DA:104,0
DA:107,0
DA:113,0
DA:114,0
DA:115,0
DA:116,0
DA:117,0
DA:118,0
DA:119,0
DA:120,0
DA:129,1
DA:130,1
DA:131,2
DA:132,2
DA:133,2
DA:134,1
DA:135,4
DA:142,1
DA:143,1
DA:144,2
DA:145,2
DA:146,2
DA:153,1
DA:154,1
DA:155,2
DA:156,2
DA:157,2
DA:164,1
DA:165,1
DA:166,2
DA:169,1
DA:171,4
DA:174,2
DA:177,1
DA:178,1
DA:179,3
DA:181,1
DA:183,1
DA:187,1
DA:188,3
DA:189,2
DA:191,1
DA:192,3
DA:193,1
DA:194,1
DA:195,6
DA:196,1
DA:197,2
DA:199,0
DA:203,2
DA:205,4
DA:207,0
LF:93
LH:66
end_of_record
SF:lib/view/reaction_picker_dialog/reaction_picker_content.dart
DA:18,1
DA:24,1
DA:26,1
DA:31,3
DA:32,4
DA:35,1
DA:37,1
DA:39,1
DA:40,1
DA:41,1
DA:42,2
DA:43,3
DA:44,1
DA:45,1
DA:46,1
DA:47,0
DA:51,1
DA:53,1
DA:54,1
DA:55,1
DA:56,1
DA:57,2
DA:58,2
DA:60,1
DA:63,2
DA:64,2
DA:65,3
DA:66,1
DA:67,1
DA:69,1
DA:71,1
DA:75,1
DA:76,3
DA:77,5
DA:79,1
DA:80,1
DA:81,2
DA:82,2
DA:103,1
DA:111,1
DA:112,1
DA:116,3
DA:119,1
DA:121,2
DA:122,1
DA:123,4
DA:124,1
DA:125,2
DA:126,2
DA:127,1
DA:128,1
DA:132,1
DA:133,0
DA:134,0
DA:136,1
DA:137,1
DA:142,1
DA:143,3
DA:147,1
DA:148,1
DA:150,0
DA:152,0
DA:155,5
DA:158,1
DA:159,1
DA:160,2
DA:161,3
DA:163,0
DA:164,0
DA:165,0
DA:177,1
DA:183,1
DA:184,1
DA:190,3
DA:191,4
DA:194,1
DA:196,1
DA:197,1
DA:198,1
DA:199,4
DA:202,1
DA:204,1
DA:205,1
DA:206,1
DA:209,0
DA:210,0
DA:211,0
DA:212,0
DA:213,0
DA:214,0
DA:215,0
DA:221,1
DA:223,1
DA:227,1
DA:228,1
DA:229,1
DA:231,2
DA:233,2
LF:98
LH:83
end_of_record
SF:lib/view/settings_page/tab_settings_page/icon_select_dialog.dart
DA:79,0
DA:81,0
DA:83,0
DA:84,0
DA:85,0
DA:87,0
DA:88,0
DA:89,0
DA:90,0
DA:91,0
DA:92,0
DA:94,0
DA:95,0
DA:96,0
DA:98,0
DA:99,0
DA:100,0
DA:101,0
DA:106,0
DA:107,0
DA:108,0
DA:109,0
DA:110,0
DA:111,0
DA:112,0
DA:113,0
DA:114,0
DA:116,0
DA:117,0
DA:122,0
DA:123,0
DA:124,0
DA:126,0
DA:128,0
LF:34
LH:0
end_of_record
SF:lib/view/several_account_settings_page/reaction_deck_page/add_reactions_dialog.dart
DA:11,0
DA:22,0
DA:24,0
DA:26,0
DA:27,0
DA:30,0
DA:31,0
DA:32,0
DA:34,0
DA:36,0
DA:37,0
DA:39,0
DA:40,0
DA:41,0
DA:42,0
DA:43,0
DA:45,0
DA:46,0
DA:48,0
DA:50,0
DA:52,0
DA:53,0
DA:54,0
DA:55,0
DA:57,0
DA:58,0
DA:59,0
DA:63,0
DA:64,0
DA:65,0
DA:71,0
DA:73,0
DA:78,0
DA:79,0
DA:80,0
DA:88,0
DA:89,0
DA:90,0
DA:92,0
DA:93,0
DA:95,0
DA:97,0
DA:103,0
DA:104,0
DA:105,0
DA:107,0
DA:108,0
DA:109,0
DA:110,0
DA:112,0
DA:116,0
DA:117,0
DA:118,0
LF:53
LH:0
end_of_record
SF:lib/view/several_account_settings_page/reaction_mute_page/add_muted_reactions_dialog.dart
DA:11,0
DA:15,0
DA:17,0
DA:19,0
DA:20,0
DA:23,0
DA:33,0
DA:35,0
DA:36,0
DA:38,0
DA:39,0
DA:40,0
DA:41,0
DA:42,0
DA:44,0
DA:45,0
DA:47,0
DA:49,0
DA:51,0
DA:52,0
DA:53,0
DA:54,0
DA:55,0
DA:59,0
DA:60,0
DA:61,0
DA:67,0
DA:69,0
DA:74,0
DA:75,0
DA:76,0
DA:84,0
DA:85,0
DA:86,0
DA:88,0
DA:89,0
DA:91,0
DA:93,0
DA:99,0
DA:100,0
DA:101,0
DA:104,0
DA:105,0
DA:109,0
DA:110,0
DA:111,0
LF:46
LH:0
end_of_record
SF:lib/view/several_account_settings_page/reaction_mute_page/muted_reactions_parser.dart
DA:11,1
DA:12,1
DA:15,2
DA:17,0
DA:18,0
DA:19,0
DA:20,0
DA:24,1
DA:27,4
DA:28,3
DA:32,2
DA:33,1
DA:34,3
DA:35,1
DA:36,1
DA:37,3
DA:42,1
DA:44,2
LF:18
LH:14
end_of_record
SF:lib/view/time_line_page/misskey_time_line.dart
DA:21,0
DA:25,0
DA:27,0
DA:29,0
DA:30,0
DA:31,0
DA:33,0
DA:34,0
DA:35,0
DA:36,0
DA:38,0
DA:39,0
DA:40,0
DA:41,0
DA:43,0
DA:44,0
DA:45,0
DA:47,0
DA:48,0
DA:49,0
DA:50,0
DA:52,0
DA:56,0
DA:58,0
DA:59,0
DA:61,0
DA:63,0
DA:65,0
DA:67,0
DA:69,0
DA:70,0
DA:72,0
DA:73,0
DA:74,0
DA:75,0
DA:76,0
DA:77,0
DA:79,0
DA:80,0
DA:81,0
DA:83,0
DA:87,0
DA:88,0
DA:92,0
DA:93,0
DA:98,0
DA:99,0
DA:103,0
DA:104,0
DA:112,0
DA:113,0
DA:114,0
DA:116,0
DA:118,0
DA:121,0
DA:122,0
DA:124,0
DA:134,0
DA:138,0
DA:139,0
DA:152,0
DA:158,0
DA:159,0
DA:163,0
DA:165,0
DA:166,0
DA:167,0
DA:168,0
DA:169,0
DA:175,0
DA:176,0
DA:177,0
DA:178,0
DA:179,0
DA:185,0
DA:187,0
DA:188,0
DA:191,0
DA:193,0
DA:194,0
DA:197,0
DA:198,0
DA:199,0
DA:200,0
DA:203,0
LF:85
LH:0
end_of_record
SF:lib/view/time_line_page/nyanpuppu.dart
DA:5,0
DA:22,0
DA:24,0
DA:27,40
DA:29,0
DA:31,0
DA:33,0
LF:7
LH:1
end_of_record
SF:lib/view/time_line_page/timeline_emoji.dart
DA:7,40
DA:9,0
DA:11,0
DA:12,0
DA:13,0
LF:5
LH:1
end_of_record
SF:lib/view/time_line_page/timeline_note.dart
DA:6,0
DA:7,0
DA:10,0
DA:11,0
DA:15,40
DA:17,0
DA:19,0
DA:20,0
DA:22,0
DA:23,0
DA:26,0
LF:11
LH:1
end_of_record
SF:lib/view/time_line_page/timeline_tablet_ui.dart
DA:23,40
DA:25,0
DA:27,0
DA:28,0
DA:31,0
DA:33,0
DA:34,0
DA:35,0
DA:37,0
DA:38,0
DA:40,0
DA:41,0
DA:44,0
DA:45,0
DA:47,0
DA:48,0
DA:49,0
DA:50,0
DA:51,0
DA:55,0
DA:57,0
DA:59,0
DA:74,40
DA:76,0
DA:78,0
DA:79,0
DA:81,0
DA:88,0
DA:90,0
DA:92,0
DA:93,0
DA:94,0
DA:96,0
DA:98,0
DA:99,0
DA:101,0
DA:102,0
DA:105,0
DA:106,0
DA:107,0
DA:108,0
DA:121,0
DA:127,0
DA:129,0
DA:130,0
DA:131,0
DA:132,0
DA:134,0
DA:135,0
DA:139,0
DA:140,0
DA:141,0
DA:142,0
DA:143,0
DA:146,0
DA:147,0
DA:150,0
DA:151,0
DA:152,0
DA:153,0
DA:157,0
DA:159,0
DA:169,0
DA:171,0
DA:173,0
DA:174,0
DA:176,0
DA:177,0
DA:178,0
DA:179,0
DA:180,0
DA:182,0
DA:184,0
DA:185,0
DA:186,0
DA:187,0
DA:188,0
DA:189,0
DA:190,0
DA:191,0
DA:192,0
DA:195,0
DA:198,0
DA:199,0
DA:200,0
DA:201,0
DA:203,0
DA:204,0
DA:205,0
DA:207,0
DA:208,0
DA:211,0
DA:213,0
DA:215,0
DA:216,0
DA:217,0
DA:221,0
DA:222,0
DA:223,0
DA:225,0
DA:227,0
DA:229,0
DA:231,0
DA:232,0
DA:237,0
DA:238,0
DA:239,0
DA:240,0
DA:241,0
DA:242,0
DA:243,0
DA:249,0
DA:259,0
DA:261,0
DA:263,0
DA:264,0
DA:265,0
DA:266,0
DA:277,0
DA:278,0
DA:279,0
DA:280,0
DA:282,0
DA:283,0
DA:284,0
DA:285,0
DA:287,0
DA:289,0
DA:290,0
DA:294,0
DA:295,0
DA:297,0
DA:298,0
DA:299,0
DA:300,0
DA:301,0
DA:304,0
DA:305,0
DA:306,0
DA:309,0
DA:310,0
DA:312,0
DA:313,0
DA:315,0
DA:316,0
DA:318,0
DA:319,0
DA:320,0
DA:321,0
DA:325,0
DA:327,0
DA:330,0
DA:331,0
DA:332,0
DA:333,0
DA:334,0
DA:342,0
DA:344,0
DA:345,0
DA:346,0
DA:348,0
DA:350,0
DA:351,0
DA:352,0
DA:354,0
DA:355,0
DA:356,0
DA:357,0
DA:359,0
DA:363,0
DA:365,0
DA:366,0
DA:368,0
LF:173
LH:2
end_of_record
SF:lib/view/user_page/user_info_notifier.g.dart
DA:20,1
DA:23,1
DA:33,1
DA:34,1
DA:36,0
DA:38,0
DA:40,0
DA:43,1
DA:47,1
DA:49,1
DA:51,1
DA:52,1
DA:56,0
DA:57,0
DA:59,0
DA:63,1
DA:65,4
DA:68,1
DA:70,2
DA:74,1
DA:79,40
DA:80,0
DA:90,1
DA:91,1
DA:93,0
DA:108,1
DA:111,1
DA:121,1
DA:122,1
DA:124,0
DA:126,0
DA:128,0
DA:131,1
DA:135,1
DA:137,1
DA:139,1
DA:140,1
DA:144,0
DA:145,0
DA:147,0
DA:151,1
DA:153,4
DA:156,1
DA:158,2
DA:162,1
DA:166,40
DA:167,0
DA:177,1
DA:178,1
DA:180,0
DA:189,1
DA:192,1
DA:200,1
DA:201,1
DA:203,0
DA:205,0
DA:207,0
DA:210,1
DA:212,1
DA:214,1
DA:216,4
DA:219,1
DA:221,2
DA:225,1
DA:236,40
DA:237,0
DA:245,1
DA:248,1
DA:253,0
DA:258,3
DA:259,2
DA:260,2
DA:266,1
DA:269,3
DA:270,1
DA:272,1
DA:279,1
LF:77
LH:56
end_of_record
SF:lib/view/user_page/user_info_notifier.dart
DA:25,1
DA:32,1
DA:34,1
DA:35,1
DA:37,1
DA:38,1
DA:42,1
DA:44,1
DA:45,1
DA:47,1
DA:54,1
DA:55,3
DA:57,6
DA:58,6
DA:59,7
DA:61,1
DA:66,3
DA:67,1
DA:69,3
DA:71,1
DA:72,1
DA:73,1
DA:75,1
DA:77,1
DA:81,1
DA:82,2
DA:83,1
DA:84,1
DA:85,2
DA:86,1
DA:87,1
DA:88,2
DA:91,1
DA:92,3
DA:93,1
DA:95,1
DA:96,4
DA:97,2
DA:99,1
DA:102,1
DA:107,0
DA:111,1
DA:112,3
DA:113,3
DA:114,2
DA:117,1
DA:118,2
DA:119,2
DA:121,1
DA:122,1
DA:123,3
DA:126,0
DA:127,0
DA:134,0
DA:135,0
DA:136,0
DA:137,0
DA:140,0
DA:141,0
DA:142,0
DA:146,0
DA:147,0
DA:148,0
DA:149,0
DA:158,0
DA:159,0
DA:160,0
DA:161,0
DA:163,0
DA:165,0
DA:166,0
DA:167,0
DA:170,0
DA:171,0
DA:172,0
DA:176,0
DA:177,0
DA:182,0
DA:183,0
DA:184,0
DA:185,0
DA:187,0
DA:188,0
DA:189,0
DA:193,0
DA:194,0
DA:195,0
DA:202,0
DA:203,0
DA:204,0
DA:205,0
DA:207,0
DA:210,0
DA:212,0
DA:214,0
DA:215,0
DA:216,0
DA:219,0
DA:220,0
DA:221,0
DA:225,0
DA:226,0
DA:228,0
DA:233,0
DA:234,0
DA:235,0
DA:236,0
DA:237,0
DA:238,0
DA:242,0
DA:243,0
DA:245,0
DA:250,0
DA:251,0
DA:252,0
DA:253,0
DA:255,0
DA:256,0
DA:257,0
DA:261,0
DA:262,0
DA:264,0
DA:269,0
DA:270,0
DA:271,0
DA:272,0
DA:274,0
DA:275,0
DA:276,0
DA:280,0
DA:281,0
DA:283,0
DA:288,0
DA:289,0
DA:290,0
DA:291,0
DA:293,0
DA:294,0
DA:298,0
DA:299,0
DA:301,0
DA:302,0
DA:303,0
DA:307,0
DA:308,0
DA:310,0
DA:315,0
DA:316,0
DA:317,0
DA:319,0
DA:320,0
DA:321,0
DA:325,0
DA:326,0
DA:328,0
LF:155
LH:50
end_of_record
SF:lib/view/user_page/user_clips.dart
DA:11,1
DA:13,1
DA:15,1
DA:16,1
DA:18,1
DA:19,1
DA:20,3
DA:21,1
DA:23,1
DA:25,1
DA:26,1
DA:27,4
DA:28,1
DA:30,1
DA:31,1
LF:15
LH:15
end_of_record
SF:lib/view/user_page/user_detail.dart
DA:23,1
DA:25,1
DA:26,1
DA:31,3
DA:32,1
DA:34,2
DA:36,1
DA:37,1
DA:39,1
DA:41,1
DA:44,1
DA:45,1
DA:46,1
DA:47,1
DA:49,1
DA:51,1
DA:53,1
DA:54,1
DA:55,0
DA:56,0
DA:58,0
DA:61,1
DA:62,1
DA:63,1
DA:65,3
DA:68,1
DA:69,0
DA:70,0
DA:72,0
DA:75,1
DA:76,1
DA:78,1
DA:79,1
DA:81,3
DA:86,1
DA:87,1
DA:88,1
DA:89,3
DA:91,1
DA:92,1
DA:93,1
DA:94,3
DA:97,1
DA:98,1
DA:99,1
DA:100,1
DA:101,2
DA:102,2
DA:132,0
DA:133,1
DA:135,1
DA:136,0
DA:137,0
DA:138,0
DA:140,0
DA:149,1
DA:150,1
DA:152,1
DA:153,1
DA:154,1
DA:155,1
DA:156,1
DA:157,1
DA:158,1
DA:160,1
DA:164,1
DA:165,1
DA:166,1
DA:167,3
DA:168,1
DA:170,1
DA:171,1
DA:172,3
DA:182,1
DA:183,1
DA:185,1
DA:187,1
DA:188,1
DA:189,1
DA:190,1
DA:192,2
DA:193,1
DA:195,1
DA:197,2
DA:200,1
DA:201,2
DA:202,1
DA:203,1
DA:205,1
DA:214,1
DA:215,1
DA:218,1
DA:219,3
DA:222,1
DA:223,1
DA:224,0
DA:225,0
DA:226,0
DA:228,0
DA:229,0
DA:230,0
DA:233,1
DA:234,1
DA:235,1
DA:236,1
DA:238,1
DA:242,1
DA:243,1
DA:244,1
DA:246,3
DA:249,1
DA:250,0
DA:251,0
DA:252,0
DA:253,0
DA:256,1
DA:257,2
DA:258,2
DA:265,1
DA:267,1
DA:268,1
DA:269,1
DA:272,1
DA:273,1
DA:278,1
DA:279,1
DA:280,1
DA:281,1
DA:282,1
DA:283,2
DA:287,3
DA:290,1
DA:291,1
DA:292,1
DA:293,1
DA:294,2
DA:298,1
DA:299,3
DA:303,1
DA:304,1
DA:305,1
DA:306,1
DA:307,2
DA:311,1
DA:312,3
DA:318,1
DA:319,4
DA:320,1
DA:325,1
DA:326,2
DA:327,1
DA:328,1
DA:329,1
DA:330,1
DA:331,1
DA:332,1
DA:335,1
DA:336,1
DA:337,1
DA:338,1
DA:347,1
DA:349,1
DA:350,1
DA:351,1
DA:352,1
DA:353,2
DA:354,3
DA:356,1
DA:357,2
DA:358,3
DA:362,1
DA:363,1
DA:364,2
DA:365,1
DA:366,1
DA:367,1
DA:370,1
DA:371,1
DA:372,1
DA:373,2
DA:374,3
DA:376,1
DA:377,2
DA:378,3
DA:383,1
DA:384,1
DA:385,2
DA:386,1
DA:387,1
DA:388,1
DA:391,1
DA:393,1
DA:394,1
DA:395,2
DA:396,3
DA:398,1
DA:399,2
DA:400,3
DA:414,1
DA:416,1
DA:417,1
DA:418,1
DA:419,1
DA:420,1
DA:421,1
DA:422,1
DA:423,2
DA:424,0
DA:425,1
DA:427,1
DA:429,1
DA:432,1
DA:437,2
DA:438,1
DA:440,1
DA:441,3
DA:442,0
DA:443,0
DA:455,1
DA:461,1
DA:462,1
DA:470,1
DA:472,1
DA:473,2
DA:476,1
DA:478,1
DA:479,2
DA:482,1
DA:484,1
DA:485,6
DA:486,0
DA:487,0
DA:488,0
DA:491,0
DA:495,2
DA:500,1
DA:504,1
DA:506,3
DA:507,1
DA:509,4
DA:510,1
DA:511,2
DA:512,1
DA:513,0
DA:515,0
DA:516,0
DA:517,0
DA:518,0
DA:519,0
DA:520,0
DA:521,0
DA:523,0
DA:528,1
DA:529,1
DA:530,1
DA:531,4
DA:533,1
DA:536,1
DA:538,1
DA:539,2
DA:540,0
DA:542,0
DA:543,0
DA:548,3
LF:264
LH:224
end_of_record
SF:lib/view/user_page/user_misskey_page.dart
DA:13,1
DA:15,0
DA:17,0
DA:18,0
DA:20,0
DA:21,0
DA:22,0
DA:23,0
DA:25,0
DA:27,0
DA:28,0
DA:29,0
DA:30,0
DA:32,0
DA:33,0
DA:34,0
DA:35,0
DA:36,0
DA:38,0
DA:40,0
DA:41,0
DA:42,0
DA:43,0
LF:23
LH:1
end_of_record
SF:lib/view/user_page/user_notes.dart
DA:16,1
DA:18,1
DA:20,1
DA:21,1
DA:22,1
DA:23,1
DA:24,1
DA:26,1
DA:27,1
DA:28,1
DA:30,1
DA:31,1
DA:32,1
DA:33,1
DA:34,1
DA:36,1
DA:37,1
DA:38,1
DA:39,1
DA:40,1
DA:41,1
DA:43,1
DA:45,1
DA:46,2
DA:47,1
DA:48,1
DA:50,1
DA:51,1
DA:52,2
DA:53,1
DA:54,1
DA:56,1
DA:57,1
DA:58,2
DA:59,1
DA:60,1
DA:61,1
DA:62,1
DA:63,1
DA:64,1
DA:67,1
DA:68,1
DA:70,3
DA:72,1
DA:74,3
DA:76,1
DA:78,3
DA:80,1
DA:82,3
DA:89,1
DA:90,0
DA:91,0
DA:92,0
DA:93,0
DA:94,0
DA:96,0
DA:97,0
DA:98,0
DA:100,0
DA:102,0
DA:103,0
DA:104,0
DA:105,0
DA:106,0
DA:109,0
DA:110,0
DA:111,0
DA:112,0
DA:113,0
DA:114,0
DA:117,0
DA:125,1
DA:126,1
DA:127,2
DA:128,1
DA:129,1
DA:130,1
DA:131,1
DA:132,1
DA:134,1
DA:135,0
DA:137,1
DA:139,1
DA:141,1
DA:142,1
DA:143,1
DA:144,3
DA:148,1
DA:149,1
DA:150,1
DA:151,1
DA:152,2
DA:153,1
DA:155,1
DA:156,1
DA:157,1
DA:158,1
DA:160,1
DA:164,1
DA:165,2
DA:166,1
DA:168,1
DA:170,1
DA:172,0
DA:173,0
DA:174,0
DA:175,0
DA:176,0
DA:177,0
DA:182,1
DA:183,1
DA:184,1
DA:185,1
DA:186,2
DA:187,1
DA:188,1
DA:189,1
DA:190,1
DA:191,1
DA:192,1
DA:194,1
DA:198,1
DA:199,2
DA:200,1
DA:202,1
DA:203,1
LF:126
LH:98
end_of_record
SF:lib/view/user_page/user_plays.dart
DA:13,1
DA:15,0
DA:17,0
DA:18,0
DA:20,0
DA:21,0
DA:22,0
DA:23,0
DA:25,0
DA:27,0
DA:28,0
DA:29,0
DA:30,0
DA:32,0
DA:33,0
DA:34,0
DA:35,0
DA:36,0
DA:38,0
DA:40,0
DA:41,0
DA:42,0
DA:43,0
DA:45,0
DA:46,0
DA:53,0
DA:54,0
LF:27
LH:1
end_of_record
SF:lib/view/user_page/user_reactions.dart
DA:14,1
DA:16,0
DA:18,0
DA:19,0
DA:21,0
DA:22,0
DA:23,0
DA:24,0
DA:25,0
DA:27,0
DA:29,0
DA:30,0
DA:31,0
DA:32,0
DA:34,0
DA:36,0
DA:38,0
DA:46,0
DA:48,0
DA:50,0
DA:52,0
DA:53,0
DA:54,0
DA:55,0
DA:57,0
DA:61,0
DA:62,0
DA:63,0
DA:64,0
DA:70,0
DA:72,0
DA:74,0
DA:75,0
DA:76,0
DA:77,0
DA:78,0
DA:79,0
DA:80,0
DA:89,0
DA:91,0
LF:40
LH:1
end_of_record
SF:lib/view/users_list_page/users_list_timeline.dart
DA:11,0
DA:13,0
DA:15,0
DA:16,0
DA:18,0
DA:19,0
DA:20,0
DA:21,0
DA:22,0
DA:24,0
DA:26,0
DA:27,0
DA:28,0
DA:29,0
DA:31,0
DA:32,0
DA:34,0
DA:35,0
LF:18
LH:0
end_of_record
SF:lib/main.dart
DA:24,0
DA:25,0
DA:26,0
DA:27,0
DA:28,0
DA:30,0
DA:31,0
DA:32,0
DA:36,0
DA:39,0
DA:40,0
DA:43,31
DA:45,0
DA:47,0
DA:48,0
DA:51,0
DA:54,0
DA:55,0
DA:58,0
DA:59,0
DA:60,0
DA:61,0
DA:63,0
DA:64,0
DA:67,0
DA:68,0
DA:71,0
DA:79,0
DA:82,0
DA:83,0
DA:84,0
DA:88,0
DA:90,0
DA:91,0
DA:92,0
DA:93,0
DA:94,0
DA:95,0
DA:96,0
DA:97,0
DA:100,0
DA:101,0
DA:102,0
DA:103,0
DA:104,0
DA:107,0
DA:108,0
DA:109,0
DA:112,0
DA:114,0
DA:117,0
DA:123,0
DA:130,0
DA:131,0
DA:132,0
DA:133,0
DA:135,0
DA:140,0
DA:146,20
DA:148,20
DA:149,20
DA:150,20
DA:154,0
DA:155,0
DA:162,0
DA:164,0
DA:166,0
DA:167,0
DA:170,0
DA:172,0
DA:173,0
DA:176,0
DA:178,0
DA:180,0
DA:184,0
DA:185,0
DA:186,0
DA:190,0
DA:191,0
DA:192,0
DA:193,0
DA:194,0
DA:195,0
DA:196,0
DA:197,0
DA:198,0
DA:199,0
DA:200,0
DA:206,0
DA:208,0
DA:209,0
LF:91
LH:5
end_of_record
SF:lib/main.g.dart
DA:20,31
DA:21,0
DA:31,0
DA:32,0
DA:34,0
DA:38,0
DA:40,0
DA:42,0
DA:46,0
DA:47,0
DA:49,0
DA:54,0
LF:12
LH:1
end_of_record
SF:lib/view/common/dialog/dialog_scope.dart
DA:10,22
DA:12,22
DA:14,22
DA:15,66
DA:18,22
DA:19,22
DA:20,22
DA:21,22
DA:22,2
DA:28,22
DA:29,2
DA:30,0
DA:31,0
DA:32,0
DA:33,2
DA:34,2
DA:35,0
DA:36,0
DA:37,0
DA:39,6
DA:40,2
DA:41,6
DA:42,2
DA:43,2
DA:44,4
DA:45,2
DA:46,2
LF:27
LH:21
end_of_record
SF:lib/view/common/error_dialog_listener.dart
DA:13,24
DA:15,24
DA:17,48
DA:20,0
DA:21,0
DA:22,0
DA:24,0
DA:26,0
DA:27,0
DA:28,0
DA:30,0
DA:31,0
DA:32,0
DA:33,0
DA:34,0
DA:35,0
DA:36,0
DA:37,0
DA:38,0
DA:39,0
DA:41,0
DA:43,0
DA:45,0
DA:48,0
DA:49,0
DA:51,0
DA:56,24
LF:27
LH:4
end_of_record
SF:lib/view/common/sharing_intent_listener.dart
DA:15,22
DA:21,22
DA:23,22
DA:31,22
DA:33,22
DA:34,44
DA:35,0
DA:36,44
DA:37,22
DA:38,22
DA:39,0
DA:42,0
DA:43,0
DA:44,0
DA:46,0
DA:50,0
DA:51,0
DA:52,0
DA:53,0
DA:55,0
DA:59,0
DA:60,0
DA:61,0
DA:70,22
DA:72,44
DA:73,22
DA:76,22
DA:78,66
DA:79,44
LF:29
LH:15
end_of_record
SF:lib/view/themes/app_theme_scope.dart
DA:16,24
DA:18,24
DA:19,24
DA:23,24
DA:32,24
DA:34,24
DA:36,24
DA:42,48
DA:44,48
DA:45,48
DA:46,48
DA:47,24
DA:48,24
DA:49,24
DA:50,0
DA:52,24
DA:53,0
DA:55,24
DA:56,24
DA:57,24
DA:61,24
DA:62,24
DA:63,24
DA:64,0
DA:65,24
DA:66,24
DA:71,24
DA:72,24
DA:75,48
DA:76,48
DA:78,48
DA:79,0
DA:80,24
DA:82,0
DA:88,0
DA:90,0
DA:98,24
DA:102,48
DA:103,48
DA:104,0
DA:105,0
DA:106,0
DA:107,0
DA:110,24
DA:111,24
DA:112,24
DA:117,24
DA:119,24
DA:121,48
DA:122,48
DA:124,0
DA:126,48
DA:127,0
DA:128,24
DA:130,0
DA:136,0
DA:138,0
DA:144,24
DA:146,24
DA:147,0
DA:148,24
DA:149,24
DA:152,24
DA:157,24
DA:159,48
DA:160,48
DA:161,0
DA:166,0
DA:168,48
DA:170,0
DA:173,0
DA:175,0
DA:181,24
DA:183,24
DA:184,0
DA:185,0
DA:186,24
DA:187,24
DA:190,24
DA:191,48
DA:192,48
DA:205,24
DA:206,48
DA:207,0
DA:211,0
DA:213,0
DA:214,0
DA:215,0
DA:219,24
DA:225,24
DA:226,72
DA:227,72
DA:228,24
DA:229,24
DA:230,24
DA:234,24
DA:239,24
DA:240,48
DA:241,24
DA:242,0
DA:243,48
DA:247,24
DA:248,24
DA:249,24
DA:250,24
DA:251,24
DA:253,24
DA:255,24
DA:256,24
DA:257,24
DA:258,24
DA:259,24
DA:262,48
DA:263,24
DA:264,0
DA:265,24
DA:268,48
DA:269,48
DA:270,48
DA:271,24
DA:272,24
DA:273,48
DA:275,24
DA:276,48
DA:279,24
DA:280,48
DA:284,48
DA:285,24
DA:286,24
DA:287,48
DA:291,24
DA:294,24
DA:295,24
DA:301,24
DA:302,24
DA:303,48
DA:304,24
DA:305,48
DA:311,24
DA:312,24
DA:313,48
DA:314,48
DA:317,48
DA:318,48
DA:319,24
DA:320,24
DA:322,24
DA:323,24
DA:325,24
DA:326,24
DA:327,24
DA:328,0
DA:329,24
DA:332,24
DA:334,24
DA:335,48
DA:336,24
DA:339,48
DA:340,48
DA:341,24
DA:342,0
DA:343,48
DA:345,24
DA:346,24
DA:349,24
DA:350,24
DA:351,0
DA:354,0
DA:355,0
DA:360,48
DA:361,24
DA:362,24
DA:364,24
DA:366,24
DA:367,0
DA:368,24
DA:369,24
DA:370,0
DA:371,24
DA:373,24
DA:374,24
DA:378,24
DA:379,24
DA:380,24
DA:381,24
DA:382,24
DA:383,24
DA:384,24
DA:387,24
DA:388,24
DA:389,24
DA:390,24
DA:397,24
DA:399,48
DA:400,48
DA:401,72
DA:404,48
DA:405,48
DA:406,72
DA:409,48
DA:410,48
DA:411,72
DA:414,48
DA:415,48
DA:416,72
DA:419,48
DA:420,48
DA:421,72
DA:424,48
DA:425,48
DA:426,72
DA:429,48
DA:430,48
DA:431,72
DA:434,48
DA:435,48
DA:436,72
DA:439,48
DA:440,48
DA:441,72
DA:444,48
DA:445,48
DA:446,72
DA:451,24
DA:453,96
DA:455,0
DA:462,24
DA:463,24
DA:464,48
DA:465,48
DA:467,24
DA:468,72
DA:471,24
DA:472,24
DA:478,24
DA:479,24
DA:488,24
DA:489,48
DA:491,24
DA:492,0
DA:493,0
DA:497,48
LF:242
LH:201
end_of_record
SF:lib/view/profile_edit_page/profile_edit_provider.g.dart
DA:13,1
DA:14,0
DA:24,0
DA:25,0
DA:27,0
DA:29,0
DA:32,0
DA:33,0
DA:35,0
DA:40,0
DA:44,0
DA:47,0
DA:48,0
DA:50,0
DA:57,0
DA:66,1
DA:67,0
DA:77,0
DA:78,0
DA:80,0
DA:82,0
DA:85,0
DA:86,0
DA:88,0
DA:93,0
DA:98,0
DA:101,0
DA:102,0
DA:104,0
DA:111,0
DA:120,1
DA:121,0
DA:131,0
DA:132,0
DA:134,0
DA:136,0
DA:139,0
DA:140,0
DA:142,0
DA:147,0
DA:151,0
DA:154,0
DA:155,0
DA:157,0
DA:164,0
DA:173,1
DA:174,0
DA:184,0
DA:185,0
DA:187,0
DA:189,0
DA:192,0
DA:193,0
DA:195,0
DA:200,0
DA:204,0
DA:207,0
DA:208,0
DA:210,0
DA:217,0
DA:226,1
DA:227,0
DA:237,1
DA:238,1
DA:240,1
DA:242,1
DA:245,0
DA:246,0
DA:248,0
DA:253,1
DA:257,1
DA:260,1
DA:261,1
DA:263,1
DA:270,1
DA:279,1
DA:280,0
DA:290,0
DA:291,0
DA:293,0
DA:295,0
DA:298,0
DA:299,0
DA:301,0
DA:306,0
DA:311,0
DA:314,0
DA:315,0
DA:317,0
DA:324,0
DA:333,1
DA:334,0
DA:344,0
DA:345,0
DA:347,0
DA:349,0
DA:352,0
DA:353,0
DA:355,0
DA:360,0
DA:365,0
DA:368,0
DA:369,0
DA:371,0
DA:378,0
DA:388,1
DA:389,0
DA:399,0
DA:400,0
DA:402,0
DA:404,0
DA:407,0
DA:408,0
DA:410,0
DA:417,0
DA:422,0
DA:425,0
DA:427,0
DA:433,0
DA:443,0
DA:453,1
DA:454,0
DA:464,0
DA:465,0
DA:467,0
DA:470,0
DA:472,0
DA:474,0
DA:478,0
DA:479,0
DA:481,0
DA:486,0
LF:132
LH:19
end_of_record
SF:lib/view/profile_edit_page/profile_edit_provider.dart
DA:10,0
DA:13,0
DA:18,0
DA:21,0
DA:26,0
DA:29,0
DA:34,0
DA:37,0
DA:42,1
DA:43,1
DA:45,2
DA:50,0
DA:53,0
DA:58,0
DA:61,0
DA:66,0
DA:69,0
DA:72,0
DA:74,0
DA:75,0
DA:76,0
DA:77,0
DA:78,0
DA:79,0
DA:80,0
DA:81,0
DA:82,0
DA:83,0
DA:84,0
DA:86,0
DA:87,0
LF:31
LH:3
end_of_record
