SF:lib/providers.g.dart
DA:14,22
DA:15,0
DA:25,1
DA:26,1
DA:28,1
DA:31,1
DA:33,0
DA:35,0
DA:39,1
DA:40,1
DA:42,1
DA:47,1
DA:55,22
DA:56,0
DA:66,1
DA:67,1
DA:69,1
DA:72,1
DA:74,0
DA:76,0
DA:80,0
DA:81,0
DA:83,0
DA:88,1
DA:99,12
DA:102,12
DA:110,12
DA:111,12
DA:113,0
DA:115,0
DA:117,0
DA:120,12
DA:123,12
DA:125,2
DA:127,2
DA:128,2
DA:132,0
DA:133,0
DA:135,0
DA:139,12
DA:141,48
DA:144,12
DA:146,24
DA:150,12
DA:154,22
DA:155,0
DA:163,12
DA:164,12
DA:166,0
DA:176,22
DA:177,0
DA:187,2
DA:188,2
DA:190,2
DA:193,2
DA:195,2
DA:197,2
DA:201,0
DA:202,0
DA:204,0
DA:209,2
DA:217,2
DA:220,2
DA:228,2
DA:229,2
DA:231,0
DA:233,0
DA:235,0
DA:238,2
DA:241,2
DA:243,0
DA:245,0
DA:246,0
DA:250,0
DA:251,0
DA:253,0
DA:257,2
DA:259,8
DA:262,2
DA:264,4
DA:268,2
DA:273,22
DA:274,0
DA:282,2
DA:283,2
DA:285,0
DA:300,22
DA:301,0
DA:315,8
DA:316,8
DA:318,8
DA:322,8
DA:324,8
DA:326,8
DA:330,0
DA:331,0
DA:333,0
DA:338,8
DA:347,9
DA:350,9
DA:358,9
DA:359,9
DA:361,0
DA:363,0
DA:365,0
DA:368,9
DA:371,9
DA:373,9
DA:375,9
DA:376,9
DA:380,0
DA:381,0
DA:383,0
DA:387,9
DA:389,36
DA:392,9
DA:394,18
DA:398,9
DA:402,22
DA:403,0
DA:411,9
DA:412,9
DA:414,0
DA:424,22
DA:425,0
DA:435,12
DA:436,12
DA:438,12
DA:441,12
DA:443,12
DA:445,12
DA:449,0
DA:450,0
DA:452,0
DA:457,12
DA:465,0
DA:466,0
DA:474,0
DA:475,0
DA:477,0
DA:479,0
DA:481,0
DA:484,0
DA:487,0
DA:489,0
DA:491,0
DA:492,0
DA:496,0
DA:497,0
DA:499,0
DA:503,0
DA:505,0
DA:508,0
DA:510,0
DA:514,0
DA:518,22
DA:519,0
DA:527,0
DA:529,0
DA:539,0
DA:542,0
DA:550,0
DA:551,0
DA:553,0
DA:555,0
DA:557,0
DA:560,0
DA:563,0
DA:565,0
DA:567,0
DA:568,0
DA:572,0
DA:573,0
DA:575,0
DA:579,0
DA:581,0
DA:584,0
DA:586,0
DA:590,0
DA:594,22
DA:595,0
DA:603,0
DA:604,0
DA:606,0
DA:621,22
DA:622,0
DA:632,9
DA:633,9
DA:635,9
DA:639,9
DA:641,9
DA:643,9
DA:647,0
DA:648,0
DA:650,0
DA:655,9
DA:663,22
DA:664,0
DA:674,0
DA:675,0
DA:677,0
DA:680,0
DA:682,0
DA:684,0
DA:688,12
DA:689,12
DA:691,12
DA:696,0
DA:704,22
DA:705,0
DA:719,9
DA:720,9
DA:722,9
DA:725,9
DA:727,9
DA:729,9
DA:733,0
DA:734,0
DA:736,0
DA:741,9
DA:749,22
DA:750,0
DA:764,8
DA:765,8
DA:767,8
DA:770,8
DA:772,8
DA:774,8
DA:778,0
DA:779,0
DA:781,0
DA:786,8
LF:232
LH:117
end_of_record
SF:lib/providers.dart
DA:41,0
DA:42,0
DA:44,0
DA:47,2
DA:51,2
DA:52,2
DA:53,2
DA:57,2
DA:58,2
DA:60,0
DA:61,0
DA:67,0
DA:68,0
DA:69,0
DA:70,0
DA:71,0
DA:75,27
DA:76,36
DA:79,8
DA:81,40
DA:84,9
DA:86,9
DA:87,18
DA:89,18
DA:90,18
DA:93,12
DA:94,12
DA:96,0
DA:98,0
DA:99,0
DA:100,0
DA:103,0
DA:104,0
DA:105,0
DA:106,0
DA:110,0
DA:111,0
DA:114,27
DA:115,18
DA:118,36
DA:119,24
DA:122,0
DA:123,0
DA:126,24
DA:127,12
DA:128,12
DA:131,0
DA:132,0
DA:135,9
DA:146,3
DA:147,3
DA:149,12
DA:151,36
DA:154,0
DA:155,0
DA:157,9
DA:159,9
DA:160,27
DA:162,18
DA:165,8
DA:167,8
DA:168,24
DA:170,16
DA:173,0
DA:174,0
DA:178,0
DA:180,0
DA:181,0
DA:182,0
DA:184,0
DA:185,0
DA:189,0
DA:190,0
DA:192,0
DA:193,0
DA:197,0
DA:198,0
DA:200,0
DA:201,0
DA:205,0
DA:206,0
DA:208,0
DA:209,0
DA:213,0
DA:214,0
DA:216,0
DA:217,0
DA:221,0
DA:222,0
DA:224,0
DA:225,0
DA:229,0
DA:230,0
DA:232,0
DA:233,0
DA:237,0
DA:238,0
DA:240,0
DA:241,0
LF:99
LH:37
end_of_record
SF:lib/repository/account_repository.g.dart
DA:14,22
DA:15,0
DA:25,13
DA:26,13
DA:28,13
DA:30,13
DA:33,0
DA:34,0
DA:36,0
DA:41,13
DA:45,13
DA:48,13
DA:49,13
DA:51,13
DA:58,13
LF:15
LH:11
end_of_record
SF:lib/repository/account_repository.dart
DA:24,1
DA:30,1
DA:36,0
DA:42,1
DA:49,0
DA:60,13
DA:66,13
DA:68,13
DA:71,0
DA:72,0
DA:73,0
DA:78,0
DA:84,0
DA:85,0
DA:86,0
DA:87,0
DA:89,0
DA:90,0
DA:91,0
DA:92,0
DA:94,0
DA:99,0
DA:101,0
DA:104,0
DA:109,0
DA:110,0
DA:111,0
DA:112,0
DA:113,0
DA:115,0
DA:116,0
DA:117,0
DA:118,0
DA:120,0
DA:121,0
DA:122,0
DA:123,0
DA:124,0
DA:126,0
DA:129,0
DA:130,0
DA:131,0
DA:132,0
DA:133,0
DA:135,0
DA:136,0
DA:137,0
DA:138,0
DA:140,0
DA:141,0
DA:142,0
DA:144,0
DA:145,0
DA:148,0
DA:149,0
DA:151,0
DA:153,0
DA:154,0
DA:155,0
DA:156,0
DA:157,0
DA:158,0
DA:159,0
DA:161,0
DA:162,0
DA:164,0
DA:165,0
DA:168,0
DA:169,0
DA:170,0
DA:171,0
DA:172,0
DA:173,0
DA:175,0
DA:176,0
DA:178,0
DA:179,0
DA:184,0
DA:187,0
DA:191,0
DA:192,0
DA:193,0
DA:194,0
DA:195,0
DA:199,0
DA:200,0
DA:201,0
DA:204,0
DA:205,0
DA:206,0
DA:208,0
DA:209,0
DA:210,0
DA:213,0
DA:214,0
DA:215,0
DA:217,0
DA:218,0
DA:219,0
DA:222,0
DA:223,0
DA:224,0
DA:226,0
DA:227,0
DA:228,0
DA:231,0
DA:232,0
DA:233,0
DA:234,0
DA:235,0
DA:236,0
DA:239,1
DA:245,1
DA:248,1
DA:251,1
DA:255,3
DA:257,1
DA:259,4
DA:260,3
DA:261,1
DA:263,2
DA:265,2
DA:266,0
DA:269,2
DA:272,4
DA:274,0
DA:275,0
DA:276,0
DA:277,0
DA:278,0
DA:279,0
DA:280,0
DA:284,1
DA:285,1
DA:286,1
DA:291,0
DA:296,0
DA:301,0
DA:302,0
DA:303,0
DA:310,0
DA:313,0
DA:314,0
DA:315,0
DA:316,0
DA:317,0
DA:318,0
DA:319,0
DA:323,1
DA:324,1
DA:326,0
DA:327,0
DA:328,0
DA:330,0
DA:338,0
DA:339,0
DA:340,0
DA:341,0
DA:342,0
DA:343,0
DA:344,0
DA:348,0
DA:349,0
DA:350,0
DA:353,0
DA:354,0
DA:355,0
DA:357,0
DA:358,0
DA:359,0
DA:360,0
DA:363,0
DA:364,0
DA:365,0
DA:366,0
DA:367,0
DA:368,0
DA:370,0
DA:373,0
DA:374,0
DA:376,0
LF:181
LH:24
end_of_record
SF:lib/repository/account_settings_repository.dart
DA:13,0
DA:15,0
DA:16,0
DA:17,0
DA:22,0
DA:23,0
DA:24,0
DA:25,0
DA:28,0
DA:29,0
DA:35,0
DA:36,0
DA:43,0
DA:44,0
DA:45,0
DA:46,0
DA:47,0
DA:51,0
DA:55,0
DA:56,0
DA:57,0
DA:58,0
DA:59,0
DA:60,0
DA:63,0
DA:64,0
DA:65,0
DA:66,0
DA:67,0
DA:68,0
DA:69,0
DA:73,0
DA:74,0
DA:75,0
DA:77,0
DA:78,0
DA:81,1
DA:82,2
DA:83,0
DA:85,3
DA:88,1
DA:89,2
LF:42
LH:5
end_of_record
SF:lib/repository/emoji_repository.dart
DA:33,1
DA:47,9
DA:59,0
DA:61,0
DA:62,0
DA:63,0
DA:66,0
DA:68,0
DA:69,0
DA:71,0
DA:74,0
DA:77,0
DA:79,0
DA:80,0
DA:82,0
DA:83,0
DA:84,0
DA:85,0
DA:88,0
DA:89,0
DA:90,0
DA:91,0
DA:94,0
DA:97,0
DA:99,0
DA:100,0
DA:101,0
DA:102,0
DA:103,0
DA:104,0
DA:105,0
DA:106,0
DA:107,0
DA:108,0
DA:109,0
DA:114,0
DA:116,0
DA:118,0
DA:119,0
DA:120,0
DA:122,0
DA:128,0
DA:129,0
DA:132,0
DA:134,0
DA:135,0
DA:136,0
DA:137,0
DA:138,0
DA:139,0
DA:140,0
DA:141,0
DA:142,0
DA:143,0
DA:144,0
DA:148,0
DA:149,0
DA:150,0
DA:151,0
DA:152,0
DA:153,0
DA:154,0
DA:156,0
DA:158,0
DA:159,0
DA:160,0
DA:161,0
DA:164,0
DA:165,0
DA:167,0
DA:168,0
DA:169,0
DA:170,0
DA:174,0
DA:179,0
DA:180,0
DA:181,0
DA:182,0
DA:183,0
DA:185,0
DA:186,0
DA:187,0
DA:188,0
DA:189,0
DA:193,0
DA:198,0
DA:199,0
DA:202,0
DA:204,0
DA:205,0
DA:206,0
DA:207,0
DA:208,0
DA:209,0
DA:210,0
DA:211,0
DA:212,0
DA:213,0
DA:214,0
DA:215,0
DA:216,0
DA:217,0
DA:218,0
DA:220,0
DA:221,0
DA:222,0
DA:225,0
DA:226,0
DA:227,0
DA:228,0
DA:231,0
DA:233,0
DA:234,0
DA:235,0
DA:236,0
DA:237,0
DA:240,0
DA:241,0
DA:242,0
DA:243,0
LF:120
LH:2
end_of_record
SF:lib/repository/general_settings_repository.dart
DA:9,24
DA:11,0
DA:12,0
DA:13,0
DA:14,0
DA:19,0
DA:20,0
DA:22,0
DA:26,0
DA:27,0
DA:28,0
DA:29,0
DA:30,0
LF:13
LH:1
end_of_record
SF:lib/repository/note_repository.dart
DA:34,9
DA:35,63
DA:38,9
DA:39,9
DA:40,0
DA:41,0
DA:43,0
DA:46,0
DA:49,0
DA:50,0
DA:51,0
DA:52,0
DA:53,0
DA:54,0
DA:55,0
DA:56,0
DA:60,0
DA:66,9
DA:67,0
DA:68,0
DA:70,0
DA:74,0
DA:75,0
DA:82,18
DA:84,16
DA:86,8
DA:91,40
DA:92,1
DA:95,8
DA:96,0
DA:97,0
DA:98,0
DA:99,0
DA:101,0
DA:102,0
DA:106,64
DA:107,4
DA:108,16
DA:112,24
DA:113,40
DA:114,32
DA:115,32
DA:116,14
DA:117,17
DA:119,8
DA:120,16
DA:121,6
DA:124,32
DA:130,64
DA:131,4
DA:132,16
DA:135,8
DA:136,8
DA:138,2
DA:141,0
DA:145,1
DA:146,1
DA:147,2
DA:148,1
DA:152,8
DA:153,16
DA:154,8
DA:156,16
DA:157,8
DA:161,0
DA:162,0
DA:163,0
DA:166,1
DA:167,2
DA:168,2
DA:169,1
LF:71
LH:43
end_of_record
SF:lib/repository/tab_settings_repository.dart
DA:14,0
DA:16,0
DA:18,0
DA:19,0
DA:20,0
DA:21,0
DA:25,0
DA:26,0
DA:27,0
DA:28,0
DA:31,0
DA:35,0
DA:36,0
DA:37,0
DA:38,0
DA:40,0
DA:42,0
DA:45,0
DA:46,0
DA:47,0
DA:48,0
DA:51,0
DA:52,0
DA:53,0
DA:54,0
DA:55,0
DA:57,0
DA:59,0
DA:60,0
DA:61,0
DA:63,0
DA:65,0
DA:66,0
DA:67,0
DA:69,0
LF:35
LH:0
end_of_record
SF:lib/model/account.dart
DA:10,12
DA:20,0
DA:21,0
DA:23,12
DA:25,12
DA:26,36
DA:27,36
DA:28,36
DA:31,12
DA:32,48
DA:34,1
DA:35,3
DA:38,0
DA:40,2
DA:45,1
DA:48,1
DA:49,1
DA:52,1
DA:82,1
DA:83,1
DA:84,1
DA:85,1
LF:22
LH:19
end_of_record
SF:lib/model/account.g.dart
DA:9,0
DA:10,0
DA:11,0
DA:12,0
DA:13,0
DA:14,0
DA:16,0
DA:19,0
DA:20,0
DA:21,0
DA:22,0
DA:23,0
DA:24,0
LF:13
LH:0
end_of_record
SF:lib/model/account_settings.dart
DA:12,1
DA:30,0
DA:31,0
DA:33,0
DA:34,0
LF:5
LH:1
end_of_record
SF:lib/model/account_settings.g.dart
DA:9,0
DA:11,0
DA:12,0
DA:13,0
DA:15,0
DA:18,0
DA:20,0
DA:23,0
DA:25,0
DA:27,0
DA:31,0
DA:33,0
DA:35,0
DA:37,0
DA:39,0
DA:41,0
DA:43,0
DA:45,0
DA:47,0
DA:48,0
DA:51,0
DA:53,0
DA:54,0
DA:55,0
DA:56,0
DA:58,0
DA:59,0
DA:61,0
DA:62,0
DA:63,0
DA:64,0
DA:65,0
DA:66,0
DA:67,0
DA:68,0
LF:35
LH:0
end_of_record
SF:lib/model/acct.dart
DA:9,1
DA:11,0
DA:13,0
DA:15,0
LF:4
LH:1
end_of_record
SF:lib/model/acct.g.dart
DA:9,0
DA:10,0
DA:12,0
DA:13,0
DA:14,0
LF:5
LH:0
end_of_record
SF:lib/model/general_settings.dart
DA:13,0
DA:15,0
DA:16,0
DA:17,0
DA:28,0
DA:30,0
DA:31,0
DA:32,0
DA:33,0
DA:42,0
DA:44,0
DA:45,0
DA:54,0
DA:56,0
DA:57,0
DA:66,0
DA:68,0
DA:69,0
DA:142,0
DA:143,0
LF:20
LH:0
end_of_record
SF:lib/model/general_settings.g.dart
DA:9,0
DA:10,0
DA:11,0
DA:12,0
DA:14,0
DA:16,0
DA:20,0
DA:22,0
DA:24,0
DA:26,0
DA:27,0
DA:29,0
DA:31,0
DA:33,0
DA:35,0
DA:37,0
DA:38,0
DA:39,0
DA:40,0
DA:41,0
DA:43,0
DA:45,0
DA:48,0
DA:49,0
DA:50,0
DA:51,0
DA:52,0
DA:53,0
DA:54,0
DA:55,0
DA:56,0
DA:57,0
DA:58,0
DA:59,0
DA:60,0
DA:61,0
DA:62,0
DA:63,0
DA:64,0
DA:65,0
DA:66,0
DA:67,0
DA:68,0
LF:43
LH:0
end_of_record
SF:lib/model/misskey_emoji_data.dart
DA:6,51
DA:8,9
DA:14,9
DA:15,8
DA:18,9
DA:19,9
DA:22,9
DA:24,2
DA:26,2
DA:28,1
DA:30,1
DA:33,1
DA:41,9
DA:42,8
DA:44,16
DA:45,8
DA:48,0
DA:50,8
DA:55,5
DA:56,5
DA:57,5
DA:59,10
DA:60,5
DA:62,0
DA:64,5
DA:68,0
DA:74,18
DA:80,2
DA:86,2
DA:95,58
LF:30
LH:27
end_of_record
SF:lib/model/tab_setting.dart
DA:10,0
DA:11,0
DA:13,0
DA:15,0
DA:20,0
DA:61,0
DA:62,0
LF:7
LH:0
end_of_record
SF:lib/model/tab_setting.g.dart
DA:9,0
DA:10,0
DA:11,0
DA:12,0
DA:13,0
DA:14,0
DA:15,0
DA:16,0
DA:17,0
DA:18,0
DA:19,0
DA:20,0
DA:21,0
DA:24,0
DA:25,0
DA:26,0
DA:27,0
DA:28,0
DA:29,0
DA:30,0
DA:31,0
DA:32,0
DA:33,0
DA:34,0
DA:35,0
DA:36,0
DA:37,0
LF:27
LH:0
end_of_record
SF:lib/repository/shared_preference_controller.dart
DA:13,9
DA:15,0
DA:16,0
DA:17,0
DA:19,0
DA:20,0
DA:21,0
DA:22,0
DA:27,0
DA:28,0
DA:32,0
DA:33,0
DA:34,0
DA:35,0
DA:39,0
DA:40,0
DA:41,0
DA:43,0
DA:44,0
DA:45,0
DA:50,0
DA:51,0
DA:55,0
DA:56,0
DA:57,0
DA:62,27
DA:63,18
DA:64,18
LF:28
LH:4
end_of_record
SF:lib/const.dart
DA:7,22
LF:1
LH:1
end_of_record
SF:lib/extensions/color_extension.dart
DA:4,0
DA:5,0
DA:7,0
DA:8,0
DA:10,0
DA:13,12
DA:14,36
DA:16,12
DA:17,12
DA:18,36
DA:21,12
DA:24,0
DA:25,0
DA:26,0
DA:28,0
DA:31,0
DA:32,0
DA:34,0
DA:35,0
DA:36,0
DA:39,0
LF:21
LH:6
end_of_record
SF:lib/extensions/date_time_extension.dart
DA:6,18
DA:7,27
DA:8,0
DA:9,6
DA:10,0
DA:12,1
DA:13,2
DA:14,4
DA:17,1
DA:18,2
DA:19,1
DA:21,4
DA:22,3
DA:25,0
DA:26,0
DA:27,0
DA:29,0
DA:30,0
DA:33,0
DA:34,0
DA:35,0
DA:36,0
DA:37,0
DA:38,0
DA:39,0
DA:40,0
DA:41,0
DA:42,0
DA:43,0
DA:44,0
DA:45,0
DA:46,0
DA:48,0
DA:52,9
DA:53,18
DA:54,18
DA:55,0
DA:56,9
DA:57,0
DA:58,9
DA:59,0
DA:60,9
DA:61,0
DA:62,9
DA:63,0
DA:64,9
DA:65,0
DA:67,36
DA:73,0
DA:74,0
DA:75,0
DA:76,0
DA:77,0
DA:78,0
DA:79,0
DA:81,0
LF:56
LH:20
end_of_record
SF:lib/l10n/app_localizations.dart
DA:65,12
DA:66,24
DA:70,12
DA:71,12
DA:3233,22
DA:3235,12
DA:3237,24
DA:3240,12
DA:3242,36
DA:3244,0
DA:3248,12
DA:3250,12
DA:3251,12
DA:3253,12
DA:3254,12
DA:3255,0
DA:3259,0
DA:3261,0
DA:3262,0
DA:3263,0
DA:3270,12
DA:3271,12
DA:3272,12
DA:3273,0
DA:3274,0
DA:3277,0
LF:26
LH:17
end_of_record
SF:lib/extensions/list_mfm_node_extension.dart
DA:7,8
DA:8,0
DA:9,0
DA:10,0
DA:13,0
DA:18,8
DA:19,0
DA:20,0
DA:22,16
DA:23,8
DA:25,0
DA:27,8
DA:28,0
DA:29,8
DA:30,0
DA:31,0
DA:35,8
LF:17
LH:7
end_of_record
SF:lib/extensions/note_extension.dart
DA:4,8
DA:5,8
DA:6,2
DA:7,2
DA:8,4
DA:9,2
LF:6
LH:6
end_of_record
SF:lib/extensions/note_visibility_extension.dart
DA:6,0
DA:8,0
DA:9,0
DA:10,0
DA:11,0
DA:15,1
DA:17,1
DA:18,1
DA:19,3
DA:20,0
LF:10
LH:4
end_of_record
SF:lib/extensions/origin_extension.dart
DA:6,1
DA:8,3
DA:9,3
DA:10,3
LF:4
LH:4
end_of_record
SF:lib/extensions/reaction_acceptance_extension.dart
DA:6,0
DA:8,0
DA:9,0
DA:10,0
DA:11,0
DA:12,0
DA:13,0
DA:14,0
LF:8
LH:0
end_of_record
SF:lib/extensions/string_extensions.dart
DA:4,1
DA:5,1
DA:7,4
DA:10,0
DA:11,0
DA:12,0
DA:13,0
DA:15,0
DA:16,0
DA:17,0
DA:18,0
DA:19,0
DA:20,0
DA:21,0
DA:23,0
DA:25,0
DA:26,0
DA:27,0
DA:28,0
DA:29,0
DA:30,0
DA:31,0
DA:33,0
DA:34,0
DA:36,0
DA:38,0
DA:39,0
DA:40,0
DA:44,0
LF:29
LH:3
end_of_record
SF:lib/extensions/text_editing_controller_extension.dart
DA:5,1
DA:6,2
DA:7,1
DA:10,2
DA:13,1
DA:14,1
DA:18,1
DA:19,1
DA:22,1
DA:24,4
DA:27,2
DA:31,1
DA:32,1
DA:36,1
DA:37,1
DA:40,2
DA:41,2
DA:48,1
DA:49,1
DA:53,1
DA:54,1
DA:57,2
DA:58,2
DA:65,1
DA:66,1
DA:68,1
DA:70,1
DA:72,1
DA:74,1
DA:76,1
DA:78,1
DA:81,1
DA:82,5
DA:83,5
DA:84,2
DA:85,2
DA:86,2
DA:88,2
DA:89,1
DA:90,1
DA:91,2
DA:92,2
LF:42
LH:42
end_of_record
SF:lib/model/input_completion_type.dart
DA:2,2
DA:8,1
DA:14,2
DA:20,1
LF:4
LH:4
end_of_record
SF:lib/extensions/user_extension.dart
DA:4,3
DA:5,11
DA:10,1
DA:11,1
DA:17,2
DA:18,1
DA:19,0
DA:20,0
DA:21,0
DA:25,1
DA:26,1
DA:32,1
DA:33,1
DA:34,0
DA:35,0
DA:36,0
LF:16
LH:10
end_of_record
SF:lib/extensions/users_lists_show_response_extension.dart
DA:4,0
DA:5,0
DA:6,0
DA:7,0
DA:8,0
DA:9,0
DA:10,0
LF:7
LH:0
end_of_record
SF:lib/extensions/users_sort_type_extension.dart
DA:6,0
DA:8,0
DA:9,0
DA:10,0
DA:11,0
DA:12,0
DA:13,0
DA:14,0
DA:15,0
LF:9
LH:0
end_of_record
SF:lib/hooks/use_async.dart
DA:11,9
DA:12,27
DA:14,9
DA:17,9
DA:18,9
DA:20,9
DA:21,9
DA:22,1
DA:23,2
DA:24,1
DA:27,1
DA:28,1
DA:29,2
DA:31,0
DA:32,0
DA:33,0
DA:34,0
DA:40,1
DA:41,1
DA:42,2
DA:44,1
DA:45,1
DA:46,1
DA:48,1
DA:49,1
DA:50,2
DA:51,3
LF:27
LH:23
end_of_record
SF:lib/log.dart
DA:3,0
LF:1
LH:0
end_of_record
SF:lib/view/common/dialog/dialog_state.g.dart
DA:14,22
DA:15,0
DA:25,12
DA:26,12
DA:28,12
DA:30,12
DA:33,0
DA:34,0
DA:36,0
DA:41,12
DA:46,12
DA:49,12
DA:50,12
DA:52,12
DA:59,12
LF:15
LH:11
end_of_record
SF:lib/view/common/dialog/dialog_state.dart
DA:37,12
DA:38,12
DA:40,2
DA:46,2
DA:47,8
DA:48,2
DA:49,4
DA:50,2
DA:59,2
DA:62,2
DA:65,10
DA:67,2
DA:68,4
DA:69,8
DA:70,12
DA:74,3
DA:75,3
DA:76,3
DA:78,0
DA:79,0
DA:81,0
DA:82,0
DA:89,0
DA:93,0
DA:94,0
DA:95,0
DA:96,0
DA:97,0
DA:98,0
DA:100,0
DA:103,0
DA:104,0
DA:107,0
LF:33
LH:18
end_of_record
SF:lib/l10n/app_localizations_ja.dart
DA:9,24
DA:11,0
DA:14,1
DA:17,4
DA:20,2
DA:23,1
DA:26,2
DA:29,2
DA:32,2
DA:35,3
DA:38,0
DA:41,0
DA:44,1
DA:47,3
DA:50,1
DA:53,1
DA:56,1
DA:59,6
DA:62,0
DA:65,0
DA:68,0
DA:71,0
DA:74,0
DA:77,3
DA:80,5
DA:83,3
DA:86,3
DA:89,3
DA:92,3
DA:95,3
DA:98,1
DA:101,2
DA:104,1
DA:107,2
DA:110,1
DA:113,1
DA:116,2
DA:119,1
DA:122,0
DA:125,2
DA:128,0
DA:131,0
DA:134,0
DA:137,0
DA:140,0
DA:143,0
DA:146,0
DA:149,0
DA:152,0
DA:155,0
DA:158,2
DA:161,0
DA:164,0
DA:167,0
DA:170,0
DA:173,0
DA:176,0
DA:179,0
DA:182,0
DA:185,0
DA:188,0
DA:191,0
DA:194,0
DA:197,0
DA:200,0
DA:203,0
DA:206,0
DA:209,0
DA:212,0
DA:215,1
DA:218,2
DA:221,1
DA:224,0
DA:227,0
DA:230,0
DA:233,0
DA:236,0
DA:239,0
DA:242,0
DA:245,0
DA:248,0
DA:251,0
DA:254,0
DA:257,0
DA:261,0
DA:264,0
DA:268,0
DA:271,0
DA:274,0
DA:277,0
DA:280,0
DA:283,0
DA:286,1
DA:289,2
DA:290,1
DA:292,1
DA:295,1
DA:298,2
DA:299,1
DA:301,1
DA:304,1
DA:306,1
DA:309,0
DA:312,1
DA:315,1
DA:318,1
DA:321,1
DA:324,1
DA:327,2
DA:328,1
DA:330,2
DA:331,1
DA:333,1
DA:336,0
DA:339,0
DA:342,0
DA:345,0
DA:348,0
DA:351,0
DA:354,0
DA:357,1
DA:360,1
DA:362,1
DA:365,1
DA:369,1
DA:372,0
DA:375,0
DA:378,0
DA:381,0
DA:383,0
DA:386,1
DA:389,1
DA:392,1
DA:395,0
DA:398,0
DA:401,0
DA:402,0
DA:406,0
DA:409,0
DA:412,0
DA:415,1
DA:418,1
DA:421,0
DA:424,1
DA:427,1
DA:430,1
DA:433,0
DA:436,0
DA:439,1
DA:442,0
DA:445,1
DA:448,0
DA:451,0
DA:454,1
DA:457,1
DA:460,1
DA:463,1
DA:466,0
DA:470,1
DA:473,1
DA:476,1
DA:479,0
DA:481,0
DA:484,2
DA:487,4
DA:488,2
DA:490,2
DA:493,2
DA:496,4
DA:497,2
DA:499,2
DA:502,2
DA:505,0
DA:508,0
DA:511,0
DA:514,0
DA:516,0
DA:519,0
DA:522,0
DA:524,0
DA:527,0
DA:529,0
DA:532,0
DA:535,0
DA:538,0
DA:541,0
DA:544,1
DA:547,1
DA:550,0
DA:553,0
DA:556,0
DA:559,0
DA:561,0
DA:564,0
DA:567,0
DA:570,0
DA:573,0
DA:576,0
DA:579,0
DA:582,0
DA:585,1
DA:588,1
DA:591,0
DA:594,0
DA:597,0
DA:599,0
DA:602,0
DA:604,0
DA:607,0
DA:609,0
DA:612,0
DA:615,0
DA:618,0
DA:621,0
DA:624,0
DA:627,0
DA:632,0
DA:635,0
DA:637,0
DA:640,0
DA:642,0
DA:645,0
DA:647,0
DA:650,0
DA:652,0
DA:655,0
DA:658,0
DA:661,0
DA:664,0
DA:666,0
DA:669,0
DA:672,0
DA:675,0
DA:678,0
DA:681,0
DA:684,0
DA:687,0
DA:690,0
DA:693,0
DA:696,0
DA:699,0
DA:702,0
DA:705,0
DA:708,1
DA:711,1
DA:714,1
DA:717,1
DA:720,1
DA:723,1
DA:726,1
DA:729,1
DA:732,1
DA:736,1
DA:739,1
DA:742,1
DA:745,2
DA:746,1
DA:748,1
DA:751,1
DA:754,0
DA:757,1
DA:760,2
DA:761,1
DA:763,1
DA:766,3
DA:769,1
DA:772,2
DA:773,1
DA:775,1
DA:778,0
DA:781,0
DA:783,0
DA:784,0
DA:786,0
DA:788,0
DA:791,0
DA:793,0
DA:794,0
DA:796,0
DA:798,0
DA:801,0
DA:804,0
DA:807,0
DA:810,0
DA:813,0
DA:816,0
DA:818,0
DA:821,0
DA:824,0
DA:827,0
DA:830,0
DA:833,0
DA:834,0
DA:836,0
DA:839,0
DA:842,0
DA:845,0
DA:848,0
DA:851,0
DA:854,0
DA:857,0
DA:860,0
DA:863,0
DA:866,0
DA:869,0
DA:872,0
DA:875,0
DA:878,0
DA:881,0
DA:884,1
DA:887,0
DA:890,0
DA:893,0
DA:894,0
DA:896,0
DA:899,0
DA:902,0
DA:905,0
DA:908,0
DA:911,0
DA:914,0
DA:917,0
DA:920,0
DA:923,0
DA:926,0
DA:929,0
DA:932,0
DA:935,0
DA:938,0
DA:941,0
DA:944,0
DA:947,0
DA:949,0
DA:950,0
DA:952,0
DA:954,0
DA:957,0
DA:959,0
DA:960,0
DA:962,0
DA:964,0
DA:967,0
DA:969,0
DA:970,0
DA:972,0
DA:974,0
DA:977,0
DA:979,0
DA:980,0
DA:982,0
DA:984,0
DA:987,9
DA:989,9
DA:990,9
DA:992,9
DA:994,9
DA:997,0
DA:999,0
DA:1000,0
DA:1002,0
DA:1004,0
DA:1007,0
DA:1009,0
DA:1010,0
DA:1012,0
DA:1014,0
DA:1017,0
DA:1019,0
DA:1020,0
DA:1022,0
DA:1024,0
DA:1027,0
DA:1029,0
DA:1030,0
DA:1032,0
DA:1034,0
DA:1037,0
DA:1039,0
DA:1040,0
DA:1042,0
DA:1044,0
DA:1047,0
DA:1049,0
DA:1050,0
DA:1052,0
DA:1054,0
DA:1056,0
DA:1057,0
DA:1059,0
DA:1062,0
DA:1064,0
DA:1065,0
DA:1067,0
DA:1069,0
DA:1071,0
DA:1072,0
DA:1074,0
DA:1077,0
DA:1079,0
DA:1080,0
DA:1082,0
DA:1084,0
DA:1086,0
DA:1087,0
DA:1089,0
DA:1092,0
DA:1094,0
DA:1095,0
DA:1097,0
DA:1099,0
DA:1101,0
DA:1102,0
DA:1104,0
DA:1107,0
DA:1110,0
DA:1113,0
DA:1116,0
DA:1119,0
DA:1122,0
DA:1125,0
DA:1128,0
DA:1131,0
DA:1134,0
DA:1137,0
DA:1140,0
DA:1143,0
DA:1145,0
DA:1148,0
DA:1150,0
DA:1153,0
DA:1155,0
DA:1158,0
DA:1160,0
DA:1163,0
DA:1165,0
DA:1168,0
DA:1171,0
DA:1174,0
DA:1177,0
DA:1180,0
DA:1183,0
DA:1186,0
DA:1189,0
DA:1192,0
DA:1195,1
DA:1198,1
DA:1201,1
DA:1204,1
DA:1207,1
DA:1210,1
DA:1213,1
DA:1216,1
DA:1219,1
DA:1222,1
DA:1225,1
DA:1228,1
DA:1232,1
DA:1234,1
DA:1237,1
DA:1241,1
DA:1244,1
DA:1248,1
DA:1252,0
DA:1255,0
DA:1258,0
DA:1261,0
DA:1263,0
DA:1266,0
DA:1269,0
DA:1272,0
DA:1275,0
DA:1278,0
DA:1281,0
DA:1284,0
DA:1287,0
DA:1290,0
DA:1293,0
DA:1296,0
DA:1299,0
DA:1302,0
DA:1305,0
DA:1308,0
DA:1311,0
DA:1314,0
DA:1317,0
DA:1320,0
DA:1323,0
DA:1326,0
DA:1329,0
DA:1332,0
DA:1335,0
DA:1337,0
DA:1340,0
DA:1343,0
DA:1346,0
DA:1349,0
DA:1351,0
DA:1354,0
DA:1357,0
DA:1360,0
DA:1363,0
DA:1367,0
DA:1370,0
DA:1373,0
DA:1376,0
DA:1379,0
DA:1382,0
DA:1385,0
DA:1388,0
DA:1391,0
DA:1394,0
DA:1397,0
DA:1401,0
DA:1404,0
DA:1408,0
DA:1411,0
DA:1414,0
DA:1417,0
DA:1421,0
DA:1424,0
DA:1427,0
DA:1430,0
DA:1433,0
DA:1436,0
DA:1439,0
DA:1442,0
DA:1445,0
DA:1448,0
DA:1451,0
DA:1454,0
DA:1457,0
DA:1460,0
DA:1463,0
DA:1466,0
DA:1469,0
DA:1472,0
DA:1476,0
DA:1479,0
DA:1482,0
DA:1485,0
DA:1488,0
DA:1491,0
DA:1494,0
DA:1497,0
DA:1500,0
DA:1503,0
DA:1506,0
DA:1509,0
DA:1512,0
DA:1516,0
DA:1519,0
DA:1522,0
DA:1525,0
DA:1528,0
DA:1531,0
DA:1534,0
DA:1537,0
DA:1541,0
DA:1544,0
DA:1548,0
DA:1552,0
DA:1556,0
DA:1559,0
DA:1562,0
DA:1565,0
DA:1568,0
DA:1571,0
DA:1574,0
DA:1577,0
DA:1580,0
DA:1582,0
DA:1585,0
DA:1588,0
DA:1591,0
DA:1594,0
DA:1597,0
DA:1601,0
DA:1604,0
DA:1607,0
DA:1610,0
DA:1614,0
DA:1617,0
DA:1620,1
DA:1623,1
DA:1626,0
DA:1629,0
DA:1632,0
DA:1635,0
DA:1638,0
DA:1641,0
DA:1644,0
DA:1647,0
DA:1650,0
DA:1653,0
DA:1656,0
DA:1659,0
DA:1662,0
DA:1665,0
DA:1668,0
DA:1671,0
DA:1674,0
DA:1677,0
DA:1680,1
DA:1683,0
DA:1686,1
DA:1689,1
DA:1692,1
DA:1695,1
DA:1698,1
DA:1701,0
DA:1704,1
DA:1707,1
DA:1710,1
DA:1713,1
DA:1716,1
DA:1719,1
DA:1722,1
DA:1725,1
DA:1728,0
DA:1731,0
DA:1734,0
DA:1737,1
DA:1740,1
DA:1743,1
DA:1746,1
DA:1749,1
DA:1752,1
DA:1755,1
DA:1758,1
DA:1761,1
DA:1764,0
DA:1767,0
DA:1770,0
DA:1773,0
DA:1776,0
DA:1779,0
DA:1780,0
DA:1782,0
DA:1783,0
DA:1785,0
DA:1788,0
DA:1791,0
DA:1794,0
DA:1797,0
DA:1800,1
DA:1803,1
DA:1806,0
DA:1809,0
DA:1812,0
DA:1815,0
DA:1818,0
DA:1821,0
DA:1824,0
DA:1827,0
DA:1829,0
DA:1832,0
DA:1835,0
DA:1838,0
DA:1841,0
DA:1844,0
DA:1847,0
DA:1850,0
DA:1852,0
DA:1855,0
DA:1858,0
DA:1861,2
DA:1864,0
DA:1867,0
DA:1873,0
DA:1875,0
DA:1878,0
DA:1881,0
DA:1884,0
DA:1887,0
DA:1890,0
DA:1893,0
DA:1896,0
DA:1899,0
DA:1903,0
DA:1907,0
DA:1910,0
DA:1913,0
DA:1916,0
DA:1919,0
DA:1922,0
DA:1925,0
DA:1928,0
DA:1929,0
DA:1931,0
DA:1934,0
DA:1937,0
DA:1940,0
DA:1943,0
DA:1946,0
DA:1949,0
DA:1952,0
DA:1954,0
DA:1957,0
DA:1960,0
DA:1963,0
DA:1966,0
DA:1968,0
DA:1971,0
DA:1974,0
DA:1977,0
DA:1980,0
DA:1983,0
DA:1986,0
DA:1989,0
DA:1993,0
DA:1996,0
DA:1999,0
DA:2001,0
DA:2004,0
DA:2007,0
DA:2010,0
DA:2013,0
DA:2016,0
DA:2019,0
DA:2022,0
DA:2025,0
DA:2027,0
DA:2030,0
DA:2032,0
DA:2035,0
DA:2037,0
DA:2040,0
DA:2043,0
DA:2046,0
DA:2049,0
DA:2052,0
DA:2055,0
DA:2060,0
DA:2063,0
DA:2065,0
DA:2068,0
DA:2070,0
DA:2073,0
DA:2075,0
DA:2078,0
DA:2080,0
DA:2083,0
DA:2086,0
DA:2089,0
DA:2092,0
DA:2095,0
DA:2098,0
DA:2101,0
DA:2104,0
DA:2107,0
DA:2110,0
DA:2113,0
DA:2116,0
DA:2119,0
DA:2122,0
DA:2124,0
DA:2127,0
DA:2130,0
DA:2133,0
DA:2136,0
DA:2139,0
DA:2142,0
DA:2145,0
DA:2148,0
DA:2151,0
DA:2154,0
DA:2157,0
DA:2161,0
DA:2163,0
DA:2166,0
DA:2169,0
DA:2172,0
DA:2175,0
DA:2177,0
DA:2180,0
DA:2183,0
LF:776
LH:167
end_of_record
SF:lib/l10n/app_localizations_zh.dart
DA:9,0
DA:11,0
DA:14,0
DA:17,0
DA:20,0
DA:23,0
DA:26,0
DA:29,0
DA:32,0
DA:35,0
DA:38,0
DA:41,0
DA:44,0
DA:47,0
DA:50,0
DA:53,0
DA:56,0
DA:59,0
DA:62,0
DA:65,0
DA:68,0
DA:71,0
DA:74,0
DA:77,0
DA:80,0
DA:83,0
DA:86,0
DA:89,0
DA:92,0
DA:95,0
DA:98,0
DA:101,0
DA:104,0
DA:107,0
DA:110,0
DA:113,0
DA:116,0
DA:119,0
DA:122,0
DA:125,0
DA:128,0
DA:131,0
DA:134,0
DA:137,0
DA:140,0
DA:143,0
DA:146,0
DA:149,0
DA:152,0
DA:155,0
DA:158,0
DA:161,0
DA:164,0
DA:167,0
DA:170,0
DA:173,0
DA:176,0
DA:179,0
DA:182,0
DA:185,0
DA:188,0
DA:191,0
DA:194,0
DA:197,0
DA:200,0
DA:203,0
DA:206,0
DA:209,0
DA:212,0
DA:215,0
DA:218,0
DA:221,0
DA:224,0
DA:227,0
DA:230,0
DA:233,0
DA:236,0
DA:239,0
DA:242,0
DA:245,0
DA:248,0
DA:251,0
DA:254,0
DA:257,0
DA:261,0
DA:264,0
DA:268,0
DA:271,0
DA:274,0
DA:277,0
DA:280,0
DA:283,0
DA:286,0
DA:289,0
DA:290,0
DA:292,0
DA:295,0
DA:298,0
DA:299,0
DA:301,0
DA:304,0
DA:306,0
DA:309,0
DA:312,0
DA:315,0
DA:318,0
DA:321,0
DA:324,0
DA:327,0
DA:328,0
DA:330,0
DA:331,0
DA:333,0
DA:336,0
DA:339,0
DA:342,0
DA:345,0
DA:348,0
DA:351,0
DA:354,0
DA:357,0
DA:360,0
DA:362,0
DA:365,0
DA:368,0
DA:371,0
DA:374,0
DA:377,0
DA:380,0
DA:382,0
DA:385,0
DA:388,0
DA:391,0
DA:394,0
DA:397,0
DA:400,0
DA:401,0
DA:405,0
DA:408,0
DA:411,0
DA:414,0
DA:417,0
DA:420,0
DA:423,0
DA:426,0
DA:429,0
DA:432,0
DA:435,0
DA:438,0
DA:441,0
DA:444,0
DA:447,0
DA:450,0
DA:453,0
DA:456,0
DA:459,0
DA:462,0
DA:465,0
DA:468,0
DA:471,0
DA:474,0
DA:477,0
DA:479,0
DA:482,0
DA:485,0
DA:486,0
DA:488,0
DA:491,0
DA:494,0
DA:495,0
DA:497,0
DA:500,0
DA:503,0
DA:506,0
DA:509,0
DA:512,0
DA:514,0
DA:517,0
DA:520,0
DA:522,0
DA:525,0
DA:527,0
DA:530,0
DA:533,0
DA:536,0
DA:539,0
DA:542,0
DA:545,0
DA:548,0
DA:551,0
DA:554,0
DA:557,0
DA:559,0
DA:562,0
DA:565,0
DA:568,0
DA:571,0
DA:574,0
DA:577,0
DA:580,0
DA:583,0
DA:586,0
DA:589,0
DA:592,0
DA:595,0
DA:597,0
DA:600,0
DA:602,0
DA:605,0
DA:607,0
DA:610,0
DA:613,0
DA:616,0
DA:619,0
DA:622,0
DA:625,0
DA:630,0
DA:633,0
DA:635,0
DA:638,0
DA:640,0
DA:643,0
DA:645,0
DA:648,0
DA:650,0
DA:653,0
DA:656,0
DA:659,0
DA:662,0
DA:664,0
DA:667,0
DA:670,0
DA:673,0
DA:676,0
DA:679,0
DA:682,0
DA:685,0
DA:688,0
DA:691,0
DA:694,0
DA:697,0
DA:700,0
DA:703,0
DA:706,0
DA:709,0
DA:712,0
DA:715,0
DA:718,0
DA:721,0
DA:724,0
DA:727,0
DA:730,0
DA:733,0
DA:736,0
DA:739,0
DA:742,0
DA:743,0
DA:745,0
DA:748,0
DA:751,0
DA:754,0
DA:757,0
DA:758,0
DA:760,0
DA:763,0
DA:766,0
DA:769,0
DA:770,0
DA:772,0
DA:775,0
DA:778,0
DA:780,0
DA:781,0
DA:783,0
DA:785,0
DA:788,0
DA:790,0
DA:791,0
DA:793,0
DA:795,0
DA:798,0
DA:801,0
DA:804,0
DA:807,0
DA:810,0
DA:813,0
DA:815,0
DA:818,0
DA:821,0
DA:824,0
DA:827,0
DA:830,0
DA:831,0
DA:833,0
DA:836,0
DA:839,0
DA:842,0
DA:845,0
DA:848,0
DA:851,0
DA:854,0
DA:857,0
DA:860,0
DA:863,0
DA:866,0
DA:869,0
DA:872,0
DA:875,0
DA:878,0
DA:881,0
DA:884,0
DA:887,0
DA:890,0
DA:891,0
DA:893,0
DA:896,0
DA:899,0
DA:902,0
DA:905,0
DA:908,0
DA:911,0
DA:914,0
DA:917,0
DA:920,0
DA:923,0
DA:926,0
DA:929,0
DA:932,0
DA:935,0
DA:938,0
DA:941,0
DA:944,0
DA:946,0
DA:947,0
DA:949,0
DA:951,0
DA:954,0
DA:956,0
DA:957,0
DA:959,0
DA:961,0
DA:964,0
DA:966,0
DA:967,0
DA:969,0
DA:971,0
DA:974,0
DA:976,0
DA:977,0
DA:979,0
DA:981,0
DA:984,0
DA:986,0
DA:987,0
DA:989,0
DA:991,0
DA:994,0
DA:996,0
DA:997,0
DA:999,0
DA:1001,0
DA:1004,0
DA:1006,0
DA:1007,0
DA:1009,0
DA:1011,0
DA:1014,0
DA:1016,0
DA:1017,0
DA:1019,0
DA:1021,0
DA:1024,0
DA:1026,0
DA:1027,0
DA:1029,0
DA:1031,0
DA:1034,0
DA:1036,0
DA:1037,0
DA:1039,0
DA:1041,0
DA:1044,0
DA:1046,0
DA:1047,0
DA:1049,0
DA:1051,0
DA:1053,0
DA:1054,0
DA:1056,0
DA:1059,0
DA:1061,0
DA:1062,0
DA:1064,0
DA:1066,0
DA:1068,0
DA:1069,0
DA:1071,0
DA:1074,0
DA:1076,0
DA:1077,0
DA:1079,0
DA:1081,0
DA:1083,0
DA:1084,0
DA:1086,0
DA:1089,0
DA:1091,0
DA:1092,0
DA:1094,0
DA:1096,0
DA:1098,0
DA:1099,0
DA:1101,0
DA:1104,0
DA:1107,0
DA:1110,0
DA:1113,0
DA:1116,0
DA:1119,0
DA:1122,0
DA:1125,0
DA:1128,0
DA:1131,0
DA:1134,0
DA:1137,0
DA:1140,0
DA:1142,0
DA:1145,0
DA:1147,0
DA:1150,0
DA:1152,0
DA:1155,0
DA:1157,0
DA:1160,0
DA:1162,0
DA:1165,0
DA:1168,0
DA:1171,0
DA:1174,0
DA:1177,0
DA:1180,0
DA:1183,0
DA:1186,0
DA:1189,0
DA:1192,0
DA:1195,0
DA:1198,0
DA:1201,0
DA:1204,0
DA:1207,0
DA:1210,0
DA:1213,0
DA:1216,0
DA:1219,0
DA:1222,0
DA:1225,0
DA:1228,0
DA:1230,0
DA:1233,0
DA:1236,0
DA:1239,0
DA:1243,0
DA:1247,0
DA:1250,0
DA:1253,0
DA:1256,0
DA:1258,0
DA:1261,0
DA:1264,0
DA:1267,0
DA:1270,0
DA:1273,0
DA:1276,0
DA:1279,0
DA:1282,0
DA:1285,0
DA:1288,0
DA:1291,0
DA:1294,0
DA:1297,0
DA:1300,0
DA:1303,0
DA:1306,0
DA:1309,0
DA:1312,0
DA:1315,0
DA:1318,0
DA:1321,0
DA:1324,0
DA:1327,0
DA:1330,0
DA:1332,0
DA:1335,0
DA:1338,0
DA:1341,0
DA:1344,0
DA:1346,0
DA:1349,0
DA:1352,0
DA:1355,0
DA:1358,0
DA:1362,0
DA:1365,0
DA:1368,0
DA:1371,0
DA:1374,0
DA:1377,0
DA:1380,0
DA:1383,0
DA:1386,0
DA:1389,0
DA:1392,0
DA:1396,0
DA:1399,0
DA:1403,0
DA:1406,0
DA:1409,0
DA:1412,0
DA:1416,0
DA:1419,0
DA:1422,0
DA:1425,0
DA:1428,0
DA:1431,0
DA:1434,0
DA:1437,0
DA:1440,0
DA:1443,0
DA:1446,0
DA:1449,0
DA:1452,0
DA:1455,0
DA:1458,0
DA:1461,0
DA:1464,0
DA:1467,0
DA:1470,0
DA:1473,0
DA:1476,0
DA:1479,0
DA:1482,0
DA:1485,0
DA:1488,0
DA:1491,0
DA:1494,0
DA:1497,0
DA:1500,0
DA:1503,0
DA:1506,0
DA:1510,0
DA:1513,0
DA:1516,0
DA:1519,0
DA:1522,0
DA:1525,0
DA:1528,0
DA:1531,0
DA:1535,0
DA:1538,0
DA:1541,0
DA:1545,0
DA:1549,0
DA:1552,0
DA:1555,0
DA:1558,0
DA:1561,0
DA:1564,0
DA:1567,0
DA:1570,0
DA:1573,0
DA:1575,0
DA:1578,0
DA:1581,0
DA:1584,0
DA:1587,0
DA:1590,0
DA:1593,0
DA:1596,0
DA:1599,0
DA:1602,0
DA:1606,0
DA:1609,0
DA:1612,0
DA:1615,0
DA:1618,0
DA:1621,0
DA:1624,0
DA:1627,0
DA:1630,0
DA:1633,0
DA:1636,0
DA:1639,0
DA:1642,0
DA:1645,0
DA:1648,0
DA:1651,0
DA:1654,0
DA:1657,0
DA:1660,0
DA:1663,0
DA:1666,0
DA:1669,0
DA:1672,0
DA:1675,0
DA:1678,0
DA:1681,0
DA:1684,0
DA:1687,0
DA:1690,0
DA:1693,0
DA:1696,0
DA:1699,0
DA:1702,0
DA:1705,0
DA:1708,0
DA:1711,0
DA:1714,0
DA:1717,0
DA:1720,0
DA:1723,0
DA:1726,0
DA:1729,0
DA:1732,0
DA:1735,0
DA:1738,0
DA:1741,0
DA:1744,0
DA:1747,0
DA:1750,0
DA:1753,0
DA:1756,0
DA:1759,0
DA:1762,0
DA:1765,0
DA:1768,0
DA:1771,0
DA:1772,0
DA:1774,0
DA:1775,0
DA:1777,0
DA:1780,0
DA:1783,0
DA:1786,0
DA:1789,0
DA:1792,0
DA:1795,0
DA:1798,0
DA:1801,0
DA:1804,0
DA:1807,0
DA:1810,0
DA:1813,0
DA:1816,0
DA:1819,0
DA:1821,0
DA:1824,0
DA:1827,0
DA:1830,0
DA:1833,0
DA:1836,0
DA:1839,0
DA:1842,0
DA:1844,0
DA:1847,0
DA:1850,0
DA:1853,0
DA:1856,0
DA:1859,0
DA:1865,0
DA:1867,0
DA:1870,0
DA:1873,0
DA:1876,0
DA:1879,0
DA:1882,0
DA:1885,0
DA:1888,0
DA:1891,0
DA:1894,0
DA:1897,0
DA:1900,0
DA:1903,0
DA:1906,0
DA:1909,0
DA:1912,0
DA:1915,0
DA:1918,0
DA:1921,0
DA:1924,0
DA:1927,0
DA:1930,0
DA:1933,0
DA:1936,0
DA:1939,0
DA:1942,0
DA:1945,0
DA:1948,0
DA:1951,0
DA:1954,0
DA:1957,0
DA:1960,0
DA:1963,0
DA:1966,0
DA:1969,0
DA:1972,0
DA:1975,0
DA:1978,0
DA:1981,0
DA:1984,0
DA:1987,0
DA:1990,0
DA:1993,0
DA:1996,0
DA:1999,0
DA:2002,0
DA:2005,0
DA:2008,0
DA:2011,0
DA:2014,0
DA:2017,0
DA:2020,0
DA:2023,0
DA:2026,0
DA:2029,0
DA:2032,0
DA:2035,0
DA:2038,0
DA:2041,0
DA:2044,0
DA:2047,0
DA:2050,0
DA:2053,0
DA:2056,0
DA:2059,0
DA:2062,0
DA:2065,0
DA:2068,0
DA:2071,0
DA:2074,0
DA:2077,0
DA:2080,0
DA:2083,0
DA:2086,0
DA:2089,0
DA:2092,0
DA:2095,0
DA:2098,0
DA:2101,0
DA:2104,0
DA:2107,0
DA:2110,0
DA:2114,0
DA:2117,0
DA:2121,0
DA:2124,0
DA:2127,0
DA:2130,0
DA:2133,0
DA:2136,0
DA:2139,0
DA:2142,0
DA:2143,0
DA:2145,0
DA:2148,0
DA:2151,0
DA:2152,0
DA:2154,0
DA:2157,0
DA:2159,0
DA:2162,0
DA:2165,0
DA:2168,0
DA:2171,0
DA:2174,0
DA:2177,0
DA:2178,0
DA:2180,0
DA:2181,0
DA:2183,0
DA:2186,0
DA:2189,0
DA:2192,0
DA:2195,0
DA:2198,0
DA:2201,0
DA:2204,0
DA:2207,0
DA:2210,0
DA:2212,0
DA:2215,0
DA:2218,0
DA:2221,0
DA:2224,0
DA:2227,0
DA:2230,0
DA:2232,0
DA:2235,0
DA:2238,0
DA:2241,0
DA:2244,0
DA:2247,0
DA:2250,0
DA:2251,0
DA:2255,0
DA:2258,0
DA:2261,0
DA:2264,0
DA:2267,0
DA:2270,0
DA:2273,0
DA:2276,0
DA:2279,0
DA:2282,0
DA:2285,0
DA:2288,0
DA:2291,0
DA:2294,0
DA:2297,0
DA:2300,0
DA:2303,0
DA:2306,0
DA:2309,0
DA:2312,0
DA:2315,0
DA:2318,0
DA:2321,0
DA:2324,0
DA:2326,0
DA:2329,0
DA:2332,0
DA:2333,0
DA:2335,0
DA:2338,0
DA:2341,0
DA:2342,0
DA:2344,0
DA:2347,0
DA:2350,0
DA:2353,0
DA:2356,0
DA:2359,0
DA:2361,0
DA:2364,0
DA:2367,0
DA:2369,0
DA:2372,0
DA:2374,0
DA:2377,0
DA:2380,0
DA:2383,0
DA:2386,0
DA:2389,0
DA:2392,0
DA:2395,0
DA:2398,0
DA:2401,0
DA:2404,0
DA:2406,0
DA:2409,0
DA:2412,0
DA:2415,0
DA:2418,0
DA:2421,0
DA:2424,0
DA:2427,0
DA:2430,0
DA:2433,0
DA:2436,0
DA:2439,0
DA:2442,0
DA:2444,0
DA:2447,0
DA:2449,0
DA:2452,0
DA:2454,0
DA:2457,0
DA:2460,0
DA:2463,0
DA:2466,0
DA:2469,0
DA:2472,0
DA:2477,0
DA:2480,0
DA:2482,0
DA:2485,0
DA:2487,0
DA:2490,0
DA:2492,0
DA:2495,0
DA:2497,0
DA:2500,0
DA:2503,0
DA:2506,0
DA:2509,0
DA:2512,0
DA:2515,0
DA:2518,0
DA:2521,0
DA:2524,0
DA:2527,0
DA:2530,0
DA:2533,0
DA:2536,0
DA:2539,0
DA:2542,0
DA:2545,0
DA:2548,0
DA:2551,0
DA:2554,0
DA:2557,0
DA:2560,0
DA:2563,0
DA:2566,0
DA:2569,0
DA:2572,0
DA:2575,0
DA:2576,0
DA:2578,0
DA:2581,0
DA:2584,0
DA:2587,0
DA:2590,0
DA:2591,0
DA:2593,0
DA:2596,0
DA:2599,0
DA:2602,0
DA:2603,0
DA:2605,0
DA:2608,0
DA:2611,0
DA:2613,0
DA:2614,0
DA:2616,0
DA:2618,0
DA:2621,0
DA:2623,0
DA:2624,0
DA:2626,0
DA:2628,0
DA:2631,0
DA:2634,0
DA:2637,0
DA:2640,0
DA:2643,0
DA:2646,0
DA:2648,0
DA:2651,0
DA:2654,0
DA:2657,0
DA:2660,0
DA:2663,0
DA:2664,0
DA:2666,0
DA:2669,0
DA:2672,0
DA:2675,0
DA:2678,0
DA:2681,0
DA:2684,0
DA:2687,0
DA:2690,0
DA:2693,0
DA:2696,0
DA:2699,0
DA:2702,0
DA:2705,0
DA:2708,0
DA:2711,0
DA:2714,0
DA:2717,0
DA:2720,0
DA:2723,0
DA:2724,0
DA:2726,0
DA:2729,0
DA:2732,0
DA:2735,0
DA:2738,0
DA:2741,0
DA:2744,0
DA:2747,0
DA:2750,0
DA:2753,0
DA:2756,0
DA:2759,0
DA:2762,0
DA:2765,0
DA:2768,0
DA:2771,0
DA:2774,0
DA:2777,0
DA:2779,0
DA:2780,0
DA:2782,0
DA:2784,0
DA:2787,0
DA:2789,0
DA:2790,0
DA:2792,0
DA:2794,0
DA:2797,0
DA:2799,0
DA:2800,0
DA:2802,0
DA:2804,0
DA:2807,0
DA:2809,0
DA:2810,0
DA:2812,0
DA:2814,0
DA:2817,0
DA:2819,0
DA:2820,0
DA:2822,0
DA:2824,0
DA:2827,0
DA:2829,0
DA:2830,0
DA:2832,0
DA:2834,0
DA:2837,0
DA:2839,0
DA:2840,0
DA:2842,0
DA:2844,0
DA:2847,0
DA:2849,0
DA:2850,0
DA:2852,0
DA:2854,0
DA:2857,0
DA:2859,0
DA:2860,0
DA:2862,0
DA:2864,0
DA:2867,0
DA:2869,0
DA:2870,0
DA:2872,0
DA:2874,0
DA:2877,0
DA:2879,0
DA:2880,0
DA:2882,0
DA:2884,0
DA:2886,0
DA:2887,0
DA:2889,0
DA:2892,0
DA:2894,0
DA:2895,0
DA:2897,0
DA:2899,0
DA:2901,0
DA:2902,0
DA:2904,0
DA:2907,0
DA:2909,0
DA:2910,0
DA:2912,0
DA:2914,0
DA:2916,0
DA:2917,0
DA:2919,0
DA:2922,0
DA:2924,0
DA:2925,0
DA:2927,0
DA:2929,0
DA:2931,0
DA:2932,0
DA:2934,0
DA:2937,0
DA:2940,0
DA:2943,0
DA:2946,0
DA:2949,0
DA:2952,0
DA:2955,0
DA:2958,0
DA:2961,0
DA:2964,0
DA:2967,0
DA:2970,0
DA:2973,0
DA:2975,0
DA:2978,0
DA:2980,0
DA:2983,0
DA:2985,0
DA:2988,0
DA:2990,0
DA:2993,0
DA:2995,0
DA:2998,0
DA:3001,0
DA:3004,0
DA:3007,0
DA:3010,0
DA:3013,0
DA:3016,0
DA:3019,0
DA:3022,0
DA:3025,0
DA:3028,0
DA:3031,0
DA:3034,0
DA:3037,0
DA:3040,0
DA:3043,0
DA:3046,0
DA:3049,0
DA:3052,0
DA:3055,0
DA:3058,0
DA:3061,0
DA:3063,0
DA:3066,0
DA:3069,0
DA:3072,0
DA:3076,0
DA:3080,0
DA:3083,0
DA:3086,0
DA:3089,0
DA:3091,0
DA:3094,0
DA:3097,0
DA:3100,0
DA:3103,0
DA:3106,0
DA:3109,0
DA:3112,0
DA:3115,0
DA:3118,0
DA:3121,0
DA:3124,0
DA:3127,0
DA:3130,0
DA:3133,0
DA:3136,0
DA:3139,0
DA:3142,0
DA:3145,0
DA:3148,0
DA:3151,0
DA:3154,0
DA:3157,0
DA:3160,0
DA:3163,0
DA:3165,0
DA:3168,0
DA:3171,0
DA:3174,0
DA:3177,0
DA:3179,0
DA:3182,0
DA:3185,0
DA:3188,0
DA:3191,0
DA:3195,0
DA:3198,0
DA:3201,0
DA:3204,0
DA:3207,0
DA:3210,0
DA:3213,0
DA:3216,0
DA:3219,0
DA:3222,0
DA:3225,0
DA:3229,0
DA:3232,0
DA:3235,0
DA:3238,0
DA:3241,0
DA:3244,0
DA:3247,0
DA:3250,0
DA:3253,0
DA:3256,0
DA:3259,0
DA:3262,0
DA:3265,0
DA:3268,0
DA:3271,0
DA:3274,0
DA:3277,0
DA:3280,0
DA:3283,0
DA:3286,0
DA:3289,0
DA:3292,0
DA:3295,0
DA:3298,0
DA:3301,0
DA:3304,0
DA:3307,0
DA:3310,0
DA:3313,0
DA:3316,0
DA:3319,0
DA:3322,0
DA:3325,0
DA:3328,0
DA:3332,0
DA:3335,0
DA:3338,0
DA:3341,0
DA:3344,0
DA:3347,0
DA:3350,0
DA:3353,0
DA:3357,0
DA:3360,0
DA:3363,0
DA:3367,0
DA:3370,0
DA:3373,0
DA:3376,0
DA:3379,0
DA:3382,0
DA:3385,0
DA:3388,0
DA:3391,0
DA:3393,0
DA:3396,0
DA:3399,0
DA:3402,0
DA:3405,0
DA:3408,0
DA:3411,0
DA:3414,0
DA:3417,0
DA:3420,0
DA:3424,0
DA:3427,0
DA:3430,0
DA:3433,0
DA:3436,0
DA:3439,0
DA:3442,0
DA:3445,0
DA:3448,0
DA:3451,0
DA:3454,0
DA:3457,0
DA:3460,0
DA:3463,0
DA:3466,0
DA:3469,0
DA:3472,0
DA:3475,0
DA:3478,0
DA:3481,0
DA:3484,0
DA:3487,0
DA:3490,0
DA:3493,0
DA:3496,0
DA:3499,0
DA:3502,0
DA:3505,0
DA:3508,0
DA:3511,0
DA:3514,0
DA:3517,0
DA:3520,0
DA:3523,0
DA:3526,0
DA:3529,0
DA:3532,0
DA:3535,0
DA:3538,0
DA:3541,0
DA:3544,0
DA:3547,0
DA:3550,0
DA:3553,0
DA:3556,0
DA:3559,0
DA:3562,0
DA:3565,0
DA:3568,0
DA:3571,0
DA:3574,0
DA:3577,0
DA:3580,0
DA:3583,0
DA:3586,0
DA:3587,0
DA:3589,0
DA:3590,0
DA:3592,0
DA:3595,0
DA:3598,0
DA:3601,0
DA:3604,0
DA:3607,0
DA:3610,0
DA:3613,0
DA:3616,0
DA:3619,0
DA:3622,0
DA:3625,0
DA:3628,0
DA:3631,0
DA:3634,0
DA:3637,0
DA:3640,0
DA:3643,0
DA:3646,0
DA:3648,0
DA:3651,0
LF:1315
LH:0
end_of_record
SF:lib/licenses.dart
DA:3,0
LF:1
LH:0
end_of_record
SF:lib/model/antenna_settings.dart
DA:21,66
DA:23,0
DA:24,0
DA:25,0
DA:26,0
DA:27,0
DA:28,0
DA:29,0
DA:30,0
DA:31,0
DA:32,0
DA:33,0
DA:34,0
DA:35,0
LF:14
LH:1
end_of_record
SF:lib/model/clip_settings.dart
DA:13,44
DA:15,0
DA:16,0
DA:17,0
DA:18,0
DA:19,0
LF:6
LH:1
end_of_record
SF:lib/model/color_theme.dart
DA:34,0
DA:35,0
DA:37,0
DA:38,0
DA:39,0
DA:40,0
DA:44,0
DA:45,0
DA:46,0
DA:47,0
DA:48,0
DA:49,0
DA:50,0
DA:51,0
DA:52,0
DA:53,0
DA:56,0
DA:57,0
DA:58,0
DA:59,0
DA:60,0
DA:65,0
DA:67,0
DA:69,0
DA:70,0
DA:71,0
DA:72,0
DA:73,0
DA:76,0
DA:77,0
DA:78,0
DA:79,0
DA:80,0
DA:83,0
DA:88,0
DA:91,0
DA:93,0
DA:94,0
DA:95,0
DA:97,0
DA:98,0
DA:99,0
DA:100,0
DA:101,0
DA:102,0
DA:103,0
DA:104,0
DA:105,0
DA:106,0
DA:107,0
DA:108,0
DA:109,0
DA:110,0
DA:111,0
DA:112,0
LF:55
LH:0
end_of_record
SF:lib/model/misskey_theme.dart
DA:17,0
DA:18,0
LF:2
LH:0
end_of_record
SF:lib/model/misskey_theme.g.dart
DA:9,0
DA:10,0
DA:11,0
DA:12,0
DA:13,0
DA:14,0
DA:15,0
DA:16,0
DA:19,0
DA:20,0
DA:21,0
DA:22,0
DA:23,0
DA:24,0
DA:25,0
DA:26,0
LF:16
LH:0
end_of_record
SF:lib/model/converters/icon_converter.dart
DA:5,66
DA:7,0
DA:9,0
DA:11,0
DA:12,0
DA:13,0
DA:15,0
DA:19,0
DA:20,0
LF:9
LH:1
end_of_record
SF:lib/model/tab_icon.dart
DA:10,0
DA:11,0
LF:2
LH:0
end_of_record
SF:lib/model/tab_icon.g.dart
DA:9,0
DA:10,0
DA:11,0
DA:14,0
DA:15,0
DA:16,0
LF:6
LH:0
end_of_record
SF:lib/model/desktop_settings.dart
DA:12,0
DA:13,0
DA:25,0
DA:26,0
LF:4
LH:0
end_of_record
SF:lib/model/desktop_settings.g.dart
DA:9,0
DA:10,0
DA:11,0
DA:13,0
DA:14,0
DA:18,0
DA:19,0
DA:21,0
DA:23,0
DA:24,0
DA:25,0
DA:26,0
DA:27,0
DA:30,0
DA:32,0
DA:33,0
DA:34,0
DA:35,0
DA:36,0
LF:19
LH:0
end_of_record
SF:lib/model/exported_setting.dart
DA:17,0
DA:18,0
LF:2
LH:0
end_of_record
SF:lib/model/exported_setting.g.dart
DA:9,0
DA:10,0
DA:11,0
DA:12,0
DA:15,0
DA:16,0
DA:17,0
DA:20,0
DA:21,0
DA:22,0
DA:26,0
DA:28,0
DA:29,0
DA:30,0
DA:31,0
LF:15
LH:0
end_of_record
SF:lib/model/federation_data.g.dart
DA:14,0
DA:17,0
DA:28,0
DA:29,0
DA:31,0
DA:33,0
DA:35,0
DA:38,0
DA:40,0
DA:42,0
DA:44,0
DA:47,0
DA:49,0
DA:53,0
DA:64,22
DA:65,0
DA:79,0
DA:80,0
DA:82,0
DA:88,0
DA:91,0
DA:94,0
DA:95,0
DA:97,0
DA:104,0
LF:25
LH:1
end_of_record
SF:lib/model/federation_data.dart
DA:43,0
DA:45,0
DA:47,0
DA:52,0
DA:54,0
DA:57,0
DA:58,0
DA:59,0
DA:60,0
DA:62,0
DA:64,0
DA:65,0
DA:66,0
DA:67,0
DA:68,0
DA:69,0
DA:70,0
DA:71,0
DA:72,0
DA:73,0
DA:74,0
DA:75,0
DA:76,0
DA:77,0
DA:78,0
DA:80,0
DA:81,0
DA:82,0
DA:91,0
DA:92,0
DA:93,0
DA:94,0
DA:96,0
DA:97,0
DA:101,0
DA:102,0
DA:103,0
DA:104,0
DA:106,0
DA:113,0
DA:114,0
DA:120,0
DA:122,0
DA:123,0
DA:124,0
DA:127,0
DA:132,0
DA:135,0
DA:139,0
DA:140,0
DA:141,0
DA:142,0
DA:143,0
DA:146,0
DA:150,0
DA:154,0
DA:155,0
DA:156,0
DA:157,0
DA:158,0
DA:159,0
DA:160,0
DA:161,0
DA:162,0
DA:163,0
DA:164,0
DA:165,0
DA:166,0
DA:167,0
DA:168,0
DA:172,0
DA:173,0
DA:174,0
LF:73
LH:0
end_of_record
SF:lib/model/image_file.dart
DA:8,2
DA:17,2
DA:29,1
DA:41,1
DA:53,0
LF:5
LH:4
end_of_record
SF:lib/model/note_search_condition.dart
DA:14,1
DA:16,0
DA:17,0
LF:3
LH:1
end_of_record
SF:lib/model/summaly_result.dart
DA:20,0
DA:21,0
DA:33,0
LF:3
LH:0
end_of_record
SF:lib/model/summaly_result.g.dart
DA:9,0
DA:10,0
DA:11,0
DA:12,0
DA:13,0
DA:14,0
DA:15,0
DA:16,0
DA:17,0
DA:18,0
DA:21,0
DA:22,0
DA:23,0
DA:24,0
DA:25,0
DA:26,0
DA:27,0
DA:28,0
DA:29,0
DA:30,0
DA:33,0
DA:34,0
DA:35,0
DA:36,0
DA:37,0
DA:40,0
DA:41,0
DA:42,0
DA:43,0
DA:44,0
LF:30
LH:0
end_of_record
SF:lib/model/tab_type.dart
DA:14,0
DA:16,0
DA:17,0
DA:18,0
DA:19,0
DA:20,0
DA:21,0
DA:22,0
DA:23,0
LF:9
LH:0
end_of_record
SF:lib/model/unicode_emoji.dart
DA:15,0
DA:16,0
LF:2
LH:0
end_of_record
SF:lib/model/unicode_emoji.g.dart
DA:9,0
DA:10,0
DA:11,0
DA:12,0
DA:13,0
DA:14,0
DA:15,0
DA:16,0
DA:19,0
DA:20,0
DA:21,0
DA:22,0
DA:23,0
DA:24,0
LF:14
LH:0
end_of_record
SF:lib/model/users_list_settings.dart
DA:12,44
DA:14,0
DA:15,0
DA:16,0
DA:17,0
LF:5
LH:1
end_of_record
SF:lib/repository/antenna_timeline_repository.dart
DA:7,0
DA:16,0
DA:18,0
DA:19,0
DA:20,0
DA:27,0
DA:30,0
DA:31,0
LF:8
LH:0
end_of_record
SF:lib/repository/channel_time_line_repository.dart
DA:7,0
DA:16,0
DA:18,0
DA:19,0
DA:20,0
DA:27,0
DA:30,0
DA:31,0
LF:8
LH:0
end_of_record
SF:lib/repository/desktop_settings_repository.dart
DA:11,0
DA:13,0
DA:14,0
DA:15,0
DA:17,0
DA:18,0
DA:21,0
DA:22,0
DA:26,0
DA:27,0
DA:28,0
DA:30,0
DA:31,0
DA:34,0
DA:35,0
DA:36,0
LF:16
LH:0
end_of_record
SF:lib/repository/favorite_repository.dart
DA:9,0
DA:12,0
DA:14,0
DA:15,0
DA:16,0
DA:17,0
DA:21,0
DA:22,0
DA:23,0
DA:25,0
LF:10
LH:0
end_of_record
SF:lib/repository/global_time_line_repository.dart
DA:7,0
DA:16,0
DA:18,0
DA:19,0
DA:23,0
DA:26,0
DA:27,0
LF:7
LH:0
end_of_record
SF:lib/repository/home_time_line_repository.dart
DA:7,0
DA:16,0
DA:18,0
DA:19,0
DA:22,0
DA:23,0
DA:28,0
DA:31,0
DA:32,0
DA:33,0
DA:34,0
LF:11
LH:0
end_of_record
SF:lib/repository/hybrid_timeline_repository.dart
DA:7,0
DA:16,0
DA:18,0
DA:19,0
DA:21,0
DA:22,0
DA:23,0
DA:28,0
DA:31,0
DA:32,0
LF:10
LH:0
end_of_record
SF:lib/repository/import_export_repository.dart
DA:24,0
DA:26,0
DA:30,0
DA:31,0
DA:32,0
DA:33,0
DA:34,0
DA:35,0
DA:36,0
DA:37,0
DA:38,0
DA:39,0
DA:40,0
DA:41,0
DA:47,0
DA:50,0
DA:51,0
DA:52,0
DA:55,0
DA:60,0
DA:62,0
DA:64,0
DA:65,0
DA:66,0
DA:68,0
DA:73,0
DA:75,0
DA:76,0
DA:77,0
DA:79,0
DA:81,0
DA:84,0
DA:85,0
DA:87,0
DA:88,0
DA:93,0
DA:94,0
DA:95,0
DA:98,0
DA:100,0
DA:101,0
DA:102,0
DA:109,0
DA:111,0
DA:113,0
DA:114,0
DA:116,0
DA:117,0
DA:119,0
DA:123,0
DA:124,0
DA:125,0
DA:128,0
DA:133,0
DA:135,0
DA:137,0
DA:138,0
DA:139,0
DA:141,0
DA:142,0
DA:143,0
DA:145,0
DA:147,0
DA:148,0
DA:149,0
DA:150,0
DA:151,0
DA:152,0
DA:156,0
DA:158,0
DA:159,0
DA:160,0
DA:161,0
DA:162,0
DA:163,0
DA:164,0
DA:165,0
DA:166,0
DA:167,0
DA:168,0
DA:169,0
DA:170,0
DA:171,0
DA:172,0
DA:173,0
DA:177,0
DA:178,0
DA:179,0
DA:180,0
DA:181,0
DA:182,0
DA:183,0
DA:184,0
DA:186,0
DA:189,0
DA:192,0
DA:193,0
LF:97
LH:0
end_of_record
SF:lib/repository/local_time_line_repository.dart
DA:7,0
DA:16,0
DA:18,0
DA:19,0
DA:21,0
DA:22,0
DA:23,0
DA:28,0
DA:31,0
DA:32,0
DA:33,0
DA:34,0
DA:35,0
LF:13
LH:0
end_of_record
SF:lib/repository/role_timeline_repository.dart
DA:7,0
DA:16,0
DA:18,0
DA:19,0
DA:20,0
DA:27,0
DA:30,0
DA:31,0
LF:8
LH:0
end_of_record
SF:lib/repository/time_line_repository.dart
DA:16,0
DA:22,0
DA:23,0
DA:24,0
DA:25,0
DA:26,0
DA:29,0
DA:32,0
DA:34,0
DA:35,0
DA:36,0
DA:42,0
DA:44,0
DA:45,0
DA:46,0
DA:49,0
DA:51,0
DA:52,0
DA:53,0
DA:56,0
DA:58,0
DA:59,0
DA:60,0
DA:63,0
DA:65,0
DA:66,0
DA:67,0
DA:70,0
DA:72,0
DA:73,0
DA:74,0
DA:84,0
DA:100,0
DA:106,0
DA:107,0
DA:108,0
DA:109,0
DA:110,0
DA:112,0
DA:114,0
DA:115,0
DA:117,0
DA:120,0
DA:122,0
DA:123,0
DA:124,0
DA:125,0
DA:126,0
DA:127,0
DA:129,0
DA:133,0
DA:135,0
DA:136,0
DA:137,0
DA:138,0
DA:139,0
DA:140,0
DA:142,0
DA:147,0
DA:162,0
DA:164,0
DA:166,0
DA:168,0
DA:169,0
DA:172,0
DA:174,0
DA:175,0
DA:176,0
DA:179,0
DA:180,0
DA:185,0
DA:190,0
DA:191,0
DA:192,0
DA:194,0
DA:195,0
DA:196,0
DA:200,0
DA:204,0
DA:205,0
DA:206,0
DA:208,0
DA:209,0
DA:211,0
DA:215,0
DA:216,0
DA:217,0
DA:221,0
DA:223,0
DA:224,0
DA:225,0
DA:226,0
DA:227,0
DA:231,0
DA:233,0
LF:95
LH:0
end_of_record
SF:lib/repository/user_list_time_line_repository.dart
DA:7,0
DA:16,0
DA:18,0
DA:19,0
DA:20,0
DA:22,0
DA:23,0
DA:28,0
DA:32,0
DA:34,0
LF:10
LH:0
end_of_record
SF:lib/router/app_router.dart
DA:93,12
DA:94,12
DA:95,24
DA:96,24
DA:97,24
DA:98,24
DA:99,24
DA:100,24
DA:101,24
DA:102,24
DA:103,24
DA:104,24
DA:105,24
DA:106,24
DA:107,24
DA:108,24
DA:109,24
DA:110,24
DA:111,24
DA:112,24
DA:113,24
DA:114,24
DA:115,24
DA:116,24
DA:117,24
DA:118,24
DA:119,24
DA:120,24
DA:121,24
DA:122,24
DA:123,24
DA:124,24
DA:125,24
DA:126,24
DA:127,24
DA:128,24
DA:129,24
DA:130,24
DA:131,24
DA:132,24
DA:133,24
DA:134,24
DA:135,24
DA:136,24
DA:138,24
DA:140,24
DA:143,24
DA:144,24
DA:145,24
DA:146,24
DA:147,24
DA:148,24
DA:149,24
DA:150,24
DA:151,24
DA:152,24
DA:153,24
DA:154,24
DA:155,24
DA:156,24
DA:157,24
DA:158,24
DA:159,24
DA:160,24
DA:161,24
DA:162,24
DA:163,24
DA:164,24
DA:167,24
DA:168,24
DA:169,24
DA:170,24
DA:171,24
DA:172,24
DA:173,24
DA:179,12
DA:180,12
DA:184,8
DA:186,4
DA:194,12
DA:195,12
DA:198,1
DA:199,1
DA:200,1
LF:84
LH:84
end_of_record
SF:lib/repository/socket_timeline_repository.g.dart
DA:22,0
DA:25,0
DA:33,0
DA:34,0
DA:36,0
DA:38,0
DA:40,0
DA:43,0
DA:47,0
DA:49,0
DA:51,0
DA:52,0
DA:55,0
DA:57,0
DA:60,0
DA:62,0
DA:66,0
DA:70,22
DA:71,0
DA:79,0
DA:80,0
DA:82,0
LF:22
LH:1
end_of_record
SF:lib/repository/socket_timeline_repository.dart
DA:18,0
DA:20,0
DA:45,0
DA:55,0
DA:56,0
DA:57,0
DA:58,0
DA:59,0
DA:60,0
DA:61,0
DA:65,0
DA:66,0
DA:67,0
DA:68,0
DA:69,0
DA:73,0
DA:74,0
DA:75,0
DA:76,0
DA:79,0
DA:81,0
DA:83,0
DA:84,0
DA:87,0
DA:90,0
DA:92,0
DA:93,0
DA:94,0
DA:95,0
DA:97,0
DA:98,0
DA:99,0
DA:102,0
DA:103,0
DA:104,0
DA:107,0
DA:108,0
DA:111,0
DA:112,0
DA:113,0
DA:114,0
DA:116,0
DA:117,0
DA:118,0
DA:121,0
DA:122,0
DA:126,0
DA:132,0
DA:134,0
DA:136,0
DA:137,0
DA:139,0
DA:141,0
DA:142,0
DA:146,0
DA:148,0
DA:149,0
DA:152,0
DA:153,0
DA:154,0
DA:155,0
DA:157,0
DA:162,0
DA:163,0
DA:164,0
DA:165,0
DA:166,0
DA:167,0
DA:168,0
DA:169,0
DA:170,0
DA:171,0
DA:172,0
DA:174,0
DA:175,0
DA:176,0
DA:180,0
DA:182,0
DA:183,0
DA:185,0
DA:186,0
DA:188,0
DA:189,0
DA:190,0
DA:193,0
DA:195,0
DA:196,0
DA:197,0
DA:199,0
DA:201,0
DA:203,0
DA:205,0
DA:208,0
DA:210,0
DA:211,0
DA:212,0
DA:213,0
DA:215,0
DA:216,0
DA:217,0
DA:218,0
DA:219,0
DA:222,0
DA:223,0
DA:224,0
DA:225,0
DA:228,0
DA:231,0
DA:234,0
DA:235,0
DA:236,0
DA:237,0
DA:238,0
DA:240,0
DA:241,0
DA:245,0
DA:247,0
DA:248,0
DA:249,0
DA:250,0
DA:251,0
DA:252,0
DA:254,0
DA:255,0
DA:260,0
DA:262,0
DA:263,0
DA:264,0
DA:267,0
DA:268,0
DA:269,0
DA:270,0
DA:271,0
DA:273,0
DA:274,0
DA:275,0
DA:276,0
DA:277,0
DA:278,0
DA:281,0
DA:283,0
DA:285,0
DA:286,0
DA:287,0
DA:288,0
DA:289,0
DA:290,0
DA:291,0
DA:292,0
DA:293,0
DA:294,0
DA:295,0
DA:296,0
DA:297,0
DA:298,0
DA:299,0
DA:300,0
DA:301,0
DA:302,0
DA:303,0
DA:304,0
DA:305,0
DA:306,0
DA:307,0
DA:308,0
DA:309,0
DA:310,0
DA:311,0
DA:312,0
DA:313,0
DA:314,0
DA:315,0
DA:316,0
DA:317,0
DA:318,0
DA:319,0
DA:320,0
DA:321,0
DA:322,0
DA:323,0
DA:324,0
DA:325,0
DA:326,0
DA:328,0
DA:329,0
DA:331,0
DA:332,0
DA:334,0
DA:335,0
DA:337,0
DA:338,0
DA:340,0
DA:342,0
DA:343,0
DA:344,0
DA:345,0
DA:347,0
DA:348,0
DA:349,0
DA:350,0
DA:352,0
DA:353,0
DA:358,0
DA:360,0
DA:362,0
DA:363,0
DA:364,0
DA:365,0
DA:366,0
DA:367,0
DA:368,0
DA:369,0
DA:370,0
DA:371,0
DA:372,0
DA:373,0
DA:374,0
DA:375,0
DA:376,0
DA:377,0
DA:378,0
DA:379,0
DA:380,0
DA:381,0
DA:382,0
DA:383,0
DA:384,0
DA:385,0
DA:386,0
DA:387,0
DA:388,0
DA:389,0
DA:390,0
DA:391,0
DA:392,0
DA:393,0
DA:394,0
DA:395,0
DA:396,0
DA:397,0
DA:399,0
DA:400,0
DA:402,0
DA:403,0
DA:405,0
DA:406,0
DA:408,0
DA:409,0
DA:411,0
DA:413,0
DA:415,0
DA:416,0
DA:418,0
DA:419,0
DA:420,0
DA:421,0
DA:422,0
DA:423,0
DA:425,0
DA:426,0
DA:429,0
DA:430,0
DA:431,0
DA:434,0
DA:435,0
DA:437,0
DA:438,0
DA:439,0
DA:442,0
DA:443,0
DA:445,0
DA:446,0
DA:447,0
DA:448,0
DA:450,0
DA:451,0
DA:454,0
DA:456,0
DA:459,0
DA:460,0
DA:463,0
DA:466,0
DA:467,0
DA:468,0
DA:470,0
DA:471,0
DA:473,0
DA:474,0
DA:476,0
DA:477,0
DA:478,0
DA:479,0
DA:480,0
DA:483,0
DA:485,0
DA:486,0
DA:487,0
DA:488,0
DA:489,0
DA:490,0
LF:300
LH:0
end_of_record
SF:lib/view/dialogs/simple_confirm_dialog.dart
DA:13,0
DA:20,0
DA:22,0
DA:31,0
DA:38,0
DA:40,0
DA:42,0
DA:43,0
DA:44,0
DA:45,0
DA:46,0
DA:47,0
DA:48,0
DA:49,0
DA:50,0
DA:52,0
DA:53,0
DA:54,0
DA:61,0
DA:62,0
DA:63,0
DA:64,0
DA:65,0
DA:66,0
DA:68,0
DA:69,0
DA:70,0
LF:27
LH:0
end_of_record
SF:lib/view/dialogs/simple_message_dialog.dart
DA:7,0
DA:8,0
DA:10,0
DA:13,0
DA:15,0
DA:17,0
DA:18,0
DA:19,0
DA:20,0
DA:21,0
DA:22,0
DA:24,0
LF:12
LH:0
end_of_record
SF:lib/view/settings_page/import_export_page/folder_select_dialog.dart
DA:12,0
DA:23,0
DA:30,0
DA:32,0
DA:38,0
DA:40,0
DA:41,0
DA:42,0
DA:43,0
DA:44,0
DA:45,0
DA:46,0
DA:47,0
DA:48,0
DA:49,0
DA:50,0
DA:55,0
DA:60,0
DA:61,0
DA:62,0
DA:63,0
DA:64,0
DA:65,0
DA:66,0
DA:71,0
DA:72,0
DA:73,0
DA:74,0
DA:75,0
DA:78,0
DA:80,0
DA:81,0
DA:82,0
DA:83,0
DA:84,0
DA:85,0
DA:88,0
DA:90,0
DA:91,0
DA:92,0
DA:94,0
DA:95,0
DA:96,0
DA:97,0
DA:103,0
DA:104,0
DA:107,0
DA:108,0
DA:109,0
DA:110,0
DA:111,0
DA:112,0
DA:113,0
DA:114,0
DA:115,0
DA:116,0
DA:117,0
DA:123,0
DA:124,0
DA:125,0
DA:126,0
DA:128,0
DA:136,0
DA:137,0
DA:138,0
DA:139,0
DA:141,0
LF:67
LH:0
end_of_record
SF:lib/view/share_extension_page/share_extension_page.dart
DA:23,0
DA:24,0
DA:31,0
DA:32,0
DA:37,22
DA:39,0
DA:41,0
DA:44,36
DA:50,0
DA:52,0
DA:53,0
DA:54,0
DA:56,0
DA:57,0
DA:58,0
DA:60,0
DA:61,0
DA:65,0
DA:66,0
DA:67,0
DA:68,0
DA:69,0
DA:70,0
DA:74,0
DA:75,0
DA:76,0
DA:77,0
DA:78,0
DA:79,0
DA:85,0
DA:86,0
DA:92,0
DA:94,0
DA:95,0
DA:96,0
LF:35
LH:2
end_of_record
SF:lib/view/share_extension_page/share_extension_page.g.dart
DA:9,0
DA:10,0
DA:11,0
DA:12,0
DA:13,0
DA:14,0
DA:17,0
DA:18,0
DA:19,0
DA:20,0
DA:23,0
DA:24,0
DA:25,0
DA:28,0
DA:29,0
LF:15
LH:0
end_of_record
SF:lib/view/abuse_dialog/abuse_dialog.dart
DA:21,1
DA:28,1
DA:30,2
DA:32,1
DA:34,2
DA:36,2
DA:38,1
DA:39,1
DA:40,1
DA:41,1
DA:42,2
DA:43,1
DA:47,2
DA:48,1
DA:49,3
DA:51,2
DA:54,1
DA:55,1
DA:56,4
DA:58,1
DA:59,1
DA:61,1
DA:62,3
DA:63,1
DA:69,1
DA:70,2
DA:71,3
DA:76,1
DA:77,1
DA:78,1
DA:79,1
DA:80,3
DA:81,3
LF:33
LH:33
end_of_record
SF:lib/view/announcements_page/announcements_page.dart
DA:12,0
DA:14,0
DA:16,0
DA:18,0
DA:20,0
DA:21,0
DA:22,0
DA:24,0
LF:8
LH:0
end_of_record
SF:lib/view/antenna_page/antenna_notes_page.dart
DA:19,1
DA:25,1
DA:27,2
DA:29,1
DA:32,1
DA:33,1
DA:34,3
DA:35,0
DA:39,1
DA:41,1
DA:42,1
DA:43,2
DA:44,1
DA:45,1
DA:47,0
DA:48,0
DA:49,0
DA:50,0
DA:51,0
DA:52,0
DA:55,0
DA:58,0
DA:59,0
DA:64,1
DA:66,2
LF:25
LH:15
end_of_record
SF:lib/view/antenna_page/antenna_page.dart
DA:16,1
DA:18,1
DA:20,2
DA:22,1
DA:24,1
DA:25,1
DA:26,3
DA:27,1
DA:28,1
DA:30,0
DA:31,0
DA:32,0
DA:33,0
DA:34,0
DA:37,0
DA:40,0
DA:41,0
LF:17
LH:9
end_of_record
SF:lib/view/antenna_page/antenna_settings_dialog.dart
DA:18,0
DA:19,0
DA:23,0
DA:25,0
DA:28,0
DA:30,0
DA:34,0
DA:36,0
DA:40,0
DA:42,0
DA:46,0
DA:48,0
DA:52,0
DA:54,0
DA:55,0
DA:60,0
DA:62,0
DA:64,0
DA:65,0
DA:66,0
DA:67,0
DA:72,0
DA:74,0
DA:78,0
DA:80,0
DA:84,0
DA:86,0
DA:90,0
DA:92,0
DA:97,0
DA:98,0
DA:99,0
DA:105,0
DA:116,0
DA:118,0
DA:119,0
DA:121,0
DA:122,0
DA:123,0
DA:125,0
DA:126,0
DA:127,0
DA:133,0
DA:135,0
DA:139,0
DA:143,0
DA:145,0
DA:146,0
DA:147,0
DA:148,0
DA:149,0
DA:150,0
DA:151,0
DA:155,0
DA:156,0
DA:157,0
DA:160,0
DA:161,0
DA:162,0
DA:164,0
DA:165,0
DA:168,0
DA:169,0
DA:170,0
DA:175,0
DA:176,0
DA:179,0
DA:181,0
DA:183,0
DA:184,0
DA:186,0
DA:187,0
DA:188,0
DA:189,0
DA:190,0
DA:191,0
DA:195,0
DA:196,0
DA:197,0
DA:199,0
DA:200,0
DA:203,0
DA:204,0
DA:205,0
DA:206,0
DA:207,0
DA:209,0
DA:212,0
DA:213,0
DA:215,0
DA:219,0
DA:220,0
DA:222,0
DA:224,0
DA:225,0
DA:227,0
DA:228,0
DA:229,0
DA:233,0
DA:234,0
DA:235,0
DA:239,0
DA:240,0
DA:242,0
DA:243,0
DA:244,0
DA:245,0
DA:249,0
DA:250,0
DA:251,0
DA:252,0
DA:254,0
DA:256,0
DA:259,0
DA:260,0
DA:261,0
DA:262,0
DA:263,0
DA:266,0
DA:267,0
DA:268,0
DA:275,0
DA:276,0
DA:278,0
DA:279,0
DA:280,0
DA:281,0
DA:282,0
DA:285,0
DA:286,0
DA:287,0
DA:292,0
DA:293,0
DA:295,0
DA:296,0
DA:297,0
DA:298,0
DA:300,0
DA:301,0
DA:303,0
DA:304,0
DA:305,0
DA:307,0
DA:308,0
DA:310,0
DA:311,0
DA:312,0
DA:314,0
DA:315,0
DA:317,0
DA:318,0
DA:319,0
DA:320,0
DA:322,0
DA:323,0
DA:327,0
DA:328,0
DA:329,0
DA:330,0
DA:331,0
DA:332,0
DA:333,0
DA:334,0
DA:335,0
DA:337,0
LF:165
LH:0
end_of_record
SF:lib/view/antenna_page/antenna_settings_dialog.g.dart
DA:16,22
DA:17,0
DA:27,0
DA:28,0
DA:30,0
DA:33,0
DA:35,0
DA:37,0
DA:41,0
DA:42,0
DA:44,0
DA:49,0
DA:56,22
DA:57,0
DA:71,0
DA:72,0
DA:74,0
DA:76,0
DA:79,0
DA:80,0
DA:82,0
DA:87,0
DA:92,0
DA:95,0
DA:96,0
DA:98,0
DA:105,0
DA:120,22
DA:121,0
DA:138,0
DA:139,0
DA:141,0
DA:145,0
DA:147,0
DA:149,0
DA:153,0
LF:36
LH:3
end_of_record
SF:lib/view/channel_description_dialog.dart
DA:14,0
DA:16,0
DA:20,0
DA:26,0
DA:28,0
DA:30,0
DA:32,0
DA:33,0
DA:34,0
DA:35,0
DA:36,0
DA:37,0
DA:43,0
DA:44,0
DA:45,0
DA:46,0
DA:47,0
DA:48,0
DA:57,0
DA:58,0
DA:59,0
DA:60,0
DA:61,0
LF:23
LH:0
end_of_record
SF:lib/view/channels_page/channel_detail_page.dart
DA:18,1
DA:24,1
DA:26,2
DA:28,1
DA:30,1
DA:32,1
DA:33,1
DA:34,3
DA:35,1
DA:36,1
DA:37,4
DA:38,4
DA:39,4
DA:40,4
DA:46,1
DA:47,1
DA:48,1
DA:49,1
DA:51,2
DA:54,1
DA:56,2
DA:58,1
DA:60,2
DA:62,1
DA:64,2
DA:68,2
DA:69,2
DA:79,1
DA:81,1
DA:83,3
DA:85,2
DA:86,2
DA:88,1
DA:90,0
DA:91,0
DA:92,0
DA:93,0
DA:95,0
DA:96,0
DA:97,0
LF:40
LH:33
end_of_record
SF:lib/view/channels_page/channels_page.dart
DA:16,1
DA:17,1
DA:19,2
DA:21,1
DA:23,1
DA:26,1
DA:27,1
DA:28,3
DA:29,1
DA:30,1
DA:31,3
DA:32,3
DA:33,3
DA:34,3
DA:35,3
DA:41,1
DA:42,1
LF:17
LH:17
end_of_record
SF:lib/view/clip_list_page/clip_detail_page.dart
DA:19,1
DA:24,1
DA:26,2
DA:28,1
DA:30,1
DA:31,1
DA:32,3
DA:35,1
DA:38,0
DA:39,0
DA:40,0
DA:41,0
DA:46,0
DA:47,0
DA:50,1
DA:51,1
DA:52,1
DA:53,1
DA:55,0
DA:57,0
DA:61,1
DA:63,2
LF:22
LH:14
end_of_record
SF:lib/view/clip_list_page/clip_list_page.dart
DA:18,1
DA:20,1
DA:22,2
DA:24,1
DA:26,1
DA:28,1
DA:29,1
DA:30,3
DA:31,1
DA:32,1
DA:34,0
DA:35,0
DA:36,0
DA:38,0
DA:40,0
DA:46,1
DA:49,1
DA:50,0
DA:52,3
DA:53,1
DA:54,1
DA:55,1
DA:56,1
DA:58,2
DA:70,1
DA:72,1
DA:74,1
DA:75,0
DA:77,1
DA:79,1
LF:30
LH:23
end_of_record
SF:lib/view/clip_list_page/clip_settings_dialog.g.dart
DA:20,22
DA:21,0
DA:31,0
DA:32,0
DA:34,0
DA:38,0
DA:40,0
DA:42,0
DA:46,0
DA:47,0
DA:49,0
DA:54,0
DA:62,22
DA:63,0
DA:73,0
DA:74,0
DA:76,0
DA:79,0
DA:81,0
DA:83,0
DA:87,0
DA:88,0
DA:90,0
DA:95,0
DA:102,22
DA:103,0
DA:113,0
DA:114,0
DA:116,0
DA:118,0
DA:121,0
DA:122,0
DA:124,0
DA:129,0
DA:134,0
DA:137,0
DA:138,0
DA:140,0
DA:147,0
LF:39
LH:3
end_of_record
SF:lib/view/clip_list_page/clip_settings_dialog.dart
DA:10,0
DA:11,0
DA:13,0
DA:15,0
DA:20,0
DA:22,0
DA:25,0
DA:27,0
DA:31,0
DA:33,0
DA:34,0
DA:39,0
DA:41,0
DA:48,0
DA:57,0
DA:59,0
DA:60,0
DA:62,0
DA:63,0
DA:64,0
DA:73,22
DA:75,0
DA:77,0
DA:78,0
DA:79,0
DA:81,0
DA:83,0
DA:85,0
DA:86,0
DA:87,0
DA:89,0
DA:90,0
DA:93,0
DA:94,0
DA:95,0
DA:100,0
DA:101,0
DA:104,0
DA:105,0
DA:108,0
DA:109,0
DA:113,0
DA:114,0
DA:116,0
DA:117,0
DA:118,0
DA:120,0
DA:121,0
DA:123,0
DA:124,0
DA:125,0
DA:126,0
DA:127,0
DA:128,0
DA:129,0
DA:130,0
DA:132,0
LF:57
LH:1
end_of_record
SF:lib/view/clip_modal_sheet/clip_modal_sheet.g.dart
DA:14,0
DA:17,0
DA:29,0
DA:30,0
DA:32,0
DA:34,0
DA:36,0
DA:39,0
DA:41,0
DA:43,0
DA:45,0
DA:48,0
DA:50,0
DA:54,0
DA:66,22
DA:67,0
DA:78,0
DA:79,0
DA:81,0
DA:87,0
DA:90,0
DA:93,0
DA:94,0
DA:96,0
DA:103,0
DA:113,0
DA:116,0
DA:131,0
DA:132,0
DA:134,0
DA:136,0
DA:138,0
DA:141,0
DA:143,0
DA:145,0
DA:147,0
DA:148,0
DA:151,0
DA:153,0
DA:157,0
DA:169,22
DA:170,0
DA:187,0
DA:188,0
DA:190,0
DA:197,0
DA:200,0
DA:203,0
DA:205,0
DA:207,0
DA:214,0
LF:51
LH:2
end_of_record
SF:lib/view/clip_modal_sheet/clip_modal_sheet.dart
DA:22,0
DA:24,0
DA:25,0
DA:26,0
DA:27,0
DA:28,0
DA:31,0
DA:32,0
DA:35,0
DA:36,0
DA:37,0
DA:47,0
DA:50,0
DA:51,0
DA:52,0
DA:54,0
DA:55,0
DA:56,0
DA:60,0
DA:61,0
DA:63,0
DA:64,0
DA:65,0
DA:66,0
DA:67,0
DA:68,0
DA:69,0
DA:71,0
DA:73,0
DA:74,0
DA:75,0
DA:76,0
DA:77,0
DA:78,0
DA:79,0
DA:82,0
DA:83,0
DA:93,0
DA:94,0
DA:95,0
DA:96,0
DA:97,0
DA:98,0
DA:99,0
DA:100,0
DA:101,0
DA:111,0
DA:117,0
DA:119,0
DA:121,0
DA:123,0
DA:124,0
DA:126,0
DA:127,0
DA:128,0
DA:131,0
DA:135,0
DA:136,0
DA:137,0
DA:138,0
DA:139,0
DA:140,0
DA:143,0
DA:144,0
DA:146,0
DA:148,0
DA:151,0
DA:152,0
DA:155,0
DA:157,0
DA:158,0
DA:163,0
DA:166,0
DA:167,0
LF:74
LH:0
end_of_record
SF:lib/view/common/account_select_dialog.dart
DA:14,0
DA:22,0
DA:24,0
DA:26,0
DA:27,0
DA:30,0
DA:31,0
DA:34,0
DA:35,0
DA:38,0
DA:39,0
DA:40,0
DA:41,0
DA:42,0
DA:43,0
DA:44,0
DA:45,0
DA:46,0
DA:47,0
DA:50,0
DA:52,0
DA:53,0
DA:56,0
DA:57,0
DA:59,0
DA:61,0
DA:62,0
DA:63,0
DA:64,0
DA:65,0
DA:67,0
DA:68,0
DA:69,0
DA:71,0
DA:72,0
LF:35
LH:0
end_of_record
SF:lib/view/common/color_picker_dialog.dart
DA:9,44
DA:11,0
DA:13,0
DA:14,0
DA:15,0
DA:16,0
DA:17,0
DA:18,0
DA:20,0
DA:21,0
DA:22,0
DA:23,0
LF:12
LH:1
end_of_record
SF:lib/view/common/misskey_notes/reaction_user_dialog.dart
DA:18,1
DA:25,1
DA:27,2
DA:29,1
DA:32,1
DA:33,1
DA:35,1
DA:41,1
DA:42,1
DA:46,1
DA:47,2
DA:48,1
DA:49,2
DA:50,3
DA:54,1
DA:55,4
DA:56,4
DA:57,1
DA:59,1
DA:60,1
DA:62,1
DA:63,1
DA:64,1
DA:65,3
DA:66,1
DA:68,1
DA:71,1
DA:72,1
DA:73,1
DA:74,1
DA:75,1
DA:76,1
DA:79,1
DA:82,1
DA:84,3
LF:35
LH:35
end_of_record
SF:lib/view/common/misskey_notes/renote_modal_sheet.g.dart
DA:14,0
DA:17,0
DA:25,0
DA:26,0
DA:28,0
DA:30,0
DA:32,0
DA:35,0
DA:37,0
DA:40,0
DA:41,0
DA:43,0
DA:47,0
DA:49,0
DA:52,0
DA:54,0
DA:58,0
DA:69,22
DA:70,0
DA:78,0
DA:79,0
DA:81,0
DA:87,0
DA:88,0
DA:91,0
DA:94,0
DA:95,0
DA:97,0
DA:104,0
DA:117,0
DA:120,0
DA:128,0
DA:129,0
DA:131,0
DA:133,0
DA:135,0
DA:138,0
DA:140,0
DA:143,0
DA:144,0
DA:146,0
DA:152,0
DA:154,0
DA:157,0
DA:159,0
DA:163,0
DA:175,22
DA:176,0
DA:184,0
DA:185,0
DA:187,0
DA:194,0
DA:197,0
DA:200,0
DA:202,0
DA:208,0
DA:218,0
DA:231,0
DA:234,0
DA:244,0
DA:245,0
DA:247,0
DA:249,0
DA:251,0
DA:254,0
DA:256,0
DA:259,0
DA:260,0
DA:262,0
DA:266,0
DA:268,0
DA:269,0
DA:272,0
DA:274,0
DA:278,0
DA:290,22
DA:291,0
DA:301,0
DA:302,0
DA:307,0
DA:314,0
DA:315,0
DA:318,0
DA:321,0
DA:323,0
DA:326,0
DA:336,0
LF:87
LH:3
end_of_record
SF:lib/view/common/misskey_notes/renote_modal_sheet.dart
DA:25,0
DA:29,0
DA:30,0
DA:31,0
DA:32,0
DA:33,0
DA:34,0
DA:35,0
DA:36,0
DA:37,0
DA:38,0
DA:40,0
DA:48,0
DA:49,0
DA:50,0
DA:51,0
DA:52,0
DA:53,0
DA:54,0
DA:55,0
DA:56,0
DA:57,0
DA:58,0
DA:67,0
DA:68,0
DA:69,0
DA:70,0
DA:71,0
DA:72,0
DA:73,0
DA:74,0
DA:75,0
DA:76,0
DA:88,0
DA:92,0
DA:93,0
DA:94,0
DA:95,0
DA:96,0
DA:97,0
DA:98,0
DA:99,0
DA:100,0
DA:107,0
DA:110,0
DA:111,0
DA:112,0
DA:113,0
DA:114,0
DA:115,0
DA:117,0
DA:118,0
DA:123,0
DA:124,0
DA:126,0
DA:127,0
DA:130,0
DA:132,0
DA:133,0
DA:134,0
DA:135,0
DA:136,0
DA:137,0
DA:139,0
DA:142,0
DA:143,0
DA:153,0
DA:159,0
DA:161,0
DA:163,0
DA:165,0
DA:166,0
DA:169,0
DA:170,0
DA:171,0
DA:172,0
DA:173,0
DA:174,0
DA:179,0
DA:180,0
DA:181,0
DA:182,0
DA:183,0
DA:184,0
DA:185,0
DA:186,0
DA:190,0
DA:194,0
DA:195,0
DA:196,0
DA:197,0
DA:201,0
DA:202,0
DA:203,0
DA:206,0
DA:207,0
DA:210,0
DA:211,0
DA:212,0
DA:214,0
DA:215,0
DA:216,0
DA:217,0
DA:218,0
DA:220,0
DA:224,0
DA:225,0
DA:226,0
DA:227,0
DA:228,0
DA:229,0
DA:232,0
DA:233,0
DA:234,0
DA:235,0
DA:236,0
DA:237,0
DA:238,0
DA:240,0
DA:241,0
DA:242,0
DA:244,0
DA:245,0
DA:246,0
DA:247,0
DA:249,0
DA:253,0
DA:254,0
DA:255,0
DA:256,0
DA:257,0
DA:274,0
DA:276,0
DA:279,0
DA:280,0
DA:282,0
DA:283,0
DA:301,0
DA:303,0
DA:304,0
DA:309,0
DA:310,0
DA:311,0
DA:312,0
DA:314,0
DA:316,0
DA:318,0
DA:319,0
DA:320,0
DA:321,0
DA:323,0
DA:324,0
DA:325,0
DA:327,0
DA:329,0
DA:332,0
DA:333,0
DA:334,0
DA:337,0
DA:338,0
DA:339,0
DA:346,0
DA:347,0
DA:348,0
DA:349,0
DA:350,0
DA:354,0
DA:356,0
DA:357,0
DA:358,0
DA:359,0
DA:362,0
DA:381,0
DA:382,0
DA:383,0
DA:384,0
DA:387,0
DA:388,0
DA:389,0
DA:390,0
DA:392,0
DA:394,0
DA:395,0
DA:396,0
DA:397,0
DA:398,0
DA:399,0
DA:420,0
DA:421,0
DA:422,0
DA:423,0
LF:191
LH:0
end_of_record
SF:lib/view/common/misskey_notes/renote_user_dialog.dart
DA:17,1
DA:19,2
DA:21,1
DA:27,1
DA:29,1
DA:30,3
DA:31,1
DA:32,4
DA:33,4
DA:34,1
DA:36,1
DA:37,1
DA:39,1
DA:40,1
DA:41,3
DA:43,1
DA:44,4
DA:45,1
DA:47,1
DA:49,1
DA:50,1
DA:51,1
DA:52,3
DA:55,1
DA:56,4
DA:57,1
DA:59,1
DA:60,2
LF:28
LH:28
end_of_record
SF:lib/view/explore_page/explore_page.dart
DA:19,3
DA:21,3
DA:23,6
DA:25,3
DA:27,3
DA:29,3
DA:30,3
DA:31,9
DA:32,3
DA:34,3
DA:35,9
DA:36,9
DA:37,9
DA:38,9
DA:39,9
DA:40,9
DA:41,9
LF:17
LH:17
end_of_record
SF:lib/view/explore_page/explore_role_users_page.dart
DA:17,0
DA:23,0
DA:25,0
DA:27,0
DA:29,0
DA:31,0
DA:32,0
DA:33,0
DA:34,0
DA:35,0
DA:36,0
DA:37,0
DA:41,0
DA:42,0
DA:43,0
DA:44,0
DA:46,0
DA:47,0
DA:48,0
DA:49,0
DA:51,0
DA:53,0
DA:54,0
DA:55,0
DA:56,0
DA:58,0
DA:60,0
DA:61,0
DA:63,0
DA:64,0
DA:66,0
DA:67,0
DA:68,0
DA:69,0
DA:70,0
DA:72,0
DA:74,0
DA:75,0
DA:76,0
DA:77,0
DA:79,0
DA:80,0
DA:82,0
LF:43
LH:0
end_of_record
SF:lib/view/favorited_note_page/favorited_note_page.dart
DA:15,0
DA:17,0
DA:19,0
DA:21,0
DA:23,0
DA:24,0
DA:25,0
DA:27,0
DA:28,0
DA:30,0
DA:31,0
DA:32,0
DA:34,0
DA:35,0
DA:36,0
DA:38,0
DA:40,0
DA:41,0
DA:42,0
DA:44,0
DA:45,0
DA:46,0
DA:48,0
LF:23
LH:0
end_of_record
SF:lib/view/federation_page/federation_page.dart
DA:23,0
DA:29,0
DA:31,0
DA:33,0
DA:35,0
DA:38,0
DA:39,0
DA:42,0
DA:43,0
DA:44,0
DA:46,0
DA:47,0
DA:48,0
DA:49,0
DA:50,0
DA:52,0
DA:54,0
DA:57,0
DA:59,0
DA:61,0
DA:62,0
DA:63,0
DA:64,0
DA:65,0
DA:66,0
DA:68,0
DA:69,0
DA:70,0
DA:71,0
DA:73,0
DA:74,0
DA:75,0
DA:76,0
DA:77,0
DA:79,0
DA:81,0
DA:82,0
DA:87,0
DA:88,0
DA:89,0
DA:90,0
DA:91,0
DA:93,0
DA:94,0
DA:95,0
DA:96,0
DA:98,0
DA:101,0
DA:102,0
DA:103,0
DA:104,0
DA:106,0
DA:107,0
DA:108,0
DA:112,0
DA:113,0
DA:114,0
DA:115,0
DA:117,0
DA:120,0
DA:121,0
DA:122,0
DA:123,0
DA:125,0
LF:64
LH:0
end_of_record
SF:lib/view/games_page/misskey_games_page.dart
DA:17,0
DA:19,0
DA:21,0
DA:23,0
DA:25,0
DA:26,0
DA:27,0
DA:28,0
DA:29,0
DA:30,0
DA:31,0
DA:32,0
DA:36,0
DA:37,0
DA:38,0
DA:39,0
DA:43,0
DA:44,0
DA:46,0
DA:47,0
DA:57,0
DA:59,0
DA:63,22
DA:65,0
DA:67,0
DA:70,0
DA:71,0
DA:72,0
DA:73,0
DA:74,0
DA:76,0
DA:77,0
DA:78,0
DA:81,0
LF:34
LH:1
end_of_record
SF:lib/view/games_page/misskey_games_page.g.dart
DA:20,22
DA:21,0
DA:38,0
DA:39,0
DA:41,0
DA:44,0
DA:46,0
DA:48,0
DA:52,0
LF:9
LH:1
end_of_record
SF:lib/view/hashtag_page/hashtag_page.dart
DA:16,0
DA:22,0
DA:24,0
DA:26,0
DA:28,0
DA:29,0
DA:30,0
DA:32,0
DA:33,0
DA:35,0
DA:36,0
DA:37,0
DA:38,0
DA:39,0
DA:41,0
DA:43,0
DA:44,0
DA:45,0
DA:46,0
DA:48,0
DA:49,0
DA:51,0
DA:54,0
DA:55,0
DA:56,0
DA:57,0
DA:58,0
DA:59,0
LF:28
LH:0
end_of_record
SF:lib/view/login_page/login_page.dart
DA:9,22
DA:11,0
DA:13,0
DA:15,0
DA:16,0
DA:17,0
DA:18,0
DA:20,0
DA:21,0
DA:22,0
LF:10
LH:1
end_of_record
SF:lib/view/login_page/misskey_server_list_dialog.dart
DA:8,66
DA:10,0
DA:12,0
DA:13,0
DA:14,0
DA:16,0
DA:18,0
LF:7
LH:1
end_of_record
SF:lib/view/misskey_page_page/misskey_page_page.dart
DA:31,0
DA:36,0
DA:38,0
DA:40,0
DA:42,0
DA:43,0
DA:44,0
DA:46,0
DA:48,0
DA:50,0
DA:51,0
DA:55,0
DA:56,0
DA:57,0
DA:58,0
DA:60,0
DA:61,0
DA:62,0
DA:65,0
DA:66,0
DA:67,0
DA:70,0
DA:71,0
DA:72,0
DA:73,0
DA:74,0
DA:75,0
DA:76,0
DA:77,0
DA:78,0
DA:79,0
DA:80,0
DA:81,0
DA:84,0
DA:85,0
DA:86,0
DA:88,0
DA:89,0
DA:90,0
DA:92,0
DA:96,0
DA:97,0
DA:98,0
DA:103,0
DA:105,0
DA:109,0
DA:110,0
DA:111,0
DA:125,0
DA:128,0
DA:129,0
DA:130,0
DA:131,0
DA:138,0
DA:140,0
DA:142,0
DA:143,0
DA:144,0
DA:145,0
DA:146,0
DA:147,0
DA:148,0
DA:149,0
DA:150,0
DA:151,0
DA:156,0
DA:157,0
DA:159,0
DA:161,0
DA:162,0
DA:163,0
DA:164,0
DA:165,0
DA:167,0
DA:168,0
DA:170,0
DA:179,0
DA:180,0
DA:182,0
DA:188,0
DA:189,0
DA:192,0
DA:193,0
DA:195,0
DA:199,0
DA:200,0
DA:201,0
DA:202,0
DA:204,0
DA:205,0
DA:211,0
DA:213,0
DA:214,0
DA:215,0
DA:216,0
DA:218,0
DA:233,0
DA:240,0
DA:242,0
DA:243,0
DA:244,0
DA:246,0
DA:247,0
DA:249,0
DA:250,0
DA:254,0
DA:257,0
DA:258,0
DA:260,0
DA:262,0
DA:264,0
DA:267,0
DA:270,0
DA:271,0
DA:273,0
DA:275,0
DA:277,0
LF:117
LH:0
end_of_record
SF:lib/view/misskey_page_page/misskey_page_page.g.dart
DA:15,0
DA:18,0
DA:31,0
DA:32,0
DA:34,0
DA:36,0
DA:38,0
DA:41,0
DA:44,0
DA:46,0
DA:48,0
DA:49,0
DA:52,0
DA:54,0
DA:57,0
DA:59,0
DA:63,0
DA:67,22
DA:68,0
DA:83,0
DA:84,0
DA:86,0
LF:22
LH:1
end_of_record
SF:lib/view/note_create_page/drive_file_select_dialog.dart
DA:20,0
DA:26,0
DA:28,0
DA:30,0
DA:32,0
DA:33,0
DA:35,0
DA:36,0
DA:37,0
DA:38,0
DA:40,0
DA:43,0
DA:44,0
DA:45,0
DA:46,0
DA:47,0
DA:48,0
DA:49,0
DA:50,0
DA:51,0
DA:54,0
DA:55,0
DA:56,0
DA:58,0
DA:64,0
DA:65,0
DA:66,0
DA:67,0
DA:68,0
DA:69,0
DA:70,0
DA:75,0
DA:76,0
DA:77,0
DA:78,0
DA:79,0
DA:82,0
DA:84,0
DA:85,0
DA:86,0
DA:87,0
DA:88,0
DA:89,0
DA:92,0
DA:94,0
DA:95,0
DA:96,0
DA:98,0
DA:99,0
DA:103,0
DA:107,0
DA:108,0
DA:109,0
DA:110,0
DA:111,0
DA:114,0
DA:116,0
DA:117,0
DA:118,0
DA:119,0
DA:120,0
DA:121,0
DA:124,0
DA:126,0
DA:127,0
DA:128,0
DA:129,0
DA:131,0
DA:133,0
DA:134,0
DA:135,0
DA:137,0
DA:138,0
DA:140,0
DA:141,0
DA:142,0
DA:144,0
DA:147,0
DA:150,0
DA:152,0
DA:153,0
DA:154,0
DA:156,0
DA:157,0
DA:160,0
DA:162,0
DA:163,0
DA:166,0
DA:168,0
DA:169,0
DA:170,0
DA:172,0
DA:177,0
LF:93
LH:0
end_of_record
SF:lib/view/note_create_page/drive_modal_sheet.dart
DA:9,22
DA:11,0
DA:13,0
DA:14,0
DA:15,0
DA:16,0
DA:18,0
DA:19,0
DA:21,0
DA:22,0
DA:24,0
LF:11
LH:1
end_of_record
SF:lib/view/note_create_page/note_create_page.dart
DA:32,2
DA:33,2
DA:34,1
DA:38,3
DA:39,2
DA:56,1
DA:73,1
DA:75,2
DA:77,1
DA:79,2
DA:80,2
DA:81,2
DA:83,2
DA:84,3
DA:85,1
DA:86,1
DA:87,1
DA:88,1
DA:89,1
DA:90,1
DA:91,1
DA:92,1
DA:96,2
DA:97,4
DA:99,2
DA:100,2
DA:102,2
DA:106,5
DA:110,4
DA:111,3
DA:114,1
DA:115,3
DA:116,1
DA:118,1
DA:119,1
DA:120,1
DA:121,1
DA:122,1
DA:123,0
DA:125,2
DA:128,0
DA:129,0
DA:130,0
DA:136,3
DA:137,2
DA:138,2
DA:139,2
DA:143,1
DA:144,1
DA:145,3
DA:146,1
DA:147,1
DA:148,2
DA:154,1
DA:155,1
DA:156,1
DA:157,1
DA:158,1
DA:160,1
DA:164,1
DA:165,2
DA:166,1
DA:168,0
DA:169,1
DA:170,1
DA:171,1
DA:172,1
DA:173,1
DA:174,0
DA:175,0
DA:176,0
DA:177,0
DA:178,0
DA:184,1
DA:194,1
DA:195,1
DA:196,3
DA:197,1
DA:198,0
DA:201,2
DA:202,1
DA:203,1
DA:205,2
DA:206,1
DA:211,1
DA:212,2
DA:213,1
DA:214,0
DA:217,1
DA:218,1
DA:220,1
DA:221,1
DA:223,1
DA:224,1
DA:230,1
DA:232,2
DA:233,3
DA:234,1
DA:236,2
DA:237,2
DA:241,3
DA:247,1
DA:248,2
DA:249,1
DA:250,0
DA:251,0
DA:252,1
DA:253,2
DA:254,1
DA:255,0
DA:256,0
LF:111
LH:95
end_of_record
SF:lib/view/note_detail_page/note_detail_page.dart
DA:16,0
DA:19,0
DA:20,0
DA:21,0
DA:23,0
DA:28,0
DA:31,0
DA:32,0
DA:33,0
DA:34,0
DA:36,0
DA:37,0
DA:39,0
DA:40,0
DA:49,0
DA:55,0
DA:57,0
DA:59,0
DA:61,0
DA:62,0
DA:64,0
DA:65,0
DA:66,0
DA:69,0
DA:72,0
DA:76,0
DA:77,0
DA:79,0
DA:81,0
DA:85,0
DA:89,0
DA:92,0
DA:93,0
DA:94,0
DA:95,0
DA:102,0
DA:110,0
DA:112,0
DA:113,0
DA:114,0
DA:120,0
DA:122,0
DA:126,0
DA:128,0
DA:129,0
DA:130,0
DA:131,0
DA:132,0
DA:134,0
DA:136,0
DA:137,0
DA:138,0
DA:139,0
DA:140,0
DA:141,0
DA:144,0
DA:145,0
DA:147,0
DA:148,0
LF:59
LH:0
end_of_record
SF:lib/view/note_detail_page/note_detail_page.g.dart
DA:15,0
DA:18,0
DA:31,0
DA:32,0
DA:34,0
DA:36,0
DA:38,0
DA:41,0
DA:44,0
DA:46,0
DA:48,0
DA:49,0
DA:52,0
DA:54,0
DA:57,0
DA:59,0
DA:63,0
DA:67,22
DA:68,0
DA:83,0
DA:84,0
DA:86,0
DA:101,0
DA:104,0
DA:117,0
DA:118,0
DA:120,0
DA:122,0
DA:124,0
DA:127,0
DA:130,0
DA:132,0
DA:134,0
DA:135,0
DA:138,0
DA:140,0
DA:143,0
DA:145,0
DA:149,0
DA:153,22
DA:154,0
DA:169,0
DA:170,0
DA:172,0
LF:44
LH:2
end_of_record
SF:lib/view/note_modal_sheet/note_modal_sheet.dart
DA:43,1
DA:45,1
DA:46,2
DA:47,2
DA:48,2
DA:49,2
DA:62,1
DA:64,3
DA:65,2
DA:66,2
DA:67,1
DA:69,0
DA:73,1
DA:74,4
DA:75,1
DA:76,2
DA:77,1
DA:78,2
DA:79,1
DA:80,1
DA:81,4
DA:86,0
DA:87,0
DA:88,0
DA:89,0
DA:90,0
DA:91,0
DA:92,0
DA:93,0
DA:94,0
DA:95,0
DA:100,1
DA:101,4
DA:103,4
DA:104,4
DA:105,4
DA:106,1
DA:108,1
DA:109,1
DA:110,1
DA:111,1
DA:112,4
DA:114,1
DA:115,1
DA:116,1
DA:117,1
DA:118,4
DA:125,0
DA:130,0
DA:131,0
DA:132,0
DA:133,0
DA:136,0
DA:137,0
DA:138,0
DA:139,0
DA:140,0
DA:141,0
DA:145,0
DA:146,0
DA:147,0
DA:148,0
DA:149,0
DA:153,1
DA:154,2
DA:155,4
DA:156,4
DA:157,4
DA:158,1
DA:159,1
DA:160,1
DA:161,1
DA:162,4
DA:163,5
DA:169,1
DA:170,1
DA:171,2
DA:172,1
DA:173,3
DA:174,2
DA:175,2
DA:176,2
DA:179,1
DA:180,4
DA:181,4
DA:182,4
DA:183,1
DA:184,1
DA:185,1
DA:186,1
DA:187,4
DA:188,5
DA:194,0
DA:195,0
DA:196,0
DA:197,0
DA:198,0
DA:199,0
DA:200,0
DA:201,0
DA:204,0
DA:205,0
DA:206,0
DA:207,0
DA:208,0
DA:209,0
DA:210,0
DA:211,0
DA:212,0
DA:213,0
DA:214,0
DA:228,1
DA:236,1
DA:238,2
DA:240,1
DA:242,1
DA:243,1
DA:244,1
DA:246,2
DA:248,4
DA:253,0
DA:254,0
DA:255,0
DA:256,0
DA:261,0
DA:262,0
DA:265,1
DA:266,3
DA:269,2
DA:270,2
DA:280,1
DA:281,1
DA:282,1
DA:284,3
DA:285,0
DA:286,0
DA:289,1
DA:291,3
DA:292,0
DA:293,0
DA:294,0
DA:295,0
DA:296,0
DA:297,0
DA:298,0
DA:303,1
DA:304,0
DA:305,0
DA:306,0
DA:308,0
DA:309,0
DA:310,0
DA:315,2
DA:318,1
DA:320,3
DA:321,0
DA:322,0
DA:323,0
DA:325,0
DA:328,0
DA:329,0
DA:330,0
DA:331,0
DA:332,0
DA:338,1
DA:340,3
DA:342,0
DA:343,0
DA:345,1
DA:347,3
DA:348,0
DA:349,0
DA:350,0
DA:354,0
DA:355,0
DA:358,3
DA:359,0
DA:361,0
DA:362,0
DA:363,0
DA:365,0
DA:366,0
DA:367,0
DA:371,2
DA:373,0
DA:374,0
DA:376,1
DA:378,3
DA:379,0
DA:380,0
DA:381,0
DA:383,2
DA:384,1
DA:386,3
DA:387,0
DA:388,0
DA:389,0
DA:390,0
DA:391,0
DA:394,0
DA:397,0
DA:398,0
DA:401,0
DA:407,2
DA:408,1
DA:410,1
DA:413,1
DA:414,3
DA:416,1
DA:417,3
DA:418,1
DA:419,2
DA:421,1
DA:422,1
DA:423,2
DA:424,2
DA:428,2
DA:429,1
DA:431,3
DA:432,0
DA:433,0
DA:434,0
DA:435,0
DA:436,0
DA:437,0
DA:442,1
DA:444,3
DA:445,0
DA:446,0
DA:447,0
DA:448,0
DA:452,2
DA:453,3
DA:454,7
DA:455,2
DA:456,2
DA:457,2
DA:458,2
DA:459,4
DA:460,5
DA:461,0
DA:463,0
DA:464,0
DA:465,0
DA:466,0
DA:467,0
DA:468,0
DA:469,0
DA:475,1
DA:477,3
DA:478,1
DA:479,3
DA:480,1
DA:481,2
DA:484,1
DA:486,3
DA:487,0
DA:489,0
DA:490,0
DA:491,0
DA:492,0
DA:493,0
DA:494,0
DA:495,0
DA:497,0
DA:503,2
DA:504,3
DA:505,7
DA:506,2
DA:507,2
DA:508,2
DA:509,3
DA:510,3
DA:511,1
DA:513,3
DA:514,1
DA:515,3
DA:516,1
DA:517,2
DA:521,5
DA:522,3
DA:523,7
DA:524,1
DA:526,3
DA:527,1
DA:529,1
DA:530,1
DA:531,2
DA:532,2
DA:534,6
LF:290
LH:159
end_of_record
SF:lib/view/note_modal_sheet/note_modal_sheet.g.dart
DA:14,1
DA:17,1
DA:31,1
DA:32,1
DA:34,0
DA:36,0
DA:38,0
DA:41,1
DA:43,1
DA:46,0
DA:47,0
DA:49,0
DA:53,1
DA:55,1
DA:56,3
DA:59,1
DA:61,2
DA:65,1
DA:77,22
DA:78,0
DA:96,1
DA:97,1
DA:99,0
DA:104,3
DA:105,2
DA:108,1
DA:111,2
DA:112,1
DA:114,1
DA:121,1
LF:30
LH:22
end_of_record
SF:lib/view/notes_after_renote_page/notes_after_renote_page.dart
DA:17,0
DA:23,0
DA:25,0
DA:27,0
DA:29,0
DA:35,0
DA:37,0
DA:39,0
DA:40,0
DA:41,0
DA:43,0
DA:45,0
DA:46,0
DA:49,0
DA:50,0
DA:51,0
DA:55,0
DA:56,0
DA:58,0
DA:60,0
DA:61,0
DA:62,0
DA:66,0
DA:67,0
DA:76,0
DA:80,0
DA:81,0
DA:83,0
DA:84,0
DA:86,0
DA:87,0
DA:88,0
DA:89,0
DA:91,0
DA:92,0
DA:93,0
DA:94,0
DA:96,0
DA:102,0
DA:103,0
DA:104,0
DA:106,0
DA:110,0
DA:111,0
DA:112,0
DA:113,0
DA:114,0
LF:47
LH:0
end_of_record
SF:lib/view/notification_page/notification_page.g.dart
DA:22,22
DA:23,0
DA:40,0
DA:41,0
DA:43,0
DA:47,0
DA:49,0
DA:51,0
DA:55,0
LF:9
LH:1
end_of_record
SF:lib/view/notification_page/notification_page.dart
DA:29,0
DA:31,0
DA:33,0
DA:34,0
DA:36,0
DA:37,0
DA:39,0
DA:40,0
DA:41,0
DA:42,0
DA:43,0
DA:44,0
DA:45,0
DA:46,0
DA:50,0
DA:52,0
DA:53,0
DA:54,0
DA:55,0
DA:56,0
DA:57,0
DA:61,0
DA:62,0
DA:65,0
DA:66,0
DA:67,0
DA:69,0
DA:70,0
DA:71,0
DA:72,0
DA:75,0
DA:76,0
DA:77,0
DA:79,0
DA:81,0
DA:83,0
DA:87,0
DA:88,0
DA:90,0
DA:91,0
DA:92,0
DA:93,0
DA:94,0
DA:96,0
DA:98,0
DA:99,0
DA:100,0
DA:101,0
DA:102,0
DA:104,0
DA:105,0
DA:108,0
DA:109,0
DA:111,0
DA:112,0
DA:113,0
DA:118,0
DA:119,0
DA:121,0
DA:123,0
DA:124,0
DA:125,0
DA:126,0
DA:127,0
DA:131,0
DA:132,0
DA:134,0
DA:135,0
DA:146,0
DA:147,0
DA:149,0
DA:152,0
DA:153,0
DA:154,0
DA:155,0
DA:156,0
DA:162,0
DA:164,0
DA:166,0
DA:167,0
DA:168,0
DA:171,0
DA:172,0
DA:173,0
DA:174,0
DA:176,0
DA:180,0
DA:181,0
DA:183,0
DA:184,0
DA:186,0
DA:187,0
DA:189,0
DA:190,0
DA:191,0
DA:193,0
DA:194,0
DA:196,0
DA:197,0
DA:198,0
DA:201,0
DA:202,0
DA:203,0
DA:204,0
DA:205,0
DA:210,0
DA:211,0
DA:213,0
DA:214,0
DA:215,0
DA:217,0
DA:218,0
DA:220,0
DA:223,0
DA:227,0
DA:228,0
DA:230,0
DA:231,0
DA:232,0
DA:233,0
DA:235,0
DA:238,0
DA:242,0
DA:243,0
DA:244,0
DA:248,0
DA:250,0
DA:251,0
DA:253,0
DA:254,0
DA:255,0
DA:256,0
DA:260,0
DA:263,0
DA:264,0
DA:265,0
DA:266,0
DA:268,0
DA:269,0
DA:276,0
DA:278,0
DA:279,0
DA:280,0
DA:281,0
DA:285,0
DA:287,0
DA:288,0
DA:290,0
DA:291,0
DA:292,0
DA:294,0
DA:296,0
DA:298,0
DA:300,0
DA:301,0
DA:302,0
DA:304,0
DA:305,0
DA:307,0
DA:308,0
DA:312,0
DA:317,0
DA:319,0
DA:332,0
DA:333,0
DA:335,0
DA:336,0
DA:337,0
DA:338,0
DA:342,0
DA:343,0
DA:344,0
DA:346,0
DA:353,0
DA:356,0
DA:357,0
DA:358,0
DA:359,0
DA:360,0
DA:361,0
DA:363,0
DA:365,0
DA:368,0
DA:371,0
DA:373,0
DA:374,0
DA:375,0
DA:376,0
DA:377,0
DA:378,0
DA:381,0
DA:382,0
DA:384,0
DA:387,0
DA:388,0
DA:391,0
DA:393,0
DA:397,0
DA:400,0
DA:401,0
DA:404,0
DA:406,0
DA:413,0
DA:416,0
DA:418,0
DA:419,0
DA:420,0
DA:425,0
DA:426,0
DA:433,0
DA:434,0
DA:435,0
DA:436,0
DA:440,0
DA:441,0
DA:443,0
DA:444,0
DA:445,0
DA:447,0
DA:448,0
DA:449,0
DA:450,0
DA:452,0
DA:456,0
DA:457,0
DA:463,0
DA:464,0
DA:465,0
DA:467,0
DA:469,0
DA:471,0
DA:473,0
DA:474,0
DA:475,0
DA:478,0
DA:482,0
DA:483,0
DA:490,0
DA:491,0
DA:492,0
DA:493,0
DA:495,0
DA:496,0
DA:505,0
DA:510,0
DA:511,0
DA:514,0
DA:515,0
DA:518,0
DA:519,0
DA:523,0
DA:524,0
LF:252
LH:0
end_of_record
SF:lib/view/photo_edit_page/license_confirm_dialog.g.dart
DA:20,0
DA:23,0
DA:35,0
DA:36,0
DA:38,0
DA:40,0
DA:42,0
DA:45,0
DA:49,0
DA:51,0
DA:53,0
DA:54,0
DA:57,0
DA:59,0
DA:62,0
DA:64,0
DA:68,0
DA:72,22
DA:73,0
DA:84,0
DA:85,0
DA:87,0
LF:22
LH:1
end_of_record
SF:lib/view/photo_edit_page/license_confirm_dialog.dart
DA:15,0
DA:18,0
DA:19,0
DA:27,0
DA:33,0
DA:35,0
DA:37,0
DA:39,0
DA:41,0
DA:44,0
DA:45,0
DA:47,0
DA:48,0
DA:49,0
DA:50,0
DA:51,0
DA:52,0
DA:53,0
DA:55,0
DA:61,0
DA:62,0
DA:63,0
DA:64,0
DA:66,0
DA:67,0
DA:68,0
LF:26
LH:0
end_of_record
SF:lib/view/photo_edit_page/photo_edit_page.dart
DA:22,0
DA:29,0
DA:30,0
DA:32,0
DA:34,0
DA:38,0
DA:39,0
DA:43,0
DA:45,0
DA:46,0
DA:49,0
DA:51,0
DA:53,0
DA:54,0
DA:55,0
DA:56,0
DA:57,0
DA:60,0
DA:61,0
DA:62,0
DA:63,0
DA:64,0
DA:65,0
DA:67,0
DA:68,0
DA:69,0
DA:72,0
DA:74,0
DA:75,0
DA:76,0
DA:77,0
DA:78,0
DA:85,0
DA:89,0
DA:90,0
DA:91,0
DA:92,0
DA:93,0
DA:94,0
DA:95,0
DA:98,0
DA:99,0
DA:100,0
DA:101,0
DA:103,0
LF:45
LH:0
end_of_record
SF:lib/view/reaction_picker_dialog/reaction_picker_dialog.dart
DA:13,1
DA:19,1
DA:21,2
DA:23,1
DA:25,1
DA:27,1
DA:28,4
DA:29,4
DA:30,1
DA:31,1
DA:32,2
LF:11
LH:11
end_of_record
SF:lib/view/search_page/search_page.dart
DA:15,0
DA:16,0
DA:17,0
DA:18,0
DA:21,0
DA:28,1
DA:34,1
DA:36,2
DA:38,1
DA:40,3
DA:41,1
DA:42,1
DA:43,2
DA:44,3
DA:45,3
DA:46,2
DA:50,1
DA:51,1
DA:52,3
DA:53,1
DA:55,1
DA:56,3
DA:57,3
DA:61,1
DA:63,1
DA:64,1
DA:65,1
DA:66,1
DA:68,1
DA:70,1
DA:71,1
DA:73,0
DA:74,0
DA:75,0
DA:76,0
LF:35
LH:26
end_of_record
SF:lib/view/server_detail_dialog.dart
DA:22,0
DA:25,0
DA:26,0
DA:27,0
DA:30,0
DA:33,0
DA:34,0
DA:35,0
DA:38,0
DA:40,0
DA:41,0
DA:43,0
DA:51,0
DA:53,0
DA:55,0
DA:57,0
DA:58,0
DA:61,0
DA:63,0
DA:64,0
DA:65,0
DA:67,0
DA:68,0
DA:70,0
DA:71,0
DA:72,0
DA:73,0
DA:75,0
DA:76,0
DA:80,0
DA:81,0
DA:82,0
DA:85,0
DA:86,0
DA:87,0
DA:88,0
DA:89,0
DA:92,0
DA:95,0
DA:96,0
DA:97,0
DA:98,0
DA:99,0
DA:101,0
DA:103,0
DA:104,0
DA:106,0
DA:107,0
DA:108,0
DA:109,0
DA:110,0
DA:111,0
DA:115,0
DA:116,0
DA:117,0
DA:118,0
DA:119,0
DA:120,0
DA:121,0
DA:122,0
DA:123,0
DA:124,0
DA:125,0
DA:133,0
DA:134,0
DA:135,0
DA:136,0
DA:137,0
DA:140,0
DA:141,0
DA:143,0
DA:144,0
DA:145,0
DA:146,0
DA:147,0
DA:148,0
DA:150,0
DA:151,0
DA:152,0
DA:157,0
DA:158,0
DA:159,0
DA:160,0
DA:161,0
DA:164,0
DA:165,0
DA:167,0
DA:168,0
DA:169,0
DA:170,0
DA:172,0
DA:173,0
DA:174,0
DA:176,0
DA:178,0
DA:180,0
DA:185,0
DA:186,0
DA:187,0
DA:188,0
DA:189,0
DA:190,0
DA:191,0
DA:193,0
DA:199,0
DA:200,0
DA:203,0
DA:204,0
DA:206,0
DA:207,0
DA:208,0
DA:209,0
DA:210,0
DA:211,0
DA:213,0
DA:215,0
DA:217,0
DA:219,0
DA:224,0
DA:225,0
DA:226,0
DA:227,0
DA:228,0
DA:229,0
DA:230,0
DA:231,0
DA:234,0
DA:241,0
DA:242,0
DA:243,0
DA:244,0
DA:245,0
DA:248,0
DA:249,0
DA:251,0
DA:252,0
DA:253,0
DA:254,0
DA:255,0
DA:256,0
DA:258,0
DA:260,0
DA:261,0
DA:262,0
DA:264,0
DA:266,0
DA:267,0
DA:268,0
DA:278,0
DA:281,0
DA:282,0
DA:283,0
DA:284,0
DA:285,0
DA:286,0
DA:287,0
DA:290,0
DA:291,0
DA:292,0
DA:293,0
DA:294,0
DA:295,0
DA:299,0
DA:300,0
DA:301,0
DA:302,0
DA:307,0
DA:308,0
DA:309,0
DA:310,0
DA:313,0
DA:314,0
DA:315,0
DA:316,0
DA:317,0
DA:318,0
DA:322,0
DA:323,0
DA:324,0
DA:325,0
DA:331,0
DA:332,0
DA:333,0
DA:334,0
DA:335,0
DA:336,0
DA:337,0
DA:340,0
DA:341,0
DA:342,0
DA:343,0
DA:344,0
DA:345,0
DA:349,0
DA:350,0
DA:351,0
DA:352,0
DA:357,0
DA:358,0
DA:359,0
DA:360,0
DA:363,0
DA:364,0
DA:365,0
DA:366,0
DA:367,0
DA:368,0
DA:372,0
DA:373,0
DA:374,0
DA:375,0
DA:392,0
DA:394,0
DA:396,0
DA:398,0
DA:399,0
DA:405,0
DA:411,0
DA:412,0
DA:413,0
DA:415,0
DA:417,0
DA:419,0
DA:421,0
LF:224
LH:0
end_of_record
SF:lib/view/server_detail_dialog.g.dart
DA:15,22
DA:16,0
DA:33,0
DA:34,0
DA:36,0
DA:39,0
DA:41,0
DA:43,0
DA:47,0
DA:55,22
DA:56,0
DA:73,0
DA:74,0
DA:76,0
DA:79,0
DA:81,0
DA:83,0
DA:87,0
DA:95,22
DA:96,0
DA:113,0
DA:114,0
DA:116,0
DA:119,0
DA:121,0
DA:123,0
DA:127,0
LF:27
LH:3
end_of_record
SF:lib/view/settings_page/account_settings_page/account_list.dart
DA:15,22
DA:17,0
DA:19,0
DA:20,0
DA:21,0
DA:22,0
DA:23,0
DA:24,0
DA:25,0
DA:26,0
DA:31,0
DA:33,0
DA:34,0
DA:35,0
DA:37,0
DA:38,0
DA:39,0
DA:40,0
DA:41,0
DA:42,0
DA:44,0
DA:47,0
DA:48,0
DA:50,0
DA:54,0
DA:57,0
DA:59,0
DA:61,0
DA:62,0
DA:64,0
DA:66,0
DA:77,0
DA:81,0
DA:83,0
DA:84,0
DA:85,0
DA:86,0
DA:87,0
DA:89,0
DA:90,0
DA:91,0
DA:93,0
DA:95,0
DA:96,0
DA:98,0
DA:99,0
DA:102,0
DA:104,0
DA:105,0
DA:107,0
DA:108,0
DA:109,0
DA:110,0
DA:111,0
DA:112,0
DA:114,0
DA:116,0
DA:117,0
DA:119,0
DA:120,0
DA:121,0
DA:122,0
DA:124,0
LF:63
LH:1
end_of_record
SF:lib/view/settings_page/app_info_page/app_info_page.g.dart
DA:20,22
DA:21,0
DA:31,0
DA:32,0
DA:34,0
DA:38,0
DA:40,0
DA:42,0
DA:46,0
LF:9
LH:1
end_of_record
SF:lib/view/settings_page/app_info_page/app_info_page.dart
DA:13,0
DA:15,0
DA:19,22
DA:21,0
DA:23,0
DA:24,0
DA:25,0
DA:26,0
DA:27,0
DA:29,0
DA:30,0
DA:31,0
DA:32,0
DA:33,0
DA:37,0
DA:38,0
DA:40,0
DA:42,0
DA:43,0
DA:46,0
DA:47,0
DA:49,0
DA:50,0
DA:51,0
DA:53,0
DA:54,0
DA:56,0
DA:59,0
LF:28
LH:1
end_of_record
SF:lib/view/settings_page/general_settings_page/general_settings_page.dart
DA:16,22
DA:18,0
DA:20,0
DA:22,0
DA:23,0
DA:24,0
DA:25,0
DA:26,0
DA:27,0
DA:28,0
DA:29,0
DA:30,0
DA:31,0
DA:33,0
DA:34,0
DA:35,0
DA:36,0
DA:37,0
DA:38,0
DA:39,0
DA:40,0
DA:41,0
DA:42,0
DA:44,0
DA:45,0
DA:46,0
DA:47,0
DA:48,0
DA:49,0
DA:51,0
DA:52,0
DA:53,0
DA:54,0
DA:56,0
DA:57,0
DA:58,0
DA:59,0
DA:62,0
DA:63,0
DA:64,0
DA:65,0
DA:66,0
DA:67,0
DA:68,0
DA:69,0
DA:70,0
DA:71,0
DA:72,0
DA:73,0
DA:76,0
DA:77,0
DA:78,0
DA:79,0
DA:80,0
DA:81,0
DA:82,0
DA:84,0
DA:86,0
DA:87,0
DA:88,0
DA:89,0
DA:90,0
DA:91,0
DA:92,0
DA:93,0
DA:94,0
DA:95,0
DA:96,0
DA:97,0
DA:98,0
DA:99,0
DA:100,0
DA:101,0
DA:102,0
DA:103,0
DA:104,0
DA:105,0
DA:106,0
DA:107,0
DA:112,0
DA:114,0
DA:115,0
DA:116,0
DA:117,0
DA:119,0
DA:123,0
DA:124,0
DA:125,0
DA:127,0
DA:131,0
DA:132,0
DA:133,0
DA:134,0
DA:137,0
DA:138,0
DA:140,0
DA:141,0
DA:142,0
DA:144,0
DA:147,0
DA:148,0
DA:149,0
DA:150,0
DA:154,0
DA:155,0
DA:157,0
DA:158,0
DA:159,0
DA:161,0
DA:164,0
DA:165,0
DA:166,0
DA:169,0
DA:170,0
DA:172,0
DA:173,0
DA:174,0
DA:176,0
DA:179,0
DA:180,0
DA:181,0
DA:183,0
DA:184,0
DA:185,0
DA:186,0
DA:187,0
DA:190,0
DA:191,0
DA:192,0
DA:193,0
DA:194,0
DA:195,0
DA:198,0
DA:199,0
DA:200,0
DA:201,0
DA:202,0
DA:203,0
DA:205,0
DA:206,0
DA:207,0
DA:208,0
DA:209,0
DA:212,0
DA:213,0
DA:215,0
DA:216,0
DA:217,0
DA:219,0
DA:221,0
DA:222,0
DA:223,0
DA:228,0
DA:229,0
DA:230,0
DA:236,0
DA:237,0
DA:239,0
DA:243,0
DA:244,0
DA:245,0
DA:246,0
DA:249,0
DA:250,0
DA:251,0
DA:252,0
DA:253,0
DA:255,0
DA:256,0
DA:257,0
DA:260,0
DA:261,0
DA:262,0
DA:265,0
DA:266,0
DA:267,0
DA:268,0
DA:269,0
DA:271,0
DA:272,0
DA:273,0
DA:276,0
DA:277,0
DA:280,0
DA:281,0
DA:282,0
DA:283,0
DA:284,0
DA:286,0
DA:289,0
DA:290,0
DA:297,0
DA:298,0
DA:300,0
DA:304,0
DA:305,0
DA:306,0
DA:307,0
DA:309,0
DA:310,0
DA:311,0
DA:312,0
DA:313,0
DA:315,0
DA:316,0
DA:319,0
DA:320,0
DA:321,0
DA:322,0
DA:323,0
DA:325,0
DA:328,0
DA:330,0
DA:331,0
DA:337,0
DA:338,0
DA:340,0
DA:344,0
DA:345,0
DA:346,0
DA:347,0
DA:349,0
DA:350,0
DA:354,0
DA:355,0
DA:356,0
DA:359,0
DA:360,0
DA:362,0
DA:363,0
DA:370,0
DA:371,0
DA:372,0
DA:374,0
DA:375,0
DA:376,0
DA:377,0
DA:379,0
DA:380,0
DA:381,0
DA:382,0
DA:387,0
DA:388,0
DA:390,0
DA:392,0
DA:393,0
DA:396,0
DA:397,0
DA:398,0
DA:400,0
DA:401,0
DA:402,0
DA:403,0
DA:405,0
DA:406,0
DA:407,0
DA:408,0
DA:413,0
DA:414,0
DA:416,0
DA:418,0
DA:419,0
DA:422,0
DA:423,0
DA:424,0
DA:426,0
DA:427,0
DA:428,0
DA:429,0
DA:431,0
DA:432,0
DA:433,0
DA:434,0
DA:439,0
DA:440,0
DA:442,0
DA:444,0
DA:445,0
DA:448,0
DA:449,0
DA:450,0
DA:452,0
DA:453,0
DA:454,0
DA:455,0
DA:457,0
DA:458,0
DA:459,0
DA:460,0
DA:465,0
DA:466,0
DA:468,0
DA:470,0
DA:471,0
DA:474,0
DA:475,0
DA:476,0
DA:478,0
DA:479,0
DA:480,0
DA:481,0
DA:483,0
DA:484,0
DA:485,0
DA:486,0
DA:491,0
DA:492,0
DA:494,0
DA:496,0
DA:497,0
LF:310
LH:1
end_of_record
SF:lib/view/settings_page/import_export_page/import_export_page.dart
DA:12,22
DA:14,0
DA:16,0
DA:23,0
DA:25,0
DA:27,0
DA:28,0
DA:29,0
DA:31,0
DA:34,0
DA:35,0
DA:36,0
DA:37,0
DA:39,0
DA:40,0
DA:41,0
DA:42,0
DA:44,0
DA:45,0
DA:46,0
DA:47,0
DA:48,0
DA:50,0
DA:51,0
DA:52,0
DA:54,0
DA:57,0
DA:58,0
DA:59,0
DA:60,0
DA:65,0
DA:66,0
DA:67,0
DA:69,0
DA:71,0
DA:75,0
DA:76,0
DA:77,0
DA:78,0
DA:80,0
DA:85,0
DA:86,0
DA:87,0
DA:89,0
DA:90,0
DA:91,0
DA:92,0
DA:93,0
DA:95,0
DA:96,0
DA:97,0
DA:99,0
DA:102,0
DA:103,0
DA:104,0
DA:105,0
DA:110,0
DA:111,0
DA:112,0
DA:114,0
DA:116,0
DA:120,0
DA:121,0
DA:122,0
DA:123,0
DA:125,0
LF:66
LH:1
end_of_record
SF:lib/view/settings_page/settings_page.dart
DA:8,22
DA:10,0
DA:12,0
DA:13,0
DA:14,0
DA:15,0
DA:16,0
DA:17,0
DA:20,0
DA:22,0
DA:23,0
DA:26,0
DA:28,0
DA:29,0
DA:32,0
DA:34,0
DA:35,0
DA:38,0
DA:40,0
DA:41,0
DA:44,0
LF:21
LH:1
end_of_record
SF:lib/view/settings_page/tab_settings_page/antenna_select_dialog.g.dart
DA:20,22
DA:21,0
DA:38,0
DA:39,0
DA:41,0
DA:45,0
DA:47,0
DA:49,0
DA:53,0
LF:9
LH:1
end_of_record
SF:lib/view/settings_page/tab_settings_page/antenna_select_dialog.dart
DA:14,0
DA:16,0
DA:22,0
DA:24,0
DA:26,0
DA:28,0
DA:30,0
DA:32,0
DA:33,0
DA:34,0
DA:35,0
DA:36,0
DA:37,0
DA:39,0
DA:42,0
DA:46,0
DA:48,0
DA:49,0
DA:50,0
DA:51,0
DA:53,0
DA:56,0
DA:57,0
DA:58,0
DA:59,0
DA:60,0
LF:26
LH:0
end_of_record
SF:lib/view/settings_page/tab_settings_page/channel_select_dialog.dart
DA:15,0
DA:17,0
DA:19,0
DA:21,0
DA:23,0
DA:24,0
DA:25,0
DA:26,0
DA:27,0
DA:28,0
DA:31,0
DA:32,0
DA:33,0
DA:35,0
DA:37,0
DA:38,0
DA:40,0
DA:41,0
DA:42,0
DA:43,0
DA:44,0
DA:45,0
DA:46,0
DA:54,0
DA:55,0
DA:56,0
DA:57,0
DA:59,0
DA:60,0
DA:61,0
DA:64,0
[...]
end_of_record
SF:lib/view/note_create_page/reaction_acceptance_dialog.dart
DA:7,44
DA:9,1
DA:11,1
DA:12,1
DA:13,1
DA:14,3
DA:15,1
DA:17,1
DA:18,4
DA:25,3
DA:27,1
DA:28,3
DA:30,3
DA:32,1
DA:33,1
DA:34,2
DA:36,3
DA:38,1
DA:39,1
DA:40,2
DA:42,3
DA:44,1
DA:45,2
DA:47,1
DA:49,1
DA:50,2
LF:26
LH:26
end_of_record
SF:lib/view/notification_page/notification_page_data.dart
DA:9,0
DA:17,0
DA:28,0
DA:29,0
DA:30,0
DA:34,0
DA:36,0
DA:40,0
DA:42,0
DA:46,0
DA:48,0
DA:56,0
DA:67,0
DA:68,0
DA:69,0
DA:70,0
DA:74,0
DA:76,0
DA:81,0
DA:82,0
DA:84,0
DA:85,0
DA:89,0
DA:91,0
DA:92,0
DA:98,0
DA:109,0
DA:119,0
DA:128,0
DA:137,0
DA:145,0
DA:146,0
DA:148,0
DA:149,0
DA:150,0
DA:153,0
DA:154,0
DA:155,0
DA:157,0
DA:158,0
DA:163,0
DA:164,0
DA:165,0
DA:166,0
DA:167,0
DA:168,0
DA:169,0
DA:174,0
DA:177,0
DA:178,0
DA:179,0
DA:181,0
DA:185,0
DA:186,0
DA:187,0
DA:188,0
DA:189,0
DA:190,0
DA:191,0
DA:196,0
DA:197,0
DA:198,0
DA:199,0
DA:200,0
DA:201,0
DA:202,0
DA:203,0
DA:207,0
DA:208,0
DA:209,0
DA:210,0
DA:211,0
DA:212,0
DA:213,0
DA:214,0
DA:218,0
DA:219,0
DA:220,0
DA:221,0
DA:222,0
DA:223,0
DA:224,0
DA:225,0
DA:229,0
DA:230,0
DA:231,0
DA:232,0
DA:233,0
DA:234,0
DA:235,0
DA:239,0
DA:240,0
DA:241,0
DA:242,0
DA:243,0
DA:244,0
DA:245,0
DA:247,0
DA:250,0
DA:251,0
DA:252,0
DA:253,0
DA:254,0
DA:255,0
DA:256,0
DA:260,0
DA:261,0
DA:262,0
DA:264,0
DA:265,0
DA:266,0
DA:270,0
DA:271,0
DA:272,0
DA:273,0
DA:274,0
DA:275,0
DA:278,0
DA:279,0
DA:280,0
DA:281,0
DA:282,0
DA:283,0
DA:286,0
DA:287,0
DA:288,0
DA:289,0
DA:290,0
DA:291,0
DA:295,0
DA:296,0
DA:297,0
DA:298,0
DA:299,0
DA:300,0
DA:304,0
DA:305,0
DA:306,0
DA:307,0
DA:308,0
DA:309,0
DA:312,0
DA:313,0
DA:314,0
DA:315,0
DA:316,0
DA:317,0
DA:321,0
DA:322,0
DA:323,0
DA:325,0
DA:326,0
DA:327,0
DA:328,0
DA:329,0
DA:330,0
DA:333,0
DA:334,0
DA:335,0
DA:336,0
DA:337,0
DA:338,0
DA:341,0
DA:342,0
DA:343,0
DA:344,0
DA:345,0
DA:346,0
DA:349,0
DA:351,0
DA:352,0
DA:354,0
LF:172
LH:0
end_of_record
SF:lib/view/photo_edit_page/clip_mode.dart
DA:11,0
DA:13,0
DA:14,0
DA:21,0
DA:23,0
DA:24,0
DA:26,0
DA:27,0
DA:29,0
DA:30,0
DA:32,0
DA:33,0
DA:35,0
DA:36,0
DA:38,0
DA:39,0
DA:41,0
DA:42,0
DA:43,0
DA:47,0
DA:49,0
DA:50,0
DA:51,0
DA:52,0
DA:55,0
DA:56,0
DA:57,0
DA:58,0
DA:62,0
DA:63,0
DA:64,0
DA:67,0
DA:68,0
DA:69,0
DA:70,0
DA:71,0
DA:72,0
DA:74,0
DA:76,0
DA:78,0
DA:79,0
DA:80,0
DA:81,0
DA:82,0
DA:83,0
DA:84,0
DA:85,0
DA:86,0
DA:87,0
DA:94,0
DA:95,0
DA:96,0
DA:97,0
DA:98,0
DA:99,0
DA:100,0
DA:101,0
DA:106,0
DA:107,0
DA:108,0
DA:109,0
DA:110,0
DA:111,0
DA:112,0
DA:113,0
DA:118,0
DA:119,0
DA:120,0
DA:121,0
DA:122,0
DA:123,0
DA:124,0
DA:125,0
DA:131,0
DA:132,0
DA:133,0
DA:134,0
DA:136,0
DA:137,0
DA:138,0
DA:139,0
DA:144,0
DA:145,0
DA:146,0
DA:147,0
DA:148,0
DA:149,0
DA:151,0
DA:152,0
DA:153,0
DA:154,0
DA:157,0
DA:159,0
DA:160,0
DA:161,0
DA:162,0
DA:163,0
DA:165,0
DA:166,0
DA:167,0
DA:168,0
DA:171,0
DA:172,0
DA:174,0
DA:175,0
DA:176,0
DA:177,0
DA:179,0
DA:180,0
DA:181,0
DA:182,0
DA:185,0
DA:187,0
DA:188,0
DA:189,0
DA:191,0
DA:192,0
DA:193,0
DA:194,0
DA:196,0
DA:197,0
DA:198,0
DA:199,0
DA:205,0
DA:206,0
DA:208,0
DA:210,0
DA:211,0
DA:214,0
DA:215,0
DA:217,0
DA:218,0
DA:221,0
DA:222,0
DA:223,0
DA:224,0
DA:225,0
DA:226,0
DA:227,0
DA:228,0
DA:229,0
DA:230,0
DA:231,0
DA:232,0
DA:235,0
DA:236,0
DA:237,0
DA:238,0
DA:240,0
DA:241,0
DA:242,0
DA:243,0
LF:152
LH:0
end_of_record
SF:lib/view/photo_edit_page/edited_photo_image.dart
DA:6,22
DA:8,0
DA:10,0
DA:11,0
DA:14,0
DA:15,0
DA:17,0
DA:18,0
DA:22,0
DA:23,0
DA:24,0
DA:25,0
LF:12
LH:1
end_of_record
SF:lib/view/photo_edit_page/color_filter_image_preview.dart
DA:6,22
DA:8,0
DA:11,0
DA:12,0
DA:13,0
DA:16,0
DA:17,0
DA:18,0
DA:20,0
DA:21,0
DA:26,0
DA:27,0
DA:30,0
DA:33,0
DA:36,0
DA:37,0
DA:38,0
DA:40,0
DA:41,0
DA:42,0
DA:43,0
DA:44,0
DA:45,0
DA:46,0
DA:48,0
DA:50,0
DA:52,0
DA:53,0
DA:54,0
DA:55,0
LF:30
LH:1
end_of_record
SF:lib/view/photo_edit_page/photo_edit_bottom_bar.dart
DA:6,22
DA:8,0
DA:10,0
DA:12,0
DA:13,0
DA:15,0
DA:16,0
DA:19,0
DA:20,0
DA:23,0
DA:24,0
DA:25,0
DA:26,0
DA:28,0
DA:29,0
DA:33,0
DA:34,0
DA:37,0
DA:38,0
DA:40,0
DA:43,0
DA:44,0
DA:48,0
DA:49,0
LF:24
LH:1
end_of_record
SF:lib/view/reaction_picker_dialog/reaction_picker_content.dart
DA:18,1
DA:24,1
DA:26,1
DA:31,3
DA:32,4
DA:35,1
DA:37,1
DA:39,1
DA:40,1
DA:41,1
DA:42,2
DA:43,3
DA:44,1
DA:45,1
DA:46,1
DA:47,0
DA:51,1
DA:53,1
DA:54,1
DA:55,1
DA:56,1
DA:57,2
DA:58,2
DA:60,1
DA:63,2
DA:64,2
DA:65,3
DA:66,1
DA:67,1
DA:69,1
DA:71,1
DA:75,1
DA:76,3
DA:77,5
DA:79,1
DA:80,1
DA:81,2
DA:82,2
DA:103,1
DA:111,1
DA:112,1
DA:116,3
DA:119,1
DA:121,2
DA:122,1
DA:123,4
DA:124,1
DA:125,2
DA:126,2
DA:127,1
DA:128,1
DA:132,1
DA:133,0
DA:134,0
DA:136,1
DA:137,1
DA:142,1
DA:143,3
DA:147,1
DA:148,1
DA:150,0
DA:152,0
DA:155,5
DA:158,1
DA:159,1
DA:160,2
DA:161,3
DA:163,0
DA:164,0
DA:165,0
DA:177,1
DA:183,1
DA:184,1
DA:190,3
DA:191,4
DA:194,1
DA:196,1
DA:197,1
DA:198,1
DA:199,4
DA:202,1
DA:204,1
DA:205,1
DA:206,1
DA:209,0
DA:210,0
DA:211,0
DA:212,0
DA:213,0
DA:214,0
DA:215,0
DA:221,1
DA:223,1
DA:227,1
DA:228,1
DA:229,1
DA:231,2
DA:233,2
LF:98
LH:83
end_of_record
SF:lib/view/settings_page/tab_settings_page/icon_select_dialog.dart
DA:79,0
DA:81,0
DA:83,0
DA:84,0
DA:85,0
DA:87,0
DA:88,0
DA:89,0
DA:90,0
DA:91,0
DA:92,0
DA:94,0
DA:95,0
DA:96,0
DA:98,0
DA:99,0
DA:100,0
DA:101,0
DA:106,0
DA:107,0
DA:108,0
DA:109,0
DA:110,0
DA:111,0
DA:112,0
DA:113,0
DA:114,0
DA:116,0
DA:117,0
DA:122,0
DA:123,0
DA:124,0
DA:126,0
DA:128,0
LF:34
LH:0
end_of_record
SF:lib/view/several_account_settings_page/reaction_deck_page/add_reactions_dialog.dart
DA:11,0
DA:22,0
DA:24,0
DA:26,0
DA:27,0
DA:30,0
DA:31,0
DA:32,0
DA:34,0
DA:36,0
DA:37,0
DA:39,0
DA:40,0
DA:41,0
DA:42,0
DA:43,0
DA:45,0
DA:46,0
DA:48,0
DA:50,0
DA:52,0
DA:53,0
DA:54,0
DA:55,0
DA:57,0
DA:58,0
DA:59,0
DA:63,0
DA:64,0
DA:65,0
DA:71,0
DA:73,0
DA:78,0
DA:79,0
DA:80,0
DA:88,0
DA:89,0
DA:90,0
DA:92,0
DA:93,0
DA:95,0
DA:97,0
DA:103,0
DA:104,0
DA:105,0
DA:107,0
DA:108,0
DA:109,0
DA:110,0
DA:112,0
DA:116,0
DA:117,0
DA:118,0
LF:53
LH:0
end_of_record
SF:lib/view/time_line_page/misskey_time_line.dart
DA:21,0
DA:25,0
DA:27,0
DA:29,0
DA:30,0
DA:31,0
DA:33,0
DA:34,0
DA:35,0
DA:36,0
DA:38,0
DA:39,0
DA:40,0
DA:41,0
DA:43,0
DA:44,0
DA:45,0
DA:47,0
DA:48,0
DA:49,0
DA:50,0
DA:52,0
DA:56,0
DA:58,0
DA:59,0
DA:61,0
DA:63,0
DA:65,0
DA:67,0
DA:69,0
DA:70,0
DA:72,0
DA:73,0
DA:74,0
DA:75,0
DA:76,0
DA:77,0
DA:79,0
DA:80,0
DA:81,0
DA:83,0
DA:87,0
DA:88,0
DA:92,0
DA:93,0
DA:98,0
DA:99,0
DA:103,0
DA:104,0
DA:112,0
DA:113,0
DA:114,0
DA:116,0
DA:118,0
DA:121,0
DA:122,0
DA:124,0
DA:134,0
DA:138,0
DA:139,0
DA:152,0
DA:158,0
DA:159,0
DA:163,0
DA:165,0
DA:166,0
DA:167,0
DA:168,0
DA:169,0
DA:175,0
DA:176,0
DA:177,0
DA:178,0
DA:179,0
DA:185,0
DA:187,0
DA:188,0
DA:191,0
DA:193,0
DA:194,0
DA:197,0
DA:198,0
DA:199,0
DA:200,0
DA:203,0
LF:85
LH:0
end_of_record
SF:lib/view/time_line_page/nyanpuppu.dart
DA:5,0
DA:22,0
DA:24,0
DA:27,22
DA:29,0
DA:31,0
DA:33,0
LF:7
LH:1
end_of_record
SF:lib/view/time_line_page/timeline_emoji.dart
DA:7,22
DA:9,0
DA:11,0
DA:12,0
DA:13,0
LF:5
LH:1
end_of_record
SF:lib/view/time_line_page/timeline_note.dart
DA:6,0
DA:7,0
DA:10,0
DA:11,0
DA:15,22
DA:17,0
DA:19,0
DA:20,0
DA:22,0
DA:23,0
DA:26,0
LF:11
LH:1
end_of_record
SF:lib/view/time_line_page/timeline_tablet_ui.dart
DA:23,22
DA:25,0
DA:27,0
DA:28,0
DA:31,0
DA:33,0
DA:34,0
DA:35,0
DA:37,0
DA:38,0
DA:40,0
DA:41,0
DA:44,0
DA:45,0
DA:47,0
DA:48,0
DA:49,0
DA:50,0
DA:51,0
DA:55,0
DA:57,0
DA:59,0
DA:74,22
DA:76,0
DA:78,0
DA:79,0
DA:81,0
DA:88,0
DA:90,0
DA:92,0
DA:93,0
DA:94,0
DA:96,0
DA:98,0
DA:99,0
DA:101,0
DA:102,0
DA:105,0
DA:106,0
DA:107,0
DA:108,0
DA:121,0
DA:127,0
DA:129,0
DA:130,0
DA:131,0
DA:132,0
DA:134,0
DA:135,0
DA:139,0
DA:140,0
DA:141,0
DA:142,0
DA:143,0
DA:146,0
DA:147,0
DA:150,0
DA:151,0
DA:152,0
DA:153,0
DA:157,0
DA:159,0
DA:169,0
DA:171,0
DA:173,0
DA:174,0
DA:176,0
DA:177,0
DA:178,0
DA:179,0
DA:180,0
DA:182,0
DA:184,0
DA:185,0
DA:186,0
DA:187,0
DA:188,0
DA:189,0
DA:190,0
DA:191,0
DA:192,0
DA:195,0
DA:198,0
DA:199,0
DA:200,0
DA:201,0
DA:203,0
DA:204,0
DA:205,0
DA:207,0
DA:208,0
DA:211,0
DA:213,0
DA:215,0
DA:216,0
DA:217,0
DA:221,0
DA:222,0
DA:223,0
DA:225,0
DA:227,0
DA:229,0
DA:231,0
DA:232,0
DA:237,0
DA:238,0
DA:239,0
DA:240,0
DA:241,0
DA:242,0
DA:243,0
DA:249,0
DA:259,0
DA:261,0
DA:263,0
DA:264,0
DA:265,0
DA:266,0
DA:277,0
DA:278,0
DA:279,0
DA:280,0
DA:282,0
DA:283,0
DA:284,0
DA:285,0
DA:287,0
DA:289,0
DA:290,0
DA:294,0
DA:295,0
DA:297,0
DA:298,0
DA:299,0
DA:300,0
DA:301,0
DA:304,0
DA:305,0
DA:306,0
DA:309,0
DA:310,0
DA:312,0
DA:313,0
DA:315,0
DA:316,0
DA:318,0
DA:319,0
DA:320,0
DA:321,0
DA:325,0
DA:327,0
DA:330,0
DA:331,0
DA:332,0
DA:333,0
DA:334,0
DA:342,0
DA:344,0
DA:345,0
DA:346,0
DA:348,0
DA:350,0
DA:351,0
DA:352,0
DA:354,0
DA:355,0
DA:356,0
DA:357,0
DA:359,0
DA:363,0
DA:365,0
DA:366,0
DA:368,0
LF:173
LH:2
end_of_record
SF:lib/view/user_page/user_info_notifier.g.dart
DA:20,1
DA:23,1
DA:33,1
DA:34,1
DA:36,0
DA:38,0
DA:40,0
DA:43,1
DA:47,1
DA:49,1
DA:51,1
DA:52,1
DA:56,0
DA:57,0
DA:59,0
DA:63,1
DA:65,4
DA:68,1
DA:70,2
DA:74,1
DA:79,22
DA:80,0
DA:90,1
DA:91,1
DA:93,0
DA:108,1
DA:111,1
DA:121,1
DA:122,1
DA:124,0
DA:126,0
DA:128,0
DA:131,1
DA:135,1
DA:137,1
DA:139,1
DA:140,1
DA:144,0
DA:145,0
DA:147,0
DA:151,1
DA:153,4
DA:156,1
DA:158,2
DA:162,1
DA:166,22
DA:167,0
DA:177,1
DA:178,1
DA:180,0
DA:189,1
DA:192,1
DA:200,1
DA:201,1
DA:203,0
DA:205,0
DA:207,0
DA:210,1
DA:212,1
DA:214,1
DA:216,4
DA:219,1
DA:221,2
DA:225,1
DA:236,22
DA:237,0
DA:245,1
DA:248,1
DA:253,0
DA:258,3
DA:259,2
DA:260,2
DA:266,1
DA:269,3
DA:270,1
DA:272,1
DA:279,1
LF:77
LH:56
end_of_record
SF:lib/view/user_page/user_info_notifier.dart
DA:25,1
DA:32,1
DA:34,1
DA:35,1
DA:37,1
DA:38,1
DA:42,1
DA:44,1
DA:45,1
DA:47,1
DA:54,1
DA:55,3
DA:57,6
DA:58,6
DA:59,7
DA:61,1
DA:66,3
DA:67,1
DA:69,3
DA:71,1
DA:72,1
DA:73,1
DA:75,1
DA:77,1
DA:81,1
DA:82,2
DA:83,1
DA:84,1
DA:85,2
DA:86,1
DA:87,1
DA:88,2
DA:91,1
DA:92,3
DA:93,1
DA:95,1
DA:96,4
DA:97,2
DA:99,1
DA:102,1
DA:107,0
DA:111,1
DA:112,3
DA:113,3
DA:114,2
DA:117,1
DA:118,2
DA:119,2
DA:121,1
DA:122,1
DA:123,3
DA:126,0
DA:127,0
DA:134,0
DA:135,0
DA:136,0
DA:137,0
DA:140,0
DA:141,0
DA:142,0
DA:146,0
DA:147,0
DA:148,0
DA:149,0
DA:158,0
DA:159,0
DA:160,0
DA:161,0
DA:163,0
DA:165,0
DA:166,0
DA:167,0
DA:170,0
DA:171,0
DA:172,0
DA:176,0
DA:177,0
DA:182,0
DA:183,0
DA:184,0
DA:185,0
DA:187,0
DA:188,0
DA:189,0
DA:193,0
DA:194,0
DA:195,0
DA:202,0
DA:203,0
DA:204,0
DA:205,0
DA:207,0
DA:210,0
DA:212,0
DA:214,0
DA:215,0
DA:216,0
DA:219,0
DA:220,0
DA:221,0
DA:225,0
DA:226,0
DA:228,0
DA:233,0
DA:234,0
DA:235,0
DA:236,0
DA:237,0
DA:238,0
DA:242,0
DA:243,0
DA:245,0
DA:250,0
DA:251,0
DA:252,0
DA:253,0
DA:255,0
DA:256,0
DA:257,0
DA:261,0
DA:262,0
DA:264,0
DA:269,0
DA:270,0
DA:271,0
DA:272,0
DA:274,0
DA:275,0
DA:276,0
DA:280,0
DA:281,0
DA:283,0
DA:288,0
DA:289,0
DA:290,0
DA:291,0
DA:293,0
DA:294,0
DA:298,0
DA:299,0
DA:301,0
DA:302,0
DA:303,0
DA:307,0
DA:308,0
DA:310,0
DA:315,0
DA:316,0
DA:317,0
DA:319,0
DA:320,0
DA:321,0
DA:325,0
DA:326,0
DA:328,0
LF:155
LH:50
end_of_record
SF:lib/view/user_page/user_clips.dart
DA:11,1
DA:13,1
DA:15,1
DA:16,1
DA:18,1
DA:19,1
DA:20,3
DA:21,1
DA:23,1
DA:25,1
DA:26,1
DA:27,4
DA:28,1
DA:30,1
DA:31,1
LF:15
LH:15
end_of_record
SF:lib/view/user_page/user_detail.dart
DA:23,1
DA:25,1
DA:26,1
DA:31,3
DA:32,1
DA:34,2
DA:36,1
DA:37,1
DA:39,1
DA:41,1
DA:44,1
DA:45,1
DA:46,1
DA:47,1
DA:49,1
DA:51,1
DA:53,1
DA:54,1
DA:55,0
DA:56,0
DA:58,0
DA:61,1
DA:62,1
DA:63,1
DA:65,3
DA:68,1
DA:69,0
DA:70,0
DA:72,0
DA:75,1
DA:76,1
DA:78,1
DA:79,1
DA:81,3
DA:86,1
DA:87,1
DA:88,1
DA:89,3
DA:91,1
DA:92,1
DA:93,1
DA:94,3
DA:97,1
DA:98,1
DA:99,1
DA:100,1
DA:101,2
DA:102,2
DA:132,0
DA:133,1
DA:135,1
DA:136,0
DA:137,0
DA:138,0
DA:148,1
DA:149,1
DA:151,1
DA:152,1
DA:153,1
DA:154,1
DA:155,1
DA:156,1
DA:157,1
DA:159,1
DA:163,1
DA:164,1
DA:165,1
DA:166,3
DA:167,1
DA:169,1
DA:170,1
DA:171,3
DA:181,1
DA:182,1
DA:184,1
DA:186,1
DA:187,1
DA:188,1
DA:189,1
DA:191,2
DA:192,1
DA:194,1
DA:196,2
DA:199,1
DA:200,2
DA:201,1
DA:202,1
DA:204,1
DA:213,1
DA:214,1
DA:217,1
DA:218,3
DA:221,1
DA:222,1
DA:223,0
DA:224,0
DA:225,0
DA:227,0
DA:228,0
DA:229,0
DA:232,1
DA:233,1
DA:234,1
DA:235,1
DA:237,1
DA:241,1
DA:242,1
DA:243,1
DA:245,3
DA:248,1
DA:249,0
DA:250,0
DA:251,0
DA:252,0
DA:255,1
DA:256,2
DA:257,2
DA:264,1
DA:266,1
DA:267,1
DA:268,1
DA:271,1
DA:272,1
DA:277,1
DA:278,1
DA:279,1
DA:280,1
DA:281,1
DA:282,2
DA:286,3
DA:289,1
DA:290,1
DA:291,1
DA:292,1
DA:293,2
DA:297,1
DA:298,3
DA:302,1
DA:303,1
DA:304,1
DA:305,1
DA:306,2
DA:310,1
DA:311,3
DA:317,1
DA:318,4
DA:319,1
DA:324,1
DA:325,2
DA:326,1
DA:327,1
DA:328,1
DA:329,1
DA:330,1
DA:331,1
DA:334,1
DA:335,1
DA:336,1
DA:337,1
DA:346,1
DA:348,1
DA:349,1
DA:350,1
DA:351,1
DA:352,2
DA:353,3
DA:355,1
DA:356,2
DA:357,3
DA:361,1
DA:362,1
DA:363,2
DA:364,1
DA:365,1
DA:366,1
DA:369,1
DA:370,1
DA:371,1
DA:372,2
DA:373,3
DA:375,1
DA:376,2
DA:377,3
DA:382,1
DA:383,1
DA:384,2
DA:385,1
DA:386,1
DA:387,1
DA:390,1
DA:392,1
DA:393,1
DA:394,2
DA:395,3
DA:397,1
DA:398,2
DA:399,3
DA:413,1
DA:415,1
DA:416,1
DA:417,1
DA:418,1
DA:419,1
DA:420,1
DA:421,1
DA:422,2
DA:423,0
DA:424,1
DA:426,1
DA:428,1
DA:431,1
DA:436,2
DA:437,1
DA:439,1
DA:440,3
DA:441,0
DA:442,0
DA:454,1
DA:460,1
DA:461,1
DA:469,1
DA:471,1
DA:472,2
DA:475,1
DA:477,1
DA:478,2
DA:481,1
DA:483,1
DA:484,6
DA:485,0
DA:486,0
DA:487,0
DA:490,0
DA:494,2
DA:499,1
DA:503,1
DA:505,3
DA:506,1
DA:508,4
DA:509,1
DA:510,2
DA:511,1
DA:512,0
DA:514,0
DA:515,0
DA:516,0
DA:517,0
DA:518,0
DA:519,0
DA:520,0
DA:522,0
DA:527,1
DA:528,1
DA:529,1
DA:530,4
DA:532,1
DA:535,1
DA:537,1
DA:538,2
DA:539,0
DA:541,0
DA:542,0
DA:547,3
LF:263
LH:224
end_of_record
SF:lib/view/user_page/user_misskey_page.dart
DA:13,1
DA:15,0
DA:17,0
DA:18,0
DA:20,0
DA:21,0
DA:22,0
DA:23,0
DA:25,0
DA:27,0
DA:28,0
DA:29,0
DA:30,0
DA:32,0
DA:33,0
DA:34,0
DA:35,0
DA:36,0
DA:38,0
DA:40,0
DA:41,0
DA:42,0
DA:43,0
LF:23
LH:1
end_of_record
SF:lib/view/user_page/user_notes.dart
DA:16,1
DA:18,1
DA:20,1
DA:21,1
DA:22,1
DA:23,1
DA:24,1
DA:26,1
DA:27,1
DA:28,1
DA:30,1
DA:31,1
DA:32,1
DA:33,1
DA:34,1
DA:36,1
DA:37,1
DA:38,1
DA:39,1
DA:40,1
DA:41,1
DA:43,1
DA:45,1
DA:46,2
DA:47,1
DA:48,1
DA:50,1
DA:51,1
DA:52,2
DA:53,1
DA:54,1
DA:56,1
DA:57,1
DA:58,2
DA:59,1
DA:60,1
DA:61,1
DA:62,1
DA:63,1
DA:64,1
DA:67,1
DA:68,1
DA:70,3
DA:72,1
DA:74,3
DA:76,1
DA:78,3
DA:80,1
DA:82,3
DA:89,1
DA:90,0
DA:91,0
DA:92,0
DA:93,0
DA:94,0
DA:96,0
DA:97,0
DA:98,0
DA:100,0
DA:102,0
DA:103,0
DA:104,0
DA:105,0
DA:106,0
DA:109,0
DA:110,0
DA:111,0
DA:112,0
DA:125,1
DA:126,1
DA:127,2
DA:128,1
DA:129,1
DA:130,1
DA:131,1
DA:132,1
DA:134,1
DA:135,0
DA:137,1
DA:139,1
DA:141,1
DA:142,1
DA:143,1
DA:144,3
DA:148,1
DA:149,1
DA:150,1
DA:151,1
DA:152,2
DA:153,1
DA:155,1
DA:156,1
DA:157,1
DA:158,1
DA:160,1
DA:164,1
DA:165,2
DA:166,1
DA:168,1
DA:170,1
DA:172,0
DA:173,0
DA:174,0
DA:175,0
DA:176,0
DA:177,0
DA:182,1
DA:183,1
DA:184,1
DA:185,1
DA:186,2
DA:187,1
DA:188,1
DA:189,1
DA:190,1
DA:191,1
DA:192,1
DA:194,1
DA:198,1
DA:199,2
DA:200,1
DA:202,1
DA:203,1
LF:123
LH:98
end_of_record
SF:lib/view/user_page/user_plays.dart
DA:13,1
DA:15,0
DA:17,0
DA:18,0
DA:20,0
DA:21,0
DA:22,0
DA:23,0
DA:25,0
DA:27,0
DA:28,0
DA:29,0
DA:30,0
DA:32,0
DA:33,0
DA:34,0
DA:35,0
DA:36,0
DA:38,0
DA:40,0
DA:41,0
DA:42,0
DA:43,0
DA:45,0
DA:46,0
DA:53,0
DA:54,0
LF:27
LH:1
end_of_record
SF:lib/view/user_page/user_reactions.dart
DA:14,1
DA:16,0
DA:18,0
DA:19,0
DA:21,0
DA:22,0
DA:23,0
DA:24,0
DA:25,0
DA:27,0
DA:29,0
DA:30,0
DA:31,0
DA:32,0
DA:34,0
DA:36,0
DA:38,0
DA:46,0
DA:48,0
DA:50,0
DA:52,0
DA:53,0
DA:54,0
DA:55,0
DA:57,0
DA:61,0
DA:62,0
DA:63,0
DA:64,0
DA:70,0
DA:72,0
DA:74,0
DA:75,0
DA:76,0
DA:77,0
DA:78,0
DA:79,0
DA:80,0
DA:89,0
DA:91,0
LF:40
LH:1
end_of_record
SF:lib/view/users_list_page/users_list_timeline.dart
DA:11,0
DA:13,0
DA:15,0
DA:16,0
DA:18,0
DA:19,0
DA:20,0
DA:21,0
DA:22,0
DA:24,0
DA:26,0
DA:27,0
DA:28,0
DA:29,0
DA:31,0
DA:32,0
DA:34,0
DA:35,0
LF:18
LH:0
end_of_record
SF:lib/main.dart
DA:24,0
DA:25,0
DA:26,0
DA:27,0
DA:28,0
DA:30,0
DA:31,0
DA:32,0
DA:36,0
DA:39,0
DA:40,0
DA:43,19
DA:45,0
DA:47,0
DA:48,0
DA:51,0
DA:54,0
DA:55,0
DA:58,0
DA:59,0
DA:60,0
DA:61,0
DA:63,0
DA:64,0
DA:67,0
DA:68,0
DA:71,0
DA:79,0
DA:82,0
DA:83,0
DA:84,0
DA:88,0
DA:90,0
DA:91,0
DA:92,0
DA:93,0
DA:94,0
DA:95,0
DA:96,0
DA:97,0
DA:100,0
DA:101,0
DA:102,0
DA:103,0
DA:104,0
DA:107,0
DA:108,0
DA:109,0
DA:112,0
DA:114,0
DA:117,0
DA:123,0
DA:130,0
DA:131,0
DA:132,0
DA:133,0
DA:135,0
DA:140,0
DA:146,10
DA:148,10
DA:149,10
DA:150,10
DA:154,0
DA:155,0
DA:162,0
DA:164,0
DA:166,0
DA:167,0
DA:170,0
DA:172,0
DA:173,0
DA:176,0
DA:178,0
DA:180,0
DA:184,0
DA:185,0
DA:186,0
DA:190,0
DA:191,0
DA:192,0
DA:193,0
DA:194,0
DA:195,0
DA:196,0
DA:197,0
DA:198,0
DA:199,0
DA:200,0
DA:206,0
DA:208,0
DA:209,0
LF:91
LH:5
end_of_record
SF:lib/main.g.dart
DA:20,19
DA:21,0
DA:31,0
DA:32,0
DA:34,0
DA:38,0
DA:40,0
DA:42,0
DA:46,0
DA:47,0
DA:49,0
DA:54,0
LF:12
LH:1
end_of_record
SF:lib/view/common/dialog/dialog_scope.dart
DA:10,12
DA:12,12
DA:14,12
DA:15,36
DA:18,12
DA:19,12
DA:20,12
DA:21,12
DA:22,2
DA:28,12
DA:29,2
DA:30,0
DA:31,0
DA:32,0
DA:33,2
DA:34,2
DA:35,0
DA:36,0
DA:37,0
DA:39,6
DA:40,2
DA:41,6
DA:42,2
DA:43,2
DA:44,4
DA:45,2
DA:46,2
LF:27
LH:21
end_of_record
SF:lib/view/common/error_dialog_listener.dart
DA:13,12
DA:15,12
DA:17,24
DA:20,0
DA:21,0
DA:22,0
DA:24,0
DA:26,0
DA:27,0
DA:28,0
DA:30,0
DA:31,0
DA:32,0
DA:33,0
DA:34,0
DA:35,0
DA:36,0
DA:37,0
DA:38,0
DA:39,0
DA:41,0
DA:43,0
DA:45,0
DA:48,0
DA:49,0
DA:51,0
DA:56,12
LF:27
LH:4
end_of_record
SF:lib/view/common/sharing_intent_listener.dart
DA:15,12
DA:21,12
DA:23,12
DA:31,12
DA:33,12
DA:34,24
DA:35,0
DA:36,24
DA:37,12
DA:38,12
DA:39,0
DA:42,0
DA:43,0
DA:44,0
DA:46,0
DA:50,0
DA:51,0
DA:52,0
DA:53,0
DA:55,0
DA:59,0
DA:60,0
DA:61,0
DA:70,12
DA:72,24
DA:73,12
DA:76,12
DA:78,36
DA:79,24
LF:29
LH:15
end_of_record
SF:lib/view/themes/app_theme_scope.dart
DA:16,12
DA:18,12
DA:19,12
DA:23,12
DA:32,12
DA:34,12
DA:36,12
DA:42,24
DA:44,24
DA:45,24
DA:46,24
DA:47,12
DA:48,12
DA:49,12
DA:50,0
DA:52,12
DA:53,0
DA:55,12
DA:56,12
DA:57,12
DA:61,12
DA:62,12
DA:63,12
DA:64,0
DA:65,12
DA:66,12
DA:71,12
DA:72,12
DA:75,24
DA:76,24
DA:78,24
DA:79,0
DA:80,12
DA:82,0
DA:88,0
DA:90,0
DA:98,12
DA:102,24
DA:103,24
DA:104,0
DA:105,0
DA:106,0
DA:107,0
DA:110,12
DA:111,12
DA:112,12
DA:117,12
DA:119,12
DA:121,24
DA:122,24
DA:124,0
DA:126,24
DA:127,0
DA:128,12
DA:130,0
DA:136,0
DA:138,0
DA:144,12
DA:146,12
DA:147,0
DA:148,12
DA:149,12
DA:152,12
DA:157,12
DA:159,24
DA:160,24
DA:161,0
DA:166,0
DA:168,24
DA:170,0
DA:173,0
DA:175,0
DA:181,12
DA:183,12
DA:184,0
DA:185,0
DA:186,12
DA:187,12
DA:190,12
DA:191,24
DA:192,24
DA:205,12
DA:206,24
DA:207,0
DA:211,0
DA:213,0
DA:214,0
DA:215,0
DA:219,12
DA:225,12
DA:226,36
DA:227,36
DA:228,12
DA:229,12
DA:230,12
DA:234,12
DA:239,12
DA:240,24
DA:241,12
DA:242,0
DA:243,24
DA:247,12
DA:248,12
DA:249,12
DA:250,12
DA:251,12
DA:253,12
DA:255,12
DA:256,12
DA:257,12
DA:258,12
DA:259,12
DA:262,24
DA:263,12
DA:264,0
DA:265,12
DA:268,24
DA:269,24
DA:270,24
DA:271,12
DA:272,12
DA:273,24
DA:275,12
DA:276,24
DA:279,12
DA:280,24
DA:284,24
DA:285,12
DA:286,12
DA:287,24
DA:291,12
DA:294,12
DA:295,12
DA:301,12
DA:302,12
DA:303,24
DA:304,12
DA:305,24
DA:311,12
DA:312,12
DA:313,24
DA:314,24
DA:317,24
DA:318,24
DA:319,12
DA:320,12
DA:322,12
DA:323,12
DA:325,12
DA:326,12
DA:327,12
DA:328,0
DA:329,12
DA:332,12
DA:334,12
DA:335,24
DA:336,12
DA:339,24
DA:340,24
DA:341,12
DA:342,0
DA:343,24
DA:345,12
DA:346,12
DA:349,12
DA:350,12
DA:351,0
DA:354,0
DA:355,0
DA:360,24
DA:361,12
DA:362,12
DA:364,12
DA:366,12
DA:367,0
DA:368,12
DA:369,12
DA:370,0
DA:371,12
DA:373,12
DA:374,12
DA:378,12
DA:379,12
DA:380,12
DA:381,12
DA:382,12
DA:383,12
DA:384,12
DA:387,12
DA:388,12
DA:389,12
DA:390,12
DA:397,12
DA:399,24
DA:400,24
DA:401,36
DA:404,24
DA:405,24
DA:406,36
DA:409,24
DA:410,24
DA:411,36
DA:414,24
DA:415,24
DA:416,36
DA:419,24
DA:420,24
DA:421,36
DA:424,24
DA:425,24
DA:426,36
DA:429,24
DA:430,24
DA:431,36
DA:434,24
DA:435,24
DA:436,36
DA:439,24
DA:440,24
DA:441,36
DA:444,24
DA:445,24
DA:446,36
DA:451,12
DA:453,48
DA:455,0
DA:462,12
DA:463,12
DA:464,24
DA:465,24
DA:467,12
DA:468,36
DA:471,12
DA:472,12
DA:478,12
DA:479,12
DA:488,12
DA:489,24
DA:491,12
DA:492,0
DA:493,0
DA:497,24
LF:242
LH:201
end_of_record
